Log file open, 06/24/20 11:13:49
LogInit: Display: Running engine for game: ArchitectureExplorer
LogPlatformFile: Not using cached read wrapper
LogTaskGraph: Started task graph with 5 named threads and 35 total threads with 3 sets of task threads.
LogStats: Stats thread started at 2.230558
LogD3D11RHI: Loaded GFSDK_Aftermath_Lib.x64.dll
LogICUInternationalization: ICU TimeZone Detection - Raw Offset: -9:00, Platform Override: ''
LogPluginManager: Mounting plugin Paper2D
LogPluginManager: Mounting plugin AISupport
LogPluginManager: Mounting plugin LightPropagationVolume
LogPluginManager: Mounting plugin CameraShakePreviewer
LogPluginManager: Mounting plugin ActorLayerUtilities
LogPluginManager: Mounting plugin AnimationSharing
LogPluginManager: Mounting plugin CLionSourceCodeAccess
LogPluginManager: Mounting plugin CodeLiteSourceCodeAccess
LogPluginManager: Mounting plugin GitSourceControl
LogPluginManager: Mounting plugin KDevelopSourceCodeAccess
LogPluginManager: Mounting plugin NullSourceCodeAccess
LogPluginManager: Mounting plugin PerforceSourceControl
LogPluginManager: Mounting plugin PlasticSourceControl
LogPluginManager: Mounting plugin RiderSourceCodeAccess
LogPluginManager: Mounting plugin SubversionSourceControl
LogPluginManager: Mounting plugin UObjectPlugin
LogPluginManager: Mounting plugin VisualStudioCodeSourceCodeAccess
LogPluginManager: Mounting plugin VisualStudioSourceCodeAccess
LogPluginManager: Mounting plugin XCodeSourceCodeAccess
LogPluginManager: Mounting plugin AssetManagerEditor
LogPluginManager: Mounting plugin CryptoKeys
LogPluginManager: Mounting plugin CurveEditorTools
LogPluginManager: Mounting plugin DataValidation
LogPluginManager: Mounting plugin EditorScriptingUtilities
LogPluginManager: Mounting plugin FacialAnimation
LogPluginManager: Mounting plugin GameplayTagsEditor
LogPluginManager: Mounting plugin GeometryMode
LogPluginManager: Mounting plugin MacGraphicsSwitching
LogPluginManager: Mounting plugin MaterialAnalyzer
LogPluginManager: Mounting plugin MobileLauncherProfileWizard
LogPluginManager: Mounting plugin PluginBrowser
LogPluginManager: Mounting plugin SpeedTreeImporter
LogPluginManager: Mounting plugin DatasmithContent
LogPluginManager: Mounting plugin VariantManagerContent
LogPluginManager: Mounting plugin AlembicImporter
LogPluginManager: Mounting plugin AutomationUtils
LogPluginManager: Mounting plugin BackChannel
LogPluginManager: Mounting plugin ChaosCloth
LogPluginManager: Mounting plugin ChaosClothEditor
LogPluginManager: Mounting plugin ChaosEditor
LogPluginManager: Mounting plugin ChaosNiagara
LogPluginManager: Mounting plugin ChaosSolverPlugin
LogPluginManager: Mounting plugin CharacterAI
LogPluginManager: Mounting plugin GeometryCache
LogPluginManager: Mounting plugin GeometryCollectionPlugin
LogPluginManager: Mounting plugin GeometryProcessing
LogPluginManager: Mounting plugin PlanarCut
LogPluginManager: Mounting plugin PlatformCrypto
LogPluginManager: Mounting plugin ProxyLODPlugin
LogPluginManager: Mounting plugin SkeletalReduction
LogPluginManager: Mounting plugin Niagara
LogPluginManager: Mounting plugin MagicLeap
LogPluginManager: Mounting plugin MagicLeapLightEstimation
LogPluginManager: Mounting plugin MagicLeapMedia
LogPluginManager: Mounting plugin MagicLeapPassableWorld
LogPluginManager: Mounting plugin MLSDK
LogPluginManager: Mounting plugin AndroidMedia
LogPluginManager: Mounting plugin AvfMedia
LogPluginManager: Mounting plugin ImgMedia
LogPluginManager: Mounting plugin MediaCompositing
LogPluginManager: Mounting plugin MediaPlayerEditor
LogPluginManager: Mounting plugin WebMMedia
LogPluginManager: Mounting plugin WmfMedia
LogPluginManager: Mounting plugin MeshPainting
LogPluginManager: Mounting plugin TcpMessaging
LogPluginManager: Mounting plugin UdpMessaging
LogPluginManager: Mounting plugin ActorSequence
LogPluginManager: Mounting plugin LevelSequenceEditor
LogPluginManager: Mounting plugin MatineeToLevelSequence
LogPluginManager: Mounting plugin MovieRenderPipeline
LogPluginManager: Mounting plugin TemplateSequence
LogPluginManager: Mounting plugin NetcodeUnitTest
LogPluginManager: Mounting plugin NUTUnrealEngine4
LogPluginManager: Mounting plugin OnlineSubsystemGooglePlay
LogPluginManager: Mounting plugin OnlineSubsystemIOS
LogPluginManager: Mounting plugin OnlineSubsystem
LogPluginManager: Mounting plugin OnlineSubsystemNull
LogPluginManager: Mounting plugin OnlineSubsystemUtils
LogPluginManager: Mounting plugin LauncherChunkInstaller
LogPluginManager: Mounting plugin AndroidDeviceProfileSelector
LogPluginManager: Mounting plugin AndroidMoviePlayer
LogPluginManager: Mounting plugin AndroidPermission
LogPluginManager: Mounting plugin AppleImageUtils
LogPluginManager: Mounting plugin AppleMoviePlayer
LogPluginManager: Mounting plugin ArchVisCharacter
LogPluginManager: Mounting plugin AssetTags
LogPluginManager: Mounting plugin AudioCapture
LogPluginManager: Mounting plugin CableComponent
LogPluginManager: Mounting plugin CustomMeshComponent
LogPluginManager: Mounting plugin EditableMesh
LogPluginManager: Mounting plugin ExampleDeviceProfileSelector
LogPluginManager: Mounting plugin GoogleCloudMessaging
LogPluginManager: Mounting plugin GooglePAD
LogPluginManager: Mounting plugin IOSDeviceProfileSelector
LogPluginManager: Mounting plugin LinuxDeviceProfileSelector
LogPluginManager: Mounting plugin LocationServicesBPLibrary
LogPluginManager: Mounting plugin MobilePatchingUtils
LogPluginManager: Mounting plugin OculusVR
LogPluginManager: Mounting plugin PhysXVehicles
LogPluginManager: Mounting plugin PostSplashScreen
LogPluginManager: Mounting plugin ProceduralMeshComponent
LogPluginManager: Mounting plugin RuntimePhysXCooking
LogPluginManager: Mounting plugin SignificanceManager
LogPluginManager: Mounting plugin SoundFields
LogPluginManager: Mounting plugin SteamVR
LogPluginManager: Mounting plugin Synthesis
LogPluginManager: Mounting plugin WebMMoviePlayer
LogPluginManager: Mounting plugin WindowsMoviePlayer
LogPluginManager: Mounting plugin ScreenshotTools
LogInit: Using libcurl 7.55.1-DEV
LogInit:  - built for x86_64-pc-win32
LogInit:  - supports SSL with OpenSSL/1.1.1
LogInit:  - supports HTTP deflate (compression) using libz 1.2.8
LogInit:  - other features:
LogInit:      CURL_VERSION_SSL
LogInit:      CURL_VERSION_LIBZ
LogInit:      CURL_VERSION_IPV6
LogInit:      CURL_VERSION_ASYNCHDNS
LogInit:      CURL_VERSION_LARGEFILE
LogInit:      CURL_VERSION_IDN
LogInit:  CurlRequestOptions (configurable via config and command line):
LogInit:  - bVerifyPeer = true  - Libcurl will verify peer certificate
LogInit:  - bUseHttpProxy = false  - Libcurl will NOT use HTTP proxy
LogInit:  - bDontReuseConnections = false  - Libcurl will reuse connections
LogInit:  - MaxHostConnections = 16  - Libcurl will limit the number of connections to a host
LogInit:  - LocalHostAddr = Default
LogInit:  - BufferSize = 65536
LogOnline: OSS: Creating online subsystem instance for: NULL
LogInit: WinSock: version 1.1 (2.2), MaxSocks=32767, MaxUdp=65467
LogOnline: OSS: TryLoadSubsystemAndSetDefault: Loaded subsystem for module [NULL]
LogOculusPluginWrapper: OculusPlugin initialized successfully
LogInit: Build: ++UE4+Release-4.25-CL-13594126
LogInit: Engine Version: 4.25.1-13594126+++UE4+Release-4.25
LogInit: Compatible Engine Version: 4.25.0-13144385+++UE4+Release-4.25
LogInit: Net CL: 13144385
LogInit: OS: Windows 10 (Release 1903) (), CPU: Intel(R) Core(TM) i9-8950HK CPU @ 2.90GHz, GPU: NVIDIA GeForce GTX 1080
LogInit: Compiled (64-bit): Jun  2 2020 02:10:36
LogInit: Compiled with Visual C++: 19.24.28315.00
LogInit: Build Configuration: Development
LogInit: Branch Name: ++UE4+Release-4.25
LogInit: Command Line: 
LogInit: Base Directory: C:/Program Files/Epic Games/UE_4.25/Engine/Binaries/Win64/
LogInit: Allocator: TBB
LogInit: Installed Engine Build: 1
LogDevObjectVersion: Number of dev versions registered: 26
LogDevObjectVersion:   Dev-Blueprints (B0D832E4-1F89-4F0D-ACCF-7EB736FD4AA2): 10
LogDevObjectVersion:   Dev-Build (E1C64328-A22C-4D53-A36C-8E866417BD8C): 0
LogDevObjectVersion:   Dev-Core (375EC13C-06E4-48FB-B500-84F0262A717E): 4
LogDevObjectVersion:   Dev-Editor (E4B068ED-F494-42E9-A231-DA0B2E46BB41): 38
LogDevObjectVersion:   Dev-Framework (CFFC743F-43B0-4480-9391-14DF171D2073): 37
LogDevObjectVersion:   Dev-Mobile (B02B49B5-BB20-44E9-A304-32B752E40360): 2
LogDevObjectVersion:   Dev-Networking (A4E4105C-59A1-49B5-A7C5-40C4547EDFEE): 0
LogDevObjectVersion:   Dev-Online (39C831C9-5AE6-47DC-9A44-9C173E1C8E7C): 0
LogDevObjectVersion:   Dev-Physics (78F01B33-EBEA-4F98-B9B4-84EACCB95AA2): 4
LogDevObjectVersion:   Dev-Platform (6631380F-2D4D-43E0-8009-CF276956A95A): 0
LogDevObjectVersion:   Dev-Rendering (12F88B9F-8875-4AFC-A67C-D90C383ABD29): 43
LogDevObjectVersion:   Dev-Sequencer (7B5AE74C-D270-4C10-A958-57980B212A5A): 12
LogDevObjectVersion:   Dev-VR (D7296918-1DD6-4BDD-9DE2-64A83CC13884): 3
LogDevObjectVersion:   Dev-LoadTimes (C2A15278-BFE7-4AFE-6C17-90FF531DF755): 1
LogDevObjectVersion:   Private-Geometry (6EACA3D4-40EC-4CC1-B786-8BED09428FC5): 3
LogDevObjectVersion:   Dev-AnimPhys (29E575DD-E0A3-4627-9D10-D276232CDCEA): 17
LogDevObjectVersion:   Dev-Anim (AF43A65D-7FD3-4947-9873-3E8ED9C1BB05): 7
LogDevObjectVersion:   Dev-ReflectionCapture (6B266CEC-1EC7-4B8F-A30B-E4D90942FC07): 1
LogDevObjectVersion:   Dev-Automation (0DF73D61-A23F-47EA-B727-89E90C41499A): 1
LogDevObjectVersion:   FortniteMain (601D1886-AC64-4F84-AA16-D3DE0DEAC7D6): 31
LogDevObjectVersion:   Dev-Enterprise (9DFFBCD6-494F-0158-E221-12823C92A888): 10
LogDevObjectVersion:   Dev-Niagara (F2AED0AC-9AFE-416F-8664-AA7FFA26D6FC): 1
LogDevObjectVersion:   Dev-Destruction (174F1F0B-B4C6-45A5-B13F-2EE8D0FB917D): 10
LogDevObjectVersion:   Dev-Physics-Ext (35F94A83-E258-406C-A318-09F59610247C): 37
LogDevObjectVersion:   Dev-PhysicsMaterial-Chaos (B68FC16E-8B1B-42E2-B453-215C058844FE): 1
LogDevObjectVersion:   Dev-CineCamera (B2E18506-4273-CFC2-A54E-F4BB758BBA07): 1
LogInit: Presizing for max 25165824 objects, including 0 objects not considered by GC, pre-allocating 0 bytes for permanent pool.
LogConfig: Applying CVar settings from Section [/Script/Engine.StreamingSettings] File [D:/UnrealCourses/GameDev/VR/ArchitectureExplorer/Saved/Config/Windows/Engine.ini]
LogConfig: Setting CVar [[s.MinBulkDataSizeForAsyncLoading:131072]]
LogConfig: Setting CVar [[s.AsyncLoadingThreadEnabled:0]]
LogConfig: Setting CVar [[s.EventDrivenLoaderEnabled:1]]
LogConfig: Setting CVar [[s.WarnIfTimeLimitExceeded:0]]
LogConfig: Setting CVar [[s.TimeLimitExceededMultiplier:1.5]]
LogConfig: Setting CVar [[s.TimeLimitExceededMinTime:0.005]]
LogConfig: Setting CVar [[s.UseBackgroundLevelStreaming:1]]
LogConfig: Setting CVar [[s.PriorityAsyncLoadingExtraTime:15.0]]
LogConfig: Setting CVar [[s.LevelStreamingActorsUpdateTimeLimit:5.0]]
LogConfig: Setting CVar [[s.PriorityLevelStreamingActorsUpdateExtraTime:5.0]]
LogConfig: Setting CVar [[s.LevelStreamingComponentsRegistrationGranularity:10]]
LogConfig: Setting CVar [[s.UnregisterComponentsTimeLimit:1.0]]
LogConfig: Setting CVar [[s.LevelStreamingComponentsUnregistrationGranularity:5]]
LogConfig: Setting CVar [[s.FlushStreamingOnExit:1]]
LogInit: Object subsystem initialized
LogConfig: Setting CVar [[con.DebugEarlyDefault:1]]
LogConfig: Setting CVar [[r.setres:1280x720]]
[2020.06.24-19.13.50:303][  0]LogConfig: Setting CVar [[r.VSync:0]]
[2020.06.24-19.13.50:303][  0]LogConfig: Setting CVar [[r.RHICmdBypass:0]]
[2020.06.24-19.13.50:303][  0]LogConfig: Applying CVar settings from Section [/Script/Engine.RendererSettings] File [D:/UnrealCourses/GameDev/VR/ArchitectureExplorer/Saved/Config/Windows/Engine.ini]
[2020.06.24-19.13.50:303][  0]LogConfig: Setting CVar [[r.GPUCrashDebugging:0]]
[2020.06.24-19.13.50:303][  0]LogConfig: Applying CVar settings from Section [/Script/Engine.RendererOverrideSettings] File [D:/UnrealCourses/GameDev/VR/ArchitectureExplorer/Saved/Config/Windows/Engine.ini]
[2020.06.24-19.13.50:303][  0]LogConfig: Applying CVar settings from Section [/Script/Engine.StreamingSettings] File [D:/UnrealCourses/GameDev/VR/ArchitectureExplorer/Saved/Config/Windows/Engine.ini]
[2020.06.24-19.13.50:303][  0]LogConfig: Setting CVar [[s.MinBulkDataSizeForAsyncLoading:131072]]
[2020.06.24-19.13.50:303][  0]LogConfig: Setting CVar [[s.AsyncLoadingThreadEnabled:0]]
[2020.06.24-19.13.50:303][  0]LogConfig: Setting CVar [[s.EventDrivenLoaderEnabled:1]]
[2020.06.24-19.13.50:303][  0]LogConfig: Setting CVar [[s.WarnIfTimeLimitExceeded:0]]
[2020.06.24-19.13.50:303][  0]LogConfig: Setting CVar [[s.TimeLimitExceededMultiplier:1.5]]
[2020.06.24-19.13.50:303][  0]LogConfig: Setting CVar [[s.TimeLimitExceededMinTime:0.005]]
[2020.06.24-19.13.50:303][  0]LogConfig: Setting CVar [[s.UseBackgroundLevelStreaming:1]]
[2020.06.24-19.13.50:304][  0]LogConfig: Setting CVar [[s.PriorityAsyncLoadingExtraTime:15.0]]
[2020.06.24-19.13.50:304][  0]LogConfig: Setting CVar [[s.LevelStreamingActorsUpdateTimeLimit:5.0]]
[2020.06.24-19.13.50:304][  0]LogConfig: Setting CVar [[s.PriorityLevelStreamingActorsUpdateExtraTime:5.0]]
[2020.06.24-19.13.50:304][  0]LogConfig: Setting CVar [[s.LevelStreamingComponentsRegistrationGranularity:10]]
[2020.06.24-19.13.50:304][  0]LogConfig: Setting CVar [[s.UnregisterComponentsTimeLimit:1.0]]
[2020.06.24-19.13.50:304][  0]LogConfig: Setting CVar [[s.LevelStreamingComponentsUnregistrationGranularity:5]]
[2020.06.24-19.13.50:304][  0]LogConfig: Setting CVar [[s.FlushStreamingOnExit:1]]
[2020.06.24-19.13.50:304][  0]LogConfig: Applying CVar settings from Section [/Script/Engine.GarbageCollectionSettings] File [D:/UnrealCourses/GameDev/VR/ArchitectureExplorer/Saved/Config/Windows/Engine.ini]
[2020.06.24-19.13.50:304][  0]LogConfig: Setting CVar [[gc.MaxObjectsNotConsideredByGC:1]]
[2020.06.24-19.13.50:304][  0]LogConfig: Setting CVar [[gc.SizeOfPermanentObjectPool:0]]
[2020.06.24-19.13.50:304][  0]LogConfig: Setting CVar [[gc.FlushStreamingOnGC:0]]
[2020.06.24-19.13.50:304][  0]LogConfig: Setting CVar [[gc.NumRetriesBeforeForcingGC:10]]
[2020.06.24-19.13.50:304][  0]LogConfig: Setting CVar [[gc.AllowParallelGC:1]]
[2020.06.24-19.13.50:304][  0]LogConfig: Setting CVar [[gc.TimeBetweenPurgingPendingKillObjects:61.1]]
[2020.06.24-19.13.50:304][  0]LogConfig: Setting CVar [[gc.MaxObjectsInEditor:25165824]]
[2020.06.24-19.13.50:304][  0]LogConfig: Setting CVar [[gc.IncrementalBeginDestroyEnabled:1]]
[2020.06.24-19.13.50:304][  0]LogConfig: Setting CVar [[gc.CreateGCClusters:1]]
[2020.06.24-19.13.50:304][  0]LogConfig: Setting CVar [[gc.MinGCClusterSize:5]]
[2020.06.24-19.13.50:304][  0]LogConfig: Setting CVar [[gc.ActorClusteringEnabled:0]]
[2020.06.24-19.13.50:304][  0]LogConfig: Setting CVar [[gc.BlueprintClusteringEnabled:0]]
[2020.06.24-19.13.50:304][  0]LogConfig: Setting CVar [[gc.UseDisregardForGCOnDedicatedServers:0]]
[2020.06.24-19.13.50:304][  0]LogConfig: Applying CVar settings from Section [/Script/Engine.NetworkSettings] File [D:/UnrealCourses/GameDev/VR/ArchitectureExplorer/Saved/Config/Windows/Engine.ini]
[2020.06.24-19.13.50:304][  0]LogConfig: Applying CVar settings from Section [/Script/UnrealEd.CookerSettings] File [D:/UnrealCourses/GameDev/VR/ArchitectureExplorer/Saved/Config/Windows/Engine.ini]
[2020.06.24-19.13.50:307][  0]LogConfig: Applying CVar settings from Section [ViewDistanceQuality@3] File [D:/UnrealCourses/GameDev/VR/ArchitectureExplorer/Saved/Config/Windows/Scalability.ini]
[2020.06.24-19.13.50:307][  0]LogConfig: Setting CVar [[r.SkeletalMeshLODBias:0]]
[2020.06.24-19.13.50:307][  0]LogConfig: Setting CVar [[r.ViewDistanceScale:1.0]]
[2020.06.24-19.13.50:307][  0]LogConfig: Applying CVar settings from Section [AntiAliasingQuality@3] File [D:/UnrealCourses/GameDev/VR/ArchitectureExplorer/Saved/Config/Windows/Scalability.ini]
[2020.06.24-19.13.50:307][  0]LogConfig: Setting CVar [[r.PostProcessAAQuality:4]]
[2020.06.24-19.13.50:307][  0]LogConfig: Applying CVar settings from Section [ShadowQuality@3] File [D:/UnrealCourses/GameDev/VR/ArchitectureExplorer/Saved/Config/Windows/Scalability.ini]
[2020.06.24-19.13.50:307][  0]LogConfig: Setting CVar [[r.LightFunctionQuality:1]]
[2020.06.24-19.13.50:307][  0]LogConfig: Setting CVar [[r.ShadowQuality:5]]
[2020.06.24-19.13.50:307][  0]LogConfig: Setting CVar [[r.Shadow.CSM.MaxCascades:10]]
[2020.06.24-19.13.50:307][  0]LogConfig: Setting CVar [[r.Shadow.MaxResolution:2048]]
[2020.06.24-19.13.50:307][  0]LogConfig: Setting CVar [[r.Shadow.MaxCSMResolution:2048]]
[2020.06.24-19.13.50:307][  0]LogConfig: Setting CVar [[r.Shadow.RadiusThreshold:0.01]]
[2020.06.24-19.13.50:307][  0]LogConfig: Setting CVar [[r.Shadow.DistanceScale:1.0]]
[2020.06.24-19.13.50:307][  0]LogConfig: Setting CVar [[r.Shadow.CSM.TransitionScale:1.0]]
[2020.06.24-19.13.50:307][  0]LogConfig: Setting CVar [[r.Shadow.PreShadowResolutionFactor:1.0]]
[2020.06.24-19.13.50:307][  0]LogConfig: Setting CVar [[r.DistanceFieldShadowing:1]]
[2020.06.24-19.13.50:307][  0]LogConfig: Setting CVar [[r.DistanceFieldAO:1]]
[2020.06.24-19.13.50:307][  0]LogConfig: Setting CVar [[r.AOQuality:2]]
[2020.06.24-19.13.50:307][  0]LogConfig: Setting CVar [[r.VolumetricFog:1]]
[2020.06.24-19.13.50:307][  0]LogConfig: Setting CVar [[r.VolumetricFog.GridPixelSize:8]]
[2020.06.24-19.13.50:307][  0]LogConfig: Setting CVar [[r.VolumetricFog.GridSizeZ:128]]
[2020.06.24-19.13.50:307][  0]LogConfig: Setting CVar [[r.VolumetricFog.HistoryMissSupersampleCount:4]]
[2020.06.24-19.13.50:307][  0]LogConfig: Setting CVar [[r.LightMaxDrawDistanceScale:1]]
[2020.06.24-19.13.50:307][  0]LogConfig: Setting CVar [[r.CapsuleShadows:1]]
[2020.06.24-19.13.50:307][  0]LogConfig: Applying CVar settings from Section [PostProcessQuality@3] File [D:/UnrealCourses/GameDev/VR/ArchitectureExplorer/Saved/Config/Windows/Scalability.ini]
[2020.06.24-19.13.50:307][  0]LogConfig: Setting CVar [[r.MotionBlurQuality:4]]
[2020.06.24-19.13.50:307][  0]LogConfig: Setting CVar [[r.AmbientOcclusionMipLevelFactor:0.4]]
[2020.06.24-19.13.50:307][  0]LogConfig: Setting CVar [[r.AmbientOcclusionMaxQuality:100]]
[2020.06.24-19.13.50:308][  0]LogConfig: Setting CVar [[r.AmbientOcclusionLevels:-1]]
[2020.06.24-19.13.50:308][  0]LogConfig: Setting CVar [[r.AmbientOcclusionRadiusScale:1.0]]
[2020.06.24-19.13.50:308][  0]LogConfig: Setting CVar [[r.DepthOfFieldQuality:2]]
[2020.06.24-19.13.50:308][  0]LogConfig: Setting CVar [[r.RenderTargetPoolMin:400]]
[2020.06.24-19.13.50:308][  0]LogConfig: Setting CVar [[r.LensFlareQuality:2]]
[2020.06.24-19.13.50:308][  0]LogConfig: Setting CVar [[r.SceneColorFringeQuality:1]]
[2020.06.24-19.13.50:308][  0]LogConfig: Setting CVar [[r.EyeAdaptationQuality:2]]
[2020.06.24-19.13.50:308][  0]LogConfig: Setting CVar [[r.BloomQuality:5]]
[2020.06.24-19.13.50:308][  0]LogConfig: Setting CVar [[r.FastBlurThreshold:100]]
[2020.06.24-19.13.50:308][  0]LogConfig: Setting CVar [[r.Upscale.Quality:3]]
[2020.06.24-19.13.50:308][  0]LogConfig: Setting CVar [[r.Tonemapper.GrainQuantization:1]]
[2020.06.24-19.13.50:308][  0]LogConfig: Setting CVar [[r.LightShaftQuality:1]]
[2020.06.24-19.13.50:308][  0]LogConfig: Setting CVar [[r.Filter.SizeScale:1]]
[2020.06.24-19.13.50:308][  0]LogConfig: Setting CVar [[r.Tonemapper.Quality:5]]
[2020.06.24-19.13.50:308][  0]LogConfig: Setting CVar [[r.DOF.Gather.AccumulatorQuality:1        ; higher gathering accumulator quality]]
[2020.06.24-19.13.50:308][  0]LogConfig: Setting CVar [[r.DOF.Gather.PostfilterMethod:1          ; Median3x3 postfilering method]]
[2020.06.24-19.13.50:308][  0]LogConfig: Setting CVar [[r.DOF.Gather.EnableBokehSettings:0       ; no bokeh simulation when gathering]]
[2020.06.24-19.13.50:308][  0]LogConfig: Setting CVar [[r.DOF.Gather.RingCount:4                 ; medium number of samples when gathering]]
[2020.06.24-19.13.50:308][  0]LogConfig: Setting CVar [[r.DOF.Scatter.ForegroundCompositing:1    ; additive foreground scattering]]
[2020.06.24-19.13.50:308][  0]LogConfig: Setting CVar [[r.DOF.Scatter.BackgroundCompositing:2    ; additive background scattering]]
[2020.06.24-19.13.50:308][  0]LogConfig: Setting CVar [[r.DOF.Scatter.EnableBokehSettings:1      ; bokeh simulation when scattering]]
[2020.06.24-19.13.50:308][  0]LogConfig: Setting CVar [[r.DOF.Scatter.MaxSpriteRatio:0.1         ; only a maximum of 10% of scattered bokeh]]
[2020.06.24-19.13.50:308][  0]LogConfig: Setting CVar [[r.DOF.Recombine.Quality:1                ; cheap slight out of focus]]
[2020.06.24-19.13.50:308][  0]LogConfig: Setting CVar [[r.DOF.Recombine.EnableBokehSettings:0    ; no bokeh simulation on slight out of focus]]
[2020.06.24-19.13.50:308][  0]LogConfig: Setting CVar [[r.DOF.TemporalAAQuality:1                ; more stable temporal accumulation]]
[2020.06.24-19.13.50:308][  0]LogConfig: Setting CVar [[r.DOF.Kernel.MaxForegroundRadius:0.025]]
[2020.06.24-19.13.50:308][  0]LogConfig: Setting CVar [[r.DOF.Kernel.MaxBackgroundRadius:0.025]]
[2020.06.24-19.13.50:308][  0]LogConfig: Applying CVar settings from Section [TextureQuality@3] File [D:/UnrealCourses/GameDev/VR/ArchitectureExplorer/Saved/Config/Windows/Scalability.ini]
[2020.06.24-19.13.50:308][  0]LogConfig: Setting CVar [[r.Streaming.MipBias:0]]
[2020.06.24-19.13.50:308][  0]LogConfig: Setting CVar [[r.Streaming.AmortizeCPUToGPUCopy:0]]
[2020.06.24-19.13.50:308][  0]LogConfig: Setting CVar [[r.Streaming.MaxNumTexturesToStreamPerFrame:0]]
[2020.06.24-19.13.50:308][  0]LogConfig: Setting CVar [[r.Streaming.Boost:1]]
[2020.06.24-19.13.50:308][  0]LogConfig: Setting CVar [[r.MaxAnisotropy:8]]
[2020.06.24-19.13.50:308][  0]LogConfig: Setting CVar [[r.VT.MaxAnisotropy:8]]
[2020.06.24-19.13.50:308][  0]LogConfig: Setting CVar [[r.Streaming.LimitPoolSizeToVRAM:0]]
[2020.06.24-19.13.50:308][  0]LogConfig: Setting CVar [[r.Streaming.PoolSize:1000]]
[2020.06.24-19.13.50:308][  0]LogConfig: Setting CVar [[r.Streaming.MaxEffectiveScreenSize:0]]
[2020.06.24-19.13.50:308][  0]LogConfig: Applying CVar settings from Section [EffectsQuality@3] File [D:/UnrealCourses/GameDev/VR/ArchitectureExplorer/Saved/Config/Windows/Scalability.ini]
[2020.06.24-19.13.50:308][  0]LogConfig: Setting CVar [[r.TranslucencyLightingVolumeDim:64]]
[2020.06.24-19.13.50:308][  0]LogConfig: Setting CVar [[r.RefractionQuality:2]]
[2020.06.24-19.13.50:308][  0]LogConfig: Setting CVar [[r.SSR.Quality:3]]
[2020.06.24-19.13.50:308][  0]LogConfig: Setting CVar [[r.SSR.HalfResSceneColor:0]]
[2020.06.24-19.13.50:308][  0]LogConfig: Setting CVar [[r.SceneColorFormat:4]]
[2020.06.24-19.13.50:308][  0]LogConfig: Setting CVar [[r.DetailMode:2]]
[2020.06.24-19.13.50:308][  0]LogConfig: Setting CVar [[r.TranslucencyVolumeBlur:1]]
[2020.06.24-19.13.50:308][  0]LogConfig: Setting CVar [[r.MaterialQualityLevel:1 ; High quality]]
[2020.06.24-19.13.50:308][  0]LogConfig: Setting CVar [[r.SSS.Scale:1]]
[2020.06.24-19.13.50:308][  0]LogConfig: Setting CVar [[r.SSS.SampleSet:2]]
[2020.06.24-19.13.50:308][  0]LogConfig: Setting CVar [[r.SSS.Quality:1]]
[2020.06.24-19.13.50:308][  0]LogConfig: Setting CVar [[r.SSS.HalfRes:0]]
[2020.06.24-19.13.50:308][  0]LogConfig: Setting CVar [[r.SSGI.Quality:3]]
[2020.06.24-19.13.50:308][  0]LogConfig: Setting CVar [[r.EmitterSpawnRateScale:1.0]]
[2020.06.24-19.13.50:308][  0]LogConfig: Setting CVar [[r.ParticleLightQuality:2]]
[2020.06.24-19.13.50:308][  0]LogConfig: Setting CVar [[r.SkyAtmosphere.AerialPerspectiveLUT.FastApplyOnOpaque:1 ; Always have FastSkyLUT 1 in this case to avoid wrong sky]]
[2020.06.24-19.13.50:308][  0]LogConfig: Setting CVar [[r.SkyAtmosphere.AerialPerspectiveLUT.SampleCountPerSlice:1]]
[2020.06.24-19.13.50:308][  0]LogConfig: Setting CVar [[r.SkyAtmosphere.AerialPerspectiveLUT.DepthResolution:16.0]]
[2020.06.24-19.13.50:308][  0]LogConfig: Setting CVar [[r.SkyAtmosphere.FastSkyLUT:1]]
[2020.06.24-19.13.50:308][  0]LogConfig: Setting CVar [[r.SkyAtmosphere.FastSkyLUT.SampleCountMin:4.0]]
[2020.06.24-19.13.50:308][  0]LogConfig: Setting CVar [[r.SkyAtmosphere.FastSkyLUT.SampleCountMax:32.0]]
[2020.06.24-19.13.50:308][  0]LogConfig: Setting CVar [[r.SkyAtmosphere.SampleCountMin:4.0]]
[2020.06.24-19.13.50:308][  0]LogConfig: Setting CVar [[r.SkyAtmosphere.SampleCountMax:32.0]]
[2020.06.24-19.13.50:308][  0]LogConfig: Setting CVar [[r.SkyAtmosphere.TransmittanceLUT.UseSmallFormat:0]]
[2020.06.24-19.13.50:308][  0]LogConfig: Setting CVar [[r.SkyAtmosphere.TransmittanceLUT.SampleCount:10.0]]
[2020.06.24-19.13.50:308][  0]LogConfig: Setting CVar [[r.SkyAtmosphere.MultiScatteringLUT.SampleCount:15.0]]
[2020.06.24-19.13.50:308][  0]LogConfig: Applying CVar settings from Section [FoliageQuality@3] File [D:/UnrealCourses/GameDev/VR/ArchitectureExplorer/Saved/Config/Windows/Scalability.ini]
[2020.06.24-19.13.50:308][  0]LogConfig: Setting CVar [[foliage.DensityScale:1.0]]
[2020.06.24-19.13.50:308][  0]LogConfig: Setting CVar [[grass.DensityScale:1.0]]
[2020.06.24-19.13.50:308][  0]LogConfig: Applying CVar settings from Section [ShadingQuality@3] File [D:/UnrealCourses/GameDev/VR/ArchitectureExplorer/Saved/Config/Windows/Scalability.ini]
[2020.06.24-19.13.50:308][  0]LogConfig: Setting CVar [[r.HairStrands.SkyLighting.SampleCount:16]]
[2020.06.24-19.13.50:308][  0]LogConfig: Setting CVar [[r.HairStrands.SkyLighting.JitterIntegration:0]]
[2020.06.24-19.13.50:308][  0]LogConfig: Setting CVar [[r.HairStrands.SkyAO.SampleCount:16]]
[2020.06.24-19.13.50:308][  0]LogConfig: Setting CVar [[r.HairStrands.DeepShadow.SuperSampling:0]]
[2020.06.24-19.13.50:308][  0]LogConfig: Setting CVar [[r.HairStrands.VisibilityPPLL:0]]
[2020.06.24-19.13.50:308][  0]LogConfig: Setting CVar [[r.HairStrands.RasterizationScale:0.5]]
[2020.06.24-19.13.50:308][  0]LogConfig: Setting CVar [[r.HairStrands.VelocityRasterizationScale:1]]
[2020.06.24-19.13.50:309][  0]LogInit: Selected Device Profile: [Windows]
[2020.06.24-19.13.50:309][  0]LogInit: Applying CVar settings loaded from the selected device profile: [Windows]
[2020.06.24-19.13.50:310][  0]LogHAL: Display: Platform has ~ 32 GB [34271526912 / 34359738368 / 32], which maps to Largest [LargestMinGB=32, LargerMinGB=12, DefaultMinGB=8, SmallerMinGB=6, SmallestMinGB=0)
[2020.06.24-19.13.50:310][  0]LogInit: Going up to parent DeviceProfile []
[2020.06.24-19.13.50:310][  0]LogConfig: Applying CVar settings from Section [ViewDistanceQuality@3] File [D:/UnrealCourses/GameDev/VR/ArchitectureExplorer/Saved/Config/Windows/Scalability.ini]
[2020.06.24-19.13.50:310][  0]LogConfig: Setting CVar [[r.SkeletalMeshLODBias:0]]
[2020.06.24-19.13.50:310][  0]LogConfig: Setting CVar [[r.ViewDistanceScale:1.0]]
[2020.06.24-19.13.50:310][  0]LogConfig: Applying CVar settings from Section [AntiAliasingQuality@3] File [D:/UnrealCourses/GameDev/VR/ArchitectureExplorer/Saved/Config/Windows/Scalability.ini]
[2020.06.24-19.13.50:310][  0]LogConfig: Setting CVar [[r.PostProcessAAQuality:4]]
[2020.06.24-19.13.50:310][  0]LogConfig: Applying CVar settings from Section [ShadowQuality@3] File [D:/UnrealCourses/GameDev/VR/ArchitectureExplorer/Saved/Config/Windows/Scalability.ini]
[2020.06.24-19.13.50:310][  0]LogConfig: Setting CVar [[r.LightFunctionQuality:1]]
[2020.06.24-19.13.50:310][  0]LogConfig: Setting CVar [[r.ShadowQuality:5]]
[2020.06.24-19.13.50:310][  0]LogConfig: Setting CVar [[r.Shadow.CSM.MaxCascades:10]]
[2020.06.24-19.13.50:310][  0]LogConfig: Setting CVar [[r.Shadow.MaxResolution:2048]]
[2020.06.24-19.13.50:310][  0]LogConfig: Setting CVar [[r.Shadow.MaxCSMResolution:2048]]
[2020.06.24-19.13.50:310][  0]LogConfig: Setting CVar [[r.Shadow.RadiusThreshold:0.01]]
[2020.06.24-19.13.50:310][  0]LogConfig: Setting CVar [[r.Shadow.DistanceScale:1.0]]
[2020.06.24-19.13.50:310][  0]LogConfig: Setting CVar [[r.Shadow.CSM.TransitionScale:1.0]]
[2020.06.24-19.13.50:310][  0]LogConfig: Setting CVar [[r.Shadow.PreShadowResolutionFactor:1.0]]
[2020.06.24-19.13.50:310][  0]LogConfig: Setting CVar [[r.DistanceFieldShadowing:1]]
[2020.06.24-19.13.50:310][  0]LogConfig: Setting CVar [[r.DistanceFieldAO:1]]
[2020.06.24-19.13.50:310][  0]LogConfig: Setting CVar [[r.AOQuality:2]]
[2020.06.24-19.13.50:310][  0]LogConfig: Setting CVar [[r.VolumetricFog:1]]
[2020.06.24-19.13.50:310][  0]LogConfig: Setting CVar [[r.VolumetricFog.GridPixelSize:8]]
[2020.06.24-19.13.50:310][  0]LogConfig: Setting CVar [[r.VolumetricFog.GridSizeZ:128]]
[2020.06.24-19.13.50:310][  0]LogConfig: Setting CVar [[r.VolumetricFog.HistoryMissSupersampleCount:4]]
[2020.06.24-19.13.50:310][  0]LogConfig: Setting CVar [[r.LightMaxDrawDistanceScale:1]]
[2020.06.24-19.13.50:310][  0]LogConfig: Setting CVar [[r.CapsuleShadows:1]]
[2020.06.24-19.13.50:310][  0]LogConfig: Applying CVar settings from Section [PostProcessQuality@3] File [D:/UnrealCourses/GameDev/VR/ArchitectureExplorer/Saved/Config/Windows/Scalability.ini]
[2020.06.24-19.13.50:310][  0]LogConfig: Setting CVar [[r.MotionBlurQuality:4]]
[2020.06.24-19.13.50:310][  0]LogConfig: Setting CVar [[r.AmbientOcclusionMipLevelFactor:0.4]]
[2020.06.24-19.13.50:310][  0]LogConfig: Setting CVar [[r.AmbientOcclusionMaxQuality:100]]
[2020.06.24-19.13.50:310][  0]LogConfig: Setting CVar [[r.AmbientOcclusionLevels:-1]]
[2020.06.24-19.13.50:310][  0]LogConfig: Setting CVar [[r.AmbientOcclusionRadiusScale:1.0]]
[2020.06.24-19.13.50:310][  0]LogConfig: Setting CVar [[r.DepthOfFieldQuality:2]]
[2020.06.24-19.13.50:310][  0]LogConfig: Setting CVar [[r.RenderTargetPoolMin:400]]
[2020.06.24-19.13.50:310][  0]LogConfig: Setting CVar [[r.LensFlareQuality:2]]
[2020.06.24-19.13.50:310][  0]LogConfig: Setting CVar [[r.SceneColorFringeQuality:1]]
[2020.06.24-19.13.50:311][  0]LogConfig: Setting CVar [[r.EyeAdaptationQuality:2]]
[2020.06.24-19.13.50:311][  0]LogConfig: Setting CVar [[r.BloomQuality:5]]
[2020.06.24-19.13.50:311][  0]LogConfig: Setting CVar [[r.FastBlurThreshold:100]]
[2020.06.24-19.13.50:311][  0]LogConfig: Setting CVar [[r.Upscale.Quality:3]]
[2020.06.24-19.13.50:311][  0]LogConfig: Setting CVar [[r.Tonemapper.GrainQuantization:1]]
[2020.06.24-19.13.50:311][  0]LogConfig: Setting CVar [[r.LightShaftQuality:1]]
[2020.06.24-19.13.50:311][  0]LogConfig: Setting CVar [[r.Filter.SizeScale:1]]
[2020.06.24-19.13.50:311][  0]LogConfig: Setting CVar [[r.Tonemapper.Quality:5]]
[2020.06.24-19.13.50:311][  0]LogConfig: Setting CVar [[r.DOF.Gather.AccumulatorQuality:1        ; higher gathering accumulator quality]]
[2020.06.24-19.13.50:311][  0]LogConfig: Setting CVar [[r.DOF.Gather.PostfilterMethod:1          ; Median3x3 postfilering method]]
[2020.06.24-19.13.50:311][  0]LogConfig: Setting CVar [[r.DOF.Gather.EnableBokehSettings:0       ; no bokeh simulation when gathering]]
[2020.06.24-19.13.50:311][  0]LogConfig: Setting CVar [[r.DOF.Gather.RingCount:4                 ; medium number of samples when gathering]]
[2020.06.24-19.13.50:311][  0]LogConfig: Setting CVar [[r.DOF.Scatter.ForegroundCompositing:1    ; additive foreground scattering]]
[2020.06.24-19.13.50:311][  0]LogConfig: Setting CVar [[r.DOF.Scatter.BackgroundCompositing:2    ; additive background scattering]]
[2020.06.24-19.13.50:311][  0]LogConfig: Setting CVar [[r.DOF.Scatter.EnableBokehSettings:1      ; bokeh simulation when scattering]]
[2020.06.24-19.13.50:311][  0]LogConfig: Setting CVar [[r.DOF.Scatter.MaxSpriteRatio:0.1         ; only a maximum of 10% of scattered bokeh]]
[2020.06.24-19.13.50:311][  0]LogConfig: Setting CVar [[r.DOF.Recombine.Quality:1                ; cheap slight out of focus]]
[2020.06.24-19.13.50:311][  0]LogConfig: Setting CVar [[r.DOF.Recombine.EnableBokehSettings:0    ; no bokeh simulation on slight out of focus]]
[2020.06.24-19.13.50:311][  0]LogConfig: Setting CVar [[r.DOF.TemporalAAQuality:1                ; more stable temporal accumulation]]
[2020.06.24-19.13.50:311][  0]LogConfig: Setting CVar [[r.DOF.Kernel.MaxForegroundRadius:0.025]]
[2020.06.24-19.13.50:311][  0]LogConfig: Setting CVar [[r.DOF.Kernel.MaxBackgroundRadius:0.025]]
[2020.06.24-19.13.50:311][  0]LogConfig: Applying CVar settings from Section [TextureQuality@3] File [D:/UnrealCourses/GameDev/VR/ArchitectureExplorer/Saved/Config/Windows/Scalability.ini]
[2020.06.24-19.13.50:311][  0]LogConfig: Setting CVar [[r.Streaming.MipBias:0]]
[2020.06.24-19.13.50:311][  0]LogConfig: Setting CVar [[r.Streaming.AmortizeCPUToGPUCopy:0]]
[2020.06.24-19.13.50:311][  0]LogConfig: Setting CVar [[r.Streaming.MaxNumTexturesToStreamPerFrame:0]]
[2020.06.24-19.13.50:311][  0]LogConfig: Setting CVar [[r.Streaming.Boost:1]]
[2020.06.24-19.13.50:311][  0]LogConfig: Setting CVar [[r.MaxAnisotropy:8]]
[2020.06.24-19.13.50:311][  0]LogConfig: Setting CVar [[r.VT.MaxAnisotropy:8]]
[2020.06.24-19.13.50:311][  0]LogConfig: Setting CVar [[r.Streaming.LimitPoolSizeToVRAM:0]]
[2020.06.24-19.13.50:311][  0]LogConfig: Setting CVar [[r.Streaming.PoolSize:1000]]
[2020.06.24-19.13.50:311][  0]LogConfig: Setting CVar [[r.Streaming.MaxEffectiveScreenSize:0]]
[2020.06.24-19.13.50:311][  0]LogConfig: Applying CVar settings from Section [EffectsQuality@3] File [D:/UnrealCourses/GameDev/VR/ArchitectureExplorer/Saved/Config/Windows/Scalability.ini]
[2020.06.24-19.13.50:311][  0]LogConfig: Setting CVar [[r.TranslucencyLightingVolumeDim:64]]
[2020.06.24-19.13.50:311][  0]LogConfig: Setting CVar [[r.RefractionQuality:2]]
[2020.06.24-19.13.50:311][  0]LogConfig: Setting CVar [[r.SSR.Quality:3]]
[2020.06.24-19.13.50:311][  0]LogConfig: Setting CVar [[r.SSR.HalfResSceneColor:0]]
[2020.06.24-19.13.50:311][  0]LogConfig: Setting CVar [[r.SceneColorFormat:4]]
[2020.06.24-19.13.50:311][  0]LogConfig: Setting CVar [[r.DetailMode:2]]
[2020.06.24-19.13.50:311][  0]LogConfig: Setting CVar [[r.TranslucencyVolumeBlur:1]]
[2020.06.24-19.13.50:311][  0]LogConfig: Setting CVar [[r.MaterialQualityLevel:1 ; High quality]]
[2020.06.24-19.13.50:311][  0]LogConfig: Setting CVar [[r.SSS.Scale:1]]
[2020.06.24-19.13.50:311][  0]LogConfig: Setting CVar [[r.SSS.SampleSet:2]]
[2020.06.24-19.13.50:312][  0]LogConfig: Setting CVar [[r.SSS.Quality:1]]
[2020.06.24-19.13.50:312][  0]LogConfig: Setting CVar [[r.SSS.HalfRes:0]]
[2020.06.24-19.13.50:312][  0]LogConfig: Setting CVar [[r.SSGI.Quality:3]]
[2020.06.24-19.13.50:312][  0]LogConfig: Setting CVar [[r.EmitterSpawnRateScale:1.0]]
[2020.06.24-19.13.50:312][  0]LogConfig: Setting CVar [[r.ParticleLightQuality:2]]
[2020.06.24-19.13.50:312][  0]LogConfig: Setting CVar [[r.SkyAtmosphere.AerialPerspectiveLUT.FastApplyOnOpaque:1 ; Always have FastSkyLUT 1 in this case to avoid wrong sky]]
[2020.06.24-19.13.50:312][  0]LogConfig: Setting CVar [[r.SkyAtmosphere.AerialPerspectiveLUT.SampleCountPerSlice:1]]
[2020.06.24-19.13.50:312][  0]LogConfig: Setting CVar [[r.SkyAtmosphere.AerialPerspectiveLUT.DepthResolution:16.0]]
[2020.06.24-19.13.50:312][  0]LogConfig: Setting CVar [[r.SkyAtmosphere.FastSkyLUT:1]]
[2020.06.24-19.13.50:312][  0]LogConfig: Setting CVar [[r.SkyAtmosphere.FastSkyLUT.SampleCountMin:4.0]]
[2020.06.24-19.13.50:312][  0]LogConfig: Setting CVar [[r.SkyAtmosphere.FastSkyLUT.SampleCountMax:32.0]]
[2020.06.24-19.13.50:312][  0]LogConfig: Setting CVar [[r.SkyAtmosphere.SampleCountMin:4.0]]
[2020.06.24-19.13.50:312][  0]LogConfig: Setting CVar [[r.SkyAtmosphere.SampleCountMax:32.0]]
[2020.06.24-19.13.50:312][  0]LogConfig: Setting CVar [[r.SkyAtmosphere.TransmittanceLUT.UseSmallFormat:0]]
[2020.06.24-19.13.50:312][  0]LogConfig: Setting CVar [[r.SkyAtmosphere.TransmittanceLUT.SampleCount:10.0]]
[2020.06.24-19.13.50:312][  0]LogConfig: Setting CVar [[r.SkyAtmosphere.MultiScatteringLUT.SampleCount:15.0]]
[2020.06.24-19.13.50:312][  0]LogConfig: Applying CVar settings from Section [FoliageQuality@3] File [D:/UnrealCourses/GameDev/VR/ArchitectureExplorer/Saved/Config/Windows/Scalability.ini]
[2020.06.24-19.13.50:312][  0]LogConfig: Setting CVar [[foliage.DensityScale:1.0]]
[2020.06.24-19.13.50:312][  0]LogConfig: Setting CVar [[grass.DensityScale:1.0]]
[2020.06.24-19.13.50:312][  0]LogConfig: Applying CVar settings from Section [ShadingQuality@3] File [D:/UnrealCourses/GameDev/VR/ArchitectureExplorer/Saved/Config/Windows/Scalability.ini]
[2020.06.24-19.13.50:312][  0]LogConfig: Setting CVar [[r.HairStrands.SkyLighting.SampleCount:16]]
[2020.06.24-19.13.50:312][  0]LogConfig: Setting CVar [[r.HairStrands.SkyLighting.JitterIntegration:0]]
[2020.06.24-19.13.50:312][  0]LogConfig: Setting CVar [[r.HairStrands.SkyAO.SampleCount:16]]
[2020.06.24-19.13.50:312][  0]LogConfig: Setting CVar [[r.HairStrands.DeepShadow.SuperSampling:0]]
[2020.06.24-19.13.50:312][  0]LogConfig: Setting CVar [[r.HairStrands.VisibilityPPLL:0]]
[2020.06.24-19.13.50:312][  0]LogConfig: Setting CVar [[r.HairStrands.RasterizationScale:0.5]]
[2020.06.24-19.13.50:312][  0]LogConfig: Setting CVar [[r.HairStrands.VelocityRasterizationScale:1]]
[2020.06.24-19.13.50:312][  0]LogConfig: Applying CVar settings from Section [Startup] File [../../../Engine/Config/ConsoleVariables.ini]
[2020.06.24-19.13.50:315][  0]LogConfig: Setting CVar [[net.UseAdaptiveNetUpdateFrequency:0]]
[2020.06.24-19.13.50:315][  0]LogConfig: Setting CVar [[p.chaos.AllowCreatePhysxBodies:1]]
[2020.06.24-19.13.50:315][  0]LogConfig: Setting CVar [[fx.SkipVectorVMBackendOptimizations:1]]
[2020.06.24-19.13.50:315][  0]LogConfig: Applying CVar settings from Section [ConsoleVariables] File [D:/UnrealCourses/GameDev/VR/ArchitectureExplorer/Saved/Config/Windows/Engine.ini]
[2020.06.24-19.13.50:316][  0]LogInit: Computer: MSI
[2020.06.24-19.13.50:316][  0]LogInit: User: kpras
[2020.06.24-19.13.50:316][  0]LogInit: CPU Page size=4096, Cores=6
[2020.06.24-19.13.50:316][  0]LogInit: High frequency timer resolution =10.000000 MHz
[2020.06.24-19.13.50:316][  0]LogMemory: Memory total: Physical=31.9GB (32GB approx)
[2020.06.24-19.13.50:316][  0]LogMemory: Platform Memory Stats for Windows
[2020.06.24-19.13.50:316][  0]LogMemory: Process Physical Memory: 121.05 MB used, 121.06 MB peak
[2020.06.24-19.13.50:316][  0]LogMemory: Process Virtual Memory: 105.53 MB used, 105.53 MB peak
[2020.06.24-19.13.50:316][  0]LogMemory: Physical Memory: 10102.85 MB used,  22581.03 MB free, 32683.88 MB total
[2020.06.24-19.13.50:316][  0]LogMemory: Virtual Memory: 5214.68 MB used,  134212512.00 MB free, 134217728.00 MB total
[2020.06.24-19.13.50:324][  0]LogWindows: WindowsPlatformFeatures enabled
[2020.06.24-19.13.50:505][  0]LogInit: Physics initialised using underlying interface: PhysX
[2020.06.24-19.13.50:506][  0]LogInit: Using OS detected language (en-US).
[2020.06.24-19.13.50:506][  0]LogInit: Using OS detected locale (en-US).
[2020.06.24-19.13.50:524][  0]LogTextLocalizationManager: No specific localization for 'en-US' exists, so the 'en' localization will be used.
[2020.06.24-19.13.50:819][  0]LogInit: Setting process to per monitor DPI aware
[2020.06.24-19.13.50:874][  0]LogSlate: New Slate User Created.  User Index 0, Is Virtual User: 0
[2020.06.24-19.13.50:874][  0]LogSlate: Slate User Registered.  User Index 0, Is Virtual User: 0
[2020.06.24-19.13.51:192][  0]LogD3D11RHI: D3D11 min allowed feature level: 11_0
[2020.06.24-19.13.51:192][  0]LogD3D11RHI: D3D11 max allowed feature level: 11_0
[2020.06.24-19.13.51:192][  0]LogD3D11RHI: D3D11 adapters:
[2020.06.24-19.13.51:249][  0]LogD3D11RHI:    0. 'NVIDIA GeForce GTX 1080' (Feature Level 11_0)
[2020.06.24-19.13.51:249][  0]LogD3D11RHI:       8079/0/16341 MB DedicatedVideo/DedicatedSystem/SharedSystem, Outputs:1, VendorId:0x10de
[2020.06.24-19.13.51:251][  0]LogD3D11RHI:    1. 'Microsoft Basic Render Driver' (Feature Level 11_0)
[2020.06.24-19.13.51:251][  0]LogD3D11RHI:       0/0/16341 MB DedicatedVideo/DedicatedSystem/SharedSystem, Outputs:0, VendorId:0x1414
[2020.06.24-19.13.51:251][  0]LogD3D11RHI: Chosen D3D11 Adapter: 0
[2020.06.24-19.13.51:261][  0]LogD3D11RHI: Creating new Direct3DDevice
[2020.06.24-19.13.51:262][  0]LogD3D11RHI:     GPU DeviceId: 0x1be0 (for the marketing name, search the web for "GPU Device Id")
[2020.06.24-19.13.51:262][  0]LogWindows: EnumDisplayDevices:
[2020.06.24-19.13.51:262][  0]LogWindows:    0. 'NVIDIA GeForce GTX 1080' (P:1 D:1)
[2020.06.24-19.13.51:262][  0]LogWindows:    1. 'NVIDIA GeForce GTX 1080' (P:0 D:0)
[2020.06.24-19.13.51:262][  0]LogWindows:    2. 'NVIDIA GeForce GTX 1080' (P:0 D:0)
[2020.06.24-19.13.51:262][  0]LogWindows:    3. 'NVIDIA GeForce GTX 1080' (P:0 D:0)
[2020.06.24-19.13.51:262][  0]LogWindows: DebugString: FoundDriverCount:4 
[2020.06.24-19.13.51:262][  0]LogD3D11RHI:     Adapter Name: NVIDIA GeForce GTX 1080
[2020.06.24-19.13.51:263][  0]LogD3D11RHI:   Driver Version: 445.75 (internal:26.21.14.4575, unified:445.75)
[2020.06.24-19.13.51:263][  0]LogD3D11RHI:      Driver Date: 3-17-2020
[2020.06.24-19.13.51:263][  0]LogRHI: Texture pool is 5655 MB (70% of 8079 MB)
[2020.06.24-19.13.51:304][  0]LogD3D11RHI: RHI has support for 64 bit atomics
[2020.06.24-19.13.51:309][  0]LogD3D11RHI: [Aftermath] Enabled and primed
[2020.06.24-19.13.51:310][  0]LogD3D11RHI: Async texture creation enabled
[2020.06.24-19.13.51:310][  0]LogD3D11RHI: Array index from any shader is supported
[2020.06.24-19.13.51:344][  0]LogD3D11RHI: GPU Timing Frequency: 1000.000000 (Debug: 2 1)
[2020.06.24-19.13.52:530][  0]LogTargetPlatformManager: Display: Loaded TargetPlatform 'AllDesktop'
[2020.06.24-19.13.52:596][  0]LogTargetPlatformManager: Display: Loaded TargetPlatform 'Android'
[2020.06.24-19.13.52:596][  0]LogTargetPlatformManager: Display: Loaded TargetPlatform 'Android_ASTC'
[2020.06.24-19.13.52:596][  0]LogTargetPlatformManager: Display: Loaded TargetPlatform 'Android_DXT'
[2020.06.24-19.13.52:596][  0]LogTargetPlatformManager: Display: Loaded TargetPlatform 'Android_ETC2'
[2020.06.24-19.13.52:596][  0]LogTargetPlatformManager: Display: Loaded TargetPlatform 'AndroidClient'
[2020.06.24-19.13.52:596][  0]LogTargetPlatformManager: Display: Loaded TargetPlatform 'Android_ASTCClient'
[2020.06.24-19.13.52:596][  0]LogTargetPlatformManager: Display: Loaded TargetPlatform 'Android_DXTClient'
[2020.06.24-19.13.52:596][  0]LogTargetPlatformManager: Display: Loaded TargetPlatform 'Android_ETC2Client'
[2020.06.24-19.13.52:596][  0]LogTargetPlatformManager: Display: Loaded TargetPlatform 'Android_Multi'
[2020.06.24-19.13.52:596][  0]LogTargetPlatformManager: Display: Loaded TargetPlatform 'Android_MultiClient'
[2020.06.24-19.13.52:632][  0]LogTargetPlatformManager: Display: Loaded TargetPlatform 'IOSClient'
[2020.06.24-19.13.52:632][  0]LogTargetPlatformManager: Display: Loaded TargetPlatform 'IOS'
[2020.06.24-19.13.52:650][  0]LogTargetPlatformManager: Display: Loaded TargetPlatform 'Linux'
[2020.06.24-19.13.52:662][  0]LogTargetPlatformManager: Display: Loaded TargetPlatform 'LinuxNoEditor'
[2020.06.24-19.13.52:676][  0]LogTargetPlatformManager: Display: Loaded TargetPlatform 'LinuxClient'
[2020.06.24-19.13.52:688][  0]LogTargetPlatformManager: Display: Loaded TargetPlatform 'LinuxServer'
[2020.06.24-19.13.52:703][  0]LogTargetPlatformManager: Display: Loaded TargetPlatform 'LinuxAArch64NoEditor'
[2020.06.24-19.13.52:723][  0]LogTargetPlatformManager: Display: Loaded TargetPlatform 'LinuxAArch64Client'
[2020.06.24-19.13.52:734][  0]LogTargetPlatformManager: Display: Loaded TargetPlatform 'LinuxAArch64Server'
[2020.06.24-19.13.52:773][  0]LogTargetPlatformManager: Display: Loaded TargetPlatform 'Lumin'
[2020.06.24-19.13.52:773][  0]LogTargetPlatformManager: Display: Loaded TargetPlatform 'LuminClient'
[2020.06.24-19.13.52:805][  0]LogTargetPlatformManager: Display: Loaded TargetPlatform 'TVOSClient'
[2020.06.24-19.13.52:805][  0]LogTargetPlatformManager: Display: Loaded TargetPlatform 'TVOS'
[2020.06.24-19.13.52:816][  0]LogTargetPlatformManager: Display: Loaded TargetPlatform 'WindowsNoEditor'
[2020.06.24-19.13.52:833][  0]LogTargetPlatformManager: Display: Loaded TargetPlatform 'Windows'
[2020.06.24-19.13.52:845][  0]LogTargetPlatformManager: Display: Loaded TargetPlatform 'WindowsClient'
[2020.06.24-19.13.52:857][  0]LogTargetPlatformManager: Display: Loaded TargetPlatform 'WindowsServer'
[2020.06.24-19.13.52:857][  0]LogTargetPlatformManager: Display: Building Assets For Windows
[2020.06.24-19.13.52:879][  0]LogAudioDebug: Display: Lib vorbis DLL was dynamically loaded.
[2020.06.24-19.13.53:051][  0]LogShaderCompilers: Guid format shader working directory is -2 characters bigger than the processId version (D:/UnrealCourses/GameDev/VR/ArchitectureExplorer/Intermediate/Shaders/WorkingDirectory/6560/).
[2020.06.24-19.13.53:051][  0]LogShaderCompilers: Cleaned the shader compiler working directory 'C:/Users/kpras/AppData/Local/Temp/UnrealShaderWorkingDir/D409A74C4C434D4CDA2A75810848B666/'.
[2020.06.24-19.13.53:052][  0]LogXGEController: Cleaning working directory: C:/Users/kpras/AppData/Local/Temp/UnrealXGEWorkingDir/
[2020.06.24-19.13.53:052][  0]LogXGEController: Cannot use XGE Controller as Incredibuild is not installed on this machine.
[2020.06.24-19.13.53:052][  0]LogShaderCompilers: Cannot use XGE Shader Compiler as Incredibuild is not installed on this machine.
[2020.06.24-19.13.53:053][  0]LogShaderCompilers: Display: Using Local Shader Compiler.
[2020.06.24-19.13.54:043][  0]LogDerivedDataCache: Display: Max Cache Size: 512 MB
[2020.06.24-19.13.54:117][  0]LogDerivedDataCache: Loaded boot cache 0.07s 79MB C:/Users/kpras/AppData/Local/UnrealEngine/4.25/DerivedDataCache/Boot.ddc.
[2020.06.24-19.13.54:118][  0]LogDerivedDataCache: Display: Loaded Boot cache: C:/Users/kpras/AppData/Local/UnrealEngine/4.25/DerivedDataCache/Boot.ddc
[2020.06.24-19.13.54:118][  0]LogDerivedDataCache: FDerivedDataBackendGraph:  Pak pak cache file D:/UnrealCourses/GameDev/VR/ArchitectureExplorer/DerivedDataCache/DDC.ddp not found, will not use a pak cache.
[2020.06.24-19.13.54:118][  0]LogDerivedDataCache: Unable to find inner node Pak for hierarchical cache Hierarchy.
[2020.06.24-19.13.54:118][  0]LogDerivedDataCache: FDerivedDataBackendGraph:  CompressedPak pak cache file D:/UnrealCourses/GameDev/VR/ArchitectureExplorer/DerivedDataCache/Compressed.ddp not found, will not use a pak cache.
[2020.06.24-19.13.54:118][  0]LogDerivedDataCache: Unable to find inner node CompressedPak for hierarchical cache Hierarchy.
[2020.06.24-19.13.54:129][  0]LogDerivedDataCache: Display: Pak cache opened for reading ../../../Engine/DerivedDataCache/Compressed.ddp.
[2020.06.24-19.13.54:129][  0]LogDerivedDataCache: FDerivedDataBackendGraph:  EnterprisePak pak cache file ../../../Enterprise/DerivedDataCache/Compressed.ddp not found, will not use a pak cache.
[2020.06.24-19.13.54:129][  0]LogDerivedDataCache: Unable to find inner node EnterprisePak for hierarchical cache Hierarchy.
[2020.06.24-19.13.54:131][  0]LogDerivedDataCache: Using Local data cache path C:/Users/kpras/AppData/Local/UnrealEngine/Common/DerivedDataCache: Writable
[2020.06.24-19.13.54:131][  0]LogDerivedDataCache: Shared data cache path not found in *engine.ini, will not use an Shared cache.
[2020.06.24-19.13.54:131][  0]LogDerivedDataCache: Unable to find inner node Shared for hierarchical cache Hierarchy.
[2020.06.24-19.13.54:187][  0]LogSlate: Using FreeType 2.10.0
[2020.06.24-19.13.54:190][  0]LogSlate: SlateFontServices - WITH_FREETYPE: 1, WITH_HARFBUZZ: 1
[2020.06.24-19.13.54:229][  0]LogAssetRegistry: FAssetRegistry took 0.0044 seconds to start up
[2020.06.24-19.13.54:575][  0]LogInit: Selected Device Profile: [Windows]
[2020.06.24-19.13.54:827][  0]LogMeshReduction: Using QuadricMeshReduction for automatic static mesh reduction
[2020.06.24-19.13.54:827][  0]LogMeshReduction: Using SimplygonMeshReduction for automatic skeletal mesh reduction
[2020.06.24-19.13.54:827][  0]LogMeshReduction: Using ProxyLODMeshReduction for automatic mesh merging
[2020.06.24-19.13.54:827][  0]LogMeshReduction: No distributed automatic mesh merging module available
[2020.06.24-19.13.54:827][  0]LogMeshMerging: No distributed automatic mesh merging module available
[2020.06.24-19.13.54:871][  0]LogNetVersion: ArchitectureExplorer 1.0.0, NetCL: 13144385, EngineNetVer: 14, GameNetVer: 0 (Checksum: 2498555225)
[2020.06.24-19.13.55:562][  0]LogAISub: UAISubsystem::UAISubsystem AISubsystem (0000027DB23881C0), frame # 0
[2020.06.24-19.13.55:562][  0]LogAISub: UAISubsystem::UAISubsystem AIPerceptionSystem (0000027DB22B6AC0), frame # 0
[2020.06.24-19.13.55:566][  0]LogAISub: UAISubsystem::UAISubsystem EnvQueryManager (0000027DB22CB200), frame # 0
[2020.06.24-19.13.55:735][  0]LogPackageLocalizationCache: Processed 19 localized package path(s) for 1 prioritized culture(s) in 0.148860 seconds
[2020.06.24-19.13.55:740][  0]LogUObjectArray: 15917 objects as part of root set at end of initial load.
[2020.06.24-19.13.55:740][  0]LogUObjectAllocator: 3965568 out of 0 bytes used by permanent object pool.
[2020.06.24-19.13.55:740][  0]LogUObjectArray: CloseDisregardForGC: 0/0 objects in disregard for GC pool
[2020.06.24-19.13.56:620][  0]LogTcpMessaging: Initializing TcpMessaging bridge
[2020.06.24-19.13.56:629][  0]LogUdpMessaging: Initializing bridge on interface 0.0.0.0:0 to multicast group 230.0.0.1:6666.
[2020.06.24-19.13.57:712][  0]SourceControl: Source control is disabled
[2020.06.24-19.13.58:996][  0]LogAndroidPermission: UAndroidPermissionCallbackProxy::GetInstance
[2020.06.24-19.13.59:035][  0]LogAudioCaptureCore: Display: No Audio Capture implementations found. Audio input will be silent.
[2020.06.24-19.13.59:035][  0]LogAudioCaptureCore: Display: No Audio Capture implementations found. Audio input will be silent.
[2020.06.24-19.13.59:131][  0]LogOcInput: OculusInput pre-init called
[2020.06.24-19.13.59:479][  0]LogEngine: Initializing Engine...
[2020.06.24-19.13.59:481][  0]LogHMD: Oculus plugin initialized. Version: 4.25.1-13594126+++UE4+Release-4.25, OVRPlugin: 1.44.0
[2020.06.24-19.13.59:483][  0]LogStats: UGameplayTagsManager::InitializeManager -  0.001 s
[2020.06.24-19.13.59:624][  0]LogInit: Initializing FReadOnlyCVARCache
[2020.06.24-19.13.59:657][  0]LogAIModule: Creating AISystem for world Untitled
[2020.06.24-19.13.59:658][  0]LogAISub: UAISubsystem::UAISubsystem EnvQueryManager (0000027DBC237C00), frame # 0
[2020.06.24-19.13.59:658][  0]LogAISub: UAISubsystem::UAISubsystem AIPerceptionSystem (0000027DBC282700), frame # 0
[2020.06.24-19.13.59:670][  0]LogAudioMixer: Display: Audio Mixer Platform Settings:
[2020.06.24-19.13.59:670][  0]LogAudioMixer: Display: 	Sample Rate:						  48000
[2020.06.24-19.13.59:670][  0]LogAudioMixer: Display: 	Callback Buffer Frame Size Requested: 1024
[2020.06.24-19.13.59:670][  0]LogAudioMixer: Display: 	Callback Buffer Frame Size To Use:	  1024
[2020.06.24-19.13.59:670][  0]LogAudioMixer: Display: 	Number of buffers to queue:			  2
[2020.06.24-19.13.59:670][  0]LogAudioMixer: Display: 	Max Channels (voices):				  32
[2020.06.24-19.13.59:670][  0]LogAudioMixer: Display: 	Number of Async Source Workers:		  0
[2020.06.24-19.13.59:670][  0]LogAudio: Display: AudioDevice MaxSources: 32
[2020.06.24-19.13.59:672][  0]LogAudio: Display: Using built-in audio occlusion.
[2020.06.24-19.13.59:672][  0]LogAudioMixer: Display: Initializing audio mixer.
[2020.06.24-19.13.59:702][  0]LogAudioMixer: Display: 0: FrontLeft
[2020.06.24-19.13.59:702][  0]LogAudioMixer: Display: 1: FrontRight
[2020.06.24-19.13.59:747][  0]LogAudioMixer: Display: Using Audio Device Speakers (Realtek(R) Audio)
[2020.06.24-19.13.59:749][  0]LogAudioMixer: Display: Initializing Sound Submixes...
[2020.06.24-19.13.59:753][  0]LogAudioMixer: Display: Creating Master Submix 'MasterSubmixDefault'
[2020.06.24-19.13.59:753][  0]LogAudioMixer: Display: Creating Master Submix 'MasterReverbSubmixDefault'
[2020.06.24-19.13.59:755][  0]LogAudioMixer: Display: Creating Master Submix 'MasterEQSubmixDefault'
[2020.06.24-19.13.59:756][  0]LogInit: FAudioDevice initialized.
[2020.06.24-19.13.59:756][  0]LogNetVersion: Set ProjectVersion to 1.0.0.0. Version Checksum will be recalculated on next use.
[2020.06.24-19.13.59:803][  0]LogDerivedDataCache: Saved boot cache 0.05s 79MB C:/Users/kpras/AppData/Local/UnrealEngine/4.25/DerivedDataCache/Boot.ddc.
[2020.06.24-19.13.59:803][  0]LogInit: Texture streaming: Enabled
[2020.06.24-19.13.59:839][  0]LogEngineSessionManager: EngineSessionManager initialized
[2020.06.24-19.13.59:839][  0]LogEditorSessionSummary: Verbose: Initializing EditorSessionSummaryWriter for editor session tracking
[2020.06.24-19.13.59:845][  0]LogEditorSessionSummary: EditorSessionSummaryWriter initialized
[2020.06.24-19.13.59:919][  0]LogInit: Transaction tracking system initialized
[2020.06.24-19.13.59:976][  0]BlueprintLog: New page: Editor Load
[2020.06.24-19.14.00:192][  0]LocalizationService: Localization service is disabled
[2020.06.24-19.14.00:625][  0]LogFileCache: Scanning file cache for directory 'D:/UnrealCourses/GameDev/VR/ArchitectureExplorer/Content/' took 0.00s
[2020.06.24-19.14.00:625][  0]LogCook: Display: Max memory allowance for cook 16384mb min free memory 0mb
[2020.06.24-19.14.00:625][  0]LogCook: Display: Mobile HDR setting 1
[2020.06.24-19.14.01:275][  0]LogUnrealEdMisc: Loading editor; pre map load, took 15.743
[2020.06.24-19.14.01:276][  0]Cmd: MAP LOAD FILE="D:/UnrealCourses/GameDev/VR/ArchitectureExplorer/Content/Maps/06_ArchVizPostProcess_01.umap" TEMPLATE=0 SHOWPROGRESS=1 FEATURELEVEL=3
[2020.06.24-19.14.01:314][  0]LightingResults: New page: Lighting Build
[2020.06.24-19.14.01:317][  0]LogWorld: UWorld::CleanupWorld for Untitled, bSessionEnded=true, bCleanupResources=true
[2020.06.24-19.14.01:318][  0]LogSlate: InvalidateAllWidgets triggered.  All widgets were invalidated
[2020.06.24-19.14.01:318][  0]MapCheck: New page: Map Check
[2020.06.24-19.14.01:318][  0]LightingResults: New page: Lighting Build
[2020.06.24-19.14.01:332][  0]LogAISub: UAISubsystem::~UAISubsystem EnvQueryManager (0000027DBC237C00), frame # 0
[2020.06.24-19.14.01:332][  0]LogAISub: UAISubsystem::~UAISubsystem AIPerceptionSystem (0000027DBC282700), frame # 0
[2020.06.24-19.14.01:333][  0]LogUObjectHash: Compacting FUObjectHashTables data took   0.93ms
[2020.06.24-19.14.03:945][  0]LogAIModule: Creating AISystem for world 06_ArchVizPostProcess_01
[2020.06.24-19.14.03:946][  0]LogAISub: UAISubsystem::UAISubsystem EnvQueryManager (0000027DA40D7E00), frame # 0
[2020.06.24-19.14.03:946][  0]LogAISub: UAISubsystem::UAISubsystem AIPerceptionSystem (0000027DA40EB9C0), frame # 0
[2020.06.24-19.14.03:959][  0]LogEditorServer: Finished looking for orphan Actors (0.000 secs)
[2020.06.24-19.14.03:972][  0]LogUObjectHash: Compacting FUObjectHashTables data took   0.46ms
[2020.06.24-19.14.03:972][  0]Cmd: MAP CHECKDEP NOCLEARLOG
[2020.06.24-19.14.03:972][  0]MapCheck: Map check complete: 0 Error(s), 0 Warning(s), took 0.384ms to complete.
[2020.06.24-19.14.03:972][  0]LogFileHelpers: Loading map '06_ArchVizPostProcess_01' took 2.696
[2020.06.24-19.14.04:045][  0]LogUnrealEdMisc: Total Editor Startup Time, took 18.514
[2020.06.24-19.14.04:232][  0]LogSlate: Updating window title bar state: overlay mode, drag disabled, window buttons hidden, title bar hidden
[2020.06.24-19.14.04:239][  0]LogSlate: Updating window title bar state: overlay mode, drag disabled, window buttons hidden, title bar hidden
[2020.06.24-19.14.04:247][  0]LogSlate: Updating window title bar state: overlay mode, drag disabled, window buttons hidden, title bar hidden
[2020.06.24-19.14.04:255][  0]LogSlate: Updating window title bar state: overlay mode, drag disabled, window buttons hidden, title bar hidden
[2020.06.24-19.14.04:279][  0]LogCollectionManager: Loaded 0 collections in 0.002457 seconds
[2020.06.24-19.14.04:309][  0]LogFileCache: Scanning file cache for directory 'D:/UnrealCourses/GameDev/VR/ArchitectureExplorer/Saved/Collections/' took 0.00s
[2020.06.24-19.14.04:309][  0]LogFileCache: Scanning file cache for directory 'D:/UnrealCourses/GameDev/VR/ArchitectureExplorer/Content/Developers/kpras/Collections/' took 0.00s
[2020.06.24-19.14.04:309][  0]LogFileCache: Scanning file cache for directory 'D:/UnrealCourses/GameDev/VR/ArchitectureExplorer/Content/Collections/' took 0.00s
[2020.06.24-19.14.04:309][  0]LogContentBrowser: Native class hierarchy populated in 0.0120 seconds. Added 3429 classes and 823 folders.
[2020.06.24-19.14.04:318][  0]LogContentBrowser: Native class hierarchy updated for 'WidgetCarousel' in 0.0003 seconds. Added 0 classes and 0 folders.
[2020.06.24-19.14.04:457][  0]LogContentBrowser: Native class hierarchy updated for 'AddContentDialog' in 0.0005 seconds. Added 0 classes and 0 folders.
[2020.06.24-19.14.04:465][  0]LogContentBrowser: Native class hierarchy updated for 'SceneOutliner' in 0.0004 seconds. Added 2 classes and 0 folders.
[2020.06.24-19.14.04:558][  0]LogSlate: Took 0.001071 seconds to synchronously load lazily loaded font '../../../Engine/Content/Slate/Fonts/Roboto-Regular.ttf' (155K)
[2020.06.24-19.14.04:562][  0]LogSlate: Took 0.000821 seconds to synchronously load lazily loaded font '../../../Engine/Content/Slate/Fonts/Roboto-Bold.ttf' (160K)
[2020.06.24-19.14.04:569][  0]LogSlate: Took 0.000943 seconds to synchronously load lazily loaded font '../../../Engine/Content/Editor/Slate/Fonts/FontAwesome.ttf' (139K)
[2020.06.24-19.14.04:667][  0]LogRenderer: Reallocating scene render targets to support 948x472 Format 10 NumSamples 1 (Frame:1).
[2020.06.24-19.14.04:906][  0]LogContentBrowser: Native class hierarchy updated for 'HierarchicalLODOutliner' in 0.0003 seconds. Added 0 classes and 0 folders.
[2020.06.24-19.14.04:906][  0]LogLoad: (Engine Initialization) Total time: 19.37 seconds
[2020.06.24-19.14.04:906][  0]LogLoad: (Engine Initialization) Total Blueprint compile time: 0.00 seconds
[2020.06.24-19.14.04:925][  0]LogOcInput: OculusInput is initialized
[2020.06.24-19.14.04:950][  0]LogAssetRegistry: Asset discovery search completed in 10.7225 seconds
[2020.06.24-19.14.04:953][  0]LogCollectionManager: Fixed up redirectors for 0 collections in 0.000004 seconds (updated 0 objects)
[2020.06.24-19.14.04:956][  0]LogContentStreaming: Texture pool size now 1000 MB
[2020.06.24-19.14.05:937][ 40]LogSlate: Took 0.003263 seconds to synchronously load lazily loaded font '../../../Engine/Content/Slate/Fonts/Roboto-Light.ttf' (167K)
[2020.06.24-19.14.08:112][153]LogAssetEditorSubsystem: Opening Asset editor for Blueprint /Game/BP_VRGameMode.BP_VRGameMode
[2020.06.24-19.14.08:423][153]LogContentBrowser: Native class hierarchy updated for 'BlueprintGraph' in 0.0006 seconds. Added 125 classes and 0 folders.
[2020.06.24-19.14.09:292][153]LogAssetEditorSubsystem: Opening Asset editor for Blueprint /Game/BP_VRCharacter.BP_VRCharacter
[2020.06.24-19.14.12:345][299]LogWorld: UWorld::CleanupWorld for World_1, bSessionEnded=true, bCleanupResources=true
[2020.06.24-19.14.12:345][299]LogSlate: InvalidateAllWidgets triggered.  All widgets were invalidated
[2020.06.24-19.14.12:393][299]LogAssetEditorSubsystem: Opening Asset editor for Blueprint /Game/BP_VRCharacter.BP_VRCharacter
[2020.06.24-19.14.12:762][299]LogSlate: Took 0.000773 seconds to synchronously load lazily loaded font '../../../Engine/Content/Slate/Fonts/Roboto-BoldCondensed.ttf' (158K)
[2020.06.24-19.14.16:113][495]LogWorld: UWorld::CleanupWorld for World_0, bSessionEnded=true, bCleanupResources=true
[2020.06.24-19.14.16:113][495]LogSlate: InvalidateAllWidgets triggered.  All widgets were invalidated
[2020.06.24-19.14.16:175][495]LogAssetEditorSubsystem: Opening Asset editor for Blueprint /Game/BP_VRGameMode.BP_VRGameMode
[2020.06.24-19.14.20:278][704]LogSlate: Window 'BP_VRGameMode' being destroyed
[2020.06.24-19.14.22:178][812]LogSlate: Window 'BP_VRCharacter' being destroyed
[2020.06.24-19.16.10:284][550]LogAssetEditorSubsystem: Opening Asset editor for Class /Script/ArchitectureExplorer.VRCharacter
[2020.06.24-19.17.50:707][197]LogSlate: Took 0.002733 seconds to synchronously load lazily loaded font '../../../Engine/Content/Slate/Fonts/Roboto-Italic.ttf' (157K)
[2020.06.24-19.31.18:972][938]Candidate modules for hot reload:
[2020.06.24-19.31.18:972][938]  ArchitectureExplorer
[2020.06.24-19.31.18:972][938]Launching UnrealBuildTool... [C:/Program Files/Epic Games/UE_4.25/Engine/Binaries/DotNET/UnrealBuildTool.exe  -ModuleWithSuffix=ArchitectureExplorer,2697 ArchitectureExplorerEditor Win64 Development -Project="D:/UnrealCourses/GameDev/VR/ArchitectureExplorer/ArchitectureExplorer.uproject" "D:/UnrealCourses/GameDev/VR/ArchitectureExplorer/ArchitectureExplorer.uproject"  -IgnoreJunk]
[2020.06.24-19.31.19:748][938]Warning: Starting HotReload took  0.8s.
[2020.06.24-19.31.25:334][264]LogSlate: Took 0.009125 seconds to synchronously load lazily loaded font '../../../Engine/Content/Slate/Fonts/DroidSansMono.ttf' (77K)
[2020.06.24-19.33.04:181][617]CompilerResultsLog: New page: Compilation - Jun 24, 2020, 3:33:04 AM
[2020.06.24-19.33.04:181][617]CompilerResultsLog: Using 'git status' to determine working set for adaptive non-unity build (D:\UnrealCourses\GameDev\VR).
[2020.06.24-19.33.04:181][617]CompilerResultsLog: Building ArchitectureExplorerEditor...
[2020.06.24-19.33.04:181][617]CompilerResultsLog: Using Visual Studio 2019 14.26.28806 toolchain (C:\Program Files (x86)\Microsoft Visual Studio\2019\Community\VC\Tools\MSVC\14.26.28801) and Windows 10.0.18362.0 SDK (C:\Program Files (x86)\Windows Kits\10).
[2020.06.24-19.33.04:181][617]CompilerResultsLog: Building 4 actions with 12 processes...
[2020.06.24-19.33.04:181][617]CompilerResultsLog:   [1/4] VRCharacter.cpp
[2020.06.24-19.33.04:181][617]CompilerResultsLog:    C:\Program Files\Epic Games\UE_4.25\Engine\Source\Runtime\Core\Public\Logging/LogMacros.h(58) : error C2338: Invalid argument(s) passed to FMsg::Logf_Internal
[2020.06.24-19.33.04:181][617]CompilerResultsLog:   D:\UnrealCourses\GameDev\VR\ArchitectureExplorer\Source\ArchitectureExplorer\VRCharacter.cpp(49): note: see reference to function template instantiation 'void FMsg::Logf_Internal<wchar_t[7],FString>(const ANSICHAR *,int32,const FLogCategoryName &,ELogVerbosity::Type,const FmtType (&),FString)' being compiled
[2020.06.24-19.33.04:181][617]CompilerResultsLog:           with
[2020.06.24-19.33.04:181][617]CompilerResultsLog:           [
[2020.06.24-19.33.04:182][617]CompilerResultsLog:               FmtType=wchar_t [7]
[2020.06.24-19.33.04:182][617]CompilerResultsLog:           ]
[2020.06.24-19.33.04:182][617]CompilerResultsLog:   D:\UnrealCourses\GameDev\VR\ArchitectureExplorer\Source\ArchitectureExplorer\VRCharacter.cpp(49): note: see reference to function template instantiation 'void AVRCharacter::Tick::<lambda_96fd1aeedeb0be587f839d286bed0307>::operator ()<FLogCategoryLogTemp,wchar_t[7],FString>(const FLogCategoryLogTemp &,const wchar_t (&)[7],const FString &) const' being compiled
[2020.06.24-19.33.04:182][617]CompilerResultsLog:    C:\Program Files\Epic Games\UE_4.25\Engine\Source\Runtime\Core\Public\Logging/LogMacros.h(60) : error C4840: non-portable use of class 'FString' as an argument to a variadic function
[2020.06.24-19.33.04:182][617]CompilerResultsLog:   C:\Program Files\Epic Games\UE_4.25\Engine\Source\Runtime\Core\Public\Logging/LogMacros.h(60): note: 'FString::FString' is non-trivial
[2020.06.24-19.33.04:182][617]CompilerResultsLog:   C:\Program Files\Epic Games\UE_4.25\Engine\Source\Runtime\Core\Public\Containers/UnrealString.h(64): note: see declaration of 'FString::FString'
[2020.06.24-19.33.04:182][617]CompilerResultsLog:   C:\Program Files\Epic Games\UE_4.25\Engine\Source\Runtime\Core\Public\Logging/LogMacros.h(60): note: the constructor and destructor will not be called; a bitwise copy of the class will be passed as the argument
[2020.06.24-19.33.04:182][617]CompilerResultsLog:   C:\Program Files\Epic Games\UE_4.25\Engine\Source\Runtime\Core\Public\Windows/WindowsCriticalSection.h(9): note: see declaration of 'FString'
[2020.06.24-19.33.04:182][617]LogMainFrame: MainFrame: Module compiling took 105.214 seconds
[2020.06.24-19.33.04:182][617]Warning: HotReload failed, recompile failed
[2020.06.24-19.35.25:895][107]Candidate modules for hot reload:
[2020.06.24-19.35.25:895][107]  ArchitectureExplorer
[2020.06.24-19.35.25:895][107]Launching UnrealBuildTool... [C:/Program Files/Epic Games/UE_4.25/Engine/Binaries/DotNET/UnrealBuildTool.exe  -ModuleWithSuffix=ArchitectureExplorer,5265 ArchitectureExplorerEditor Win64 Development -Project="D:/UnrealCourses/GameDev/VR/ArchitectureExplorer/ArchitectureExplorer.uproject" "D:/UnrealCourses/GameDev/VR/ArchitectureExplorer/ArchitectureExplorer.uproject"  -IgnoreJunk]
[2020.06.24-19.35.25:902][107]Warning: Starting HotReload took  0.0s.
[2020.06.24-19.35.34:756][624]CompilerResultsLog: New page: Compilation - Jun 24, 2020, 3:35:34 AM
[2020.06.24-19.35.34:756][624]CompilerResultsLog: Using 'git status' to determine working set for adaptive non-unity build (D:\UnrealCourses\GameDev\VR).
[2020.06.24-19.35.34:756][624]CompilerResultsLog: Building ArchitectureExplorerEditor...
[2020.06.24-19.35.34:756][624]CompilerResultsLog: Using Visual Studio 2019 14.26.28806 toolchain (C:\Program Files (x86)\Microsoft Visual Studio\2019\Community\VC\Tools\MSVC\14.26.28801) and Windows 10.0.18362.0 SDK (C:\Program Files (x86)\Windows Kits\10).
[2020.06.24-19.35.34:756][624]CompilerResultsLog: Building 4 actions with 12 processes...
[2020.06.24-19.35.34:756][624]CompilerResultsLog:   [1/4] VRCharacter.cpp
[2020.06.24-19.35.34:756][624]CompilerResultsLog:   [2/4] UE4Editor-ArchitectureExplorer-5265.lib
[2020.06.24-19.35.34:756][624]CompilerResultsLog:      Creating library D:\UnrealCourses\GameDev\VR\ArchitectureExplorer\Intermediate\Build\Win64\UE4Editor\Development\ArchitectureExplorer\UE4Editor-ArchitectureExplorer-5265.lib and object D:\UnrealCourses\GameDev\VR\ArchitectureExplorer\Intermediate\Build\Win64\UE4Editor\Development\ArchitectureExplorer\UE4Editor-ArchitectureExplorer-5265.exp
[2020.06.24-19.35.34:756][624]CompilerResultsLog:   [3/4] UE4Editor-ArchitectureExplorer-5265.dll
[2020.06.24-19.35.34:756][624]CompilerResultsLog:      Creating library D:\UnrealCourses\GameDev\VR\ArchitectureExplorer\Intermediate\Build\Win64\UE4Editor\Development\ArchitectureExplorer\UE4Editor-ArchitectureExplorer-5265.suppressed.lib and object D:\UnrealCourses\GameDev\VR\ArchitectureExplorer\Intermediate\Build\Win64\UE4Editor\Development\ArchitectureExplorer\UE4Editor-ArchitectureExplorer-5265.suppressed.exp
[2020.06.24-19.35.34:756][624]CompilerResultsLog:   [4/4] ArchitectureExplorerEditor.target
[2020.06.24-19.35.34:756][624]CompilerResultsLog: Total time in Parallel executor: 8.14 seconds
[2020.06.24-19.35.34:756][624]CompilerResultsLog: Total execution time: 8.76 seconds
[2020.06.24-19.35.34:756][624]LogMainFrame: MainFrame: Module compiling took 8.864 seconds
[2020.06.24-19.35.35:774][624]LogContentBrowser: Native class hierarchy updated for 'ArchitectureExplorer' in 0.0004 seconds. Added 2 classes and 2 folders.
[2020.06.24-19.35.35:776][624]Display: HotReload successful (0 functions remapped  0 scriptstructs remapped)
[2020.06.24-19.35.35:843][624]LogContentBrowser: Native class hierarchy populated in 0.0079 seconds. Added 3429 classes and 823 folders.
[2020.06.24-19.35.35:844][624]Display: HotReload took 10.0s.
[2020.06.24-19.35.38:207][747]Candidate modules for hot reload:
[2020.06.24-19.35.38:207][747]  ArchitectureExplorer
[2020.06.24-19.35.38:207][747]Launching UnrealBuildTool... [C:/Program Files/Epic Games/UE_4.25/Engine/Binaries/DotNET/UnrealBuildTool.exe  -ModuleWithSuffix=ArchitectureExplorer,6809 ArchitectureExplorerEditor Win64 Development -Project="D:/UnrealCourses/GameDev/VR/ArchitectureExplorer/ArchitectureExplorer.uproject" "D:/UnrealCourses/GameDev/VR/ArchitectureExplorer/ArchitectureExplorer.uproject"  -IgnoreJunk]
[2020.06.24-19.35.38:213][747]Warning: Starting HotReload took  0.0s.
[2020.06.24-19.35.39:617][816]CompilerResultsLog: New page: Compilation - Jun 24, 2020, 3:35:39 AM
[2020.06.24-19.35.39:617][816]CompilerResultsLog: Using 'git status' to determine working set for adaptive non-unity build (D:\UnrealCourses\GameDev\VR).
[2020.06.24-19.35.39:617][816]CompilerResultsLog: Building ArchitectureExplorerEditor...
[2020.06.24-19.35.39:617][816]CompilerResultsLog: Using Visual Studio 2019 14.26.28806 toolchain (C:\Program Files (x86)\Microsoft Visual Studio\2019\Community\VC\Tools\MSVC\14.26.28801) and Windows 10.0.18362.0 SDK (C:\Program Files (x86)\Windows Kits\10).
[2020.06.24-19.35.39:617][816]CompilerResultsLog: Building 3 actions with 12 processes...
[2020.06.24-19.35.39:617][816]CompilerResultsLog:   [1/3] UE4Editor-ArchitectureExplorer-6809.lib
[2020.06.24-19.35.39:617][816]CompilerResultsLog:      Creating library D:\UnrealCourses\GameDev\VR\ArchitectureExplorer\Intermediate\Build\Win64\UE4Editor\Development\ArchitectureExplorer\UE4Editor-ArchitectureExplorer-6809.lib and object D:\UnrealCourses\GameDev\VR\ArchitectureExplorer\Intermediate\Build\Win64\UE4Editor\Development\ArchitectureExplorer\UE4Editor-ArchitectureExplorer-6809.exp
[2020.06.24-19.35.39:617][816]CompilerResultsLog:   [2/3] UE4Editor-ArchitectureExplorer-6809.dll
[2020.06.24-19.35.39:617][816]CompilerResultsLog:      Creating library D:\UnrealCourses\GameDev\VR\ArchitectureExplorer\Intermediate\Build\Win64\UE4Editor\Development\ArchitectureExplorer\UE4Editor-ArchitectureExplorer-6809.suppressed.lib and object D:\UnrealCourses\GameDev\VR\ArchitectureExplorer\Intermediate\Build\Win64\UE4Editor\Development\ArchitectureExplorer\UE4Editor-ArchitectureExplorer-6809.suppressed.exp
[2020.06.24-19.35.39:617][816]CompilerResultsLog:   [3/3] ArchitectureExplorerEditor.target
[2020.06.24-19.35.39:617][816]CompilerResultsLog: Total time in Parallel executor: 0.70 seconds
[2020.06.24-19.35.39:617][816]CompilerResultsLog: Total execution time: 1.32 seconds
[2020.06.24-19.35.39:617][816]LogMainFrame: MainFrame: Module compiling took 1.413 seconds
[2020.06.24-19.35.39:881][816]LogContentBrowser: Native class hierarchy updated for 'ArchitectureExplorer' in 0.0003 seconds. Added 2 classes and 2 folders.
[2020.06.24-19.35.39:884][816]Display: HotReload successful (0 functions remapped  0 scriptstructs remapped)
[2020.06.24-19.35.39:954][816]LogContentBrowser: Native class hierarchy populated in 0.0092 seconds. Added 3429 classes and 823 folders.
[2020.06.24-19.35.39:954][816]Display: HotReload took  1.8s.
[2020.06.24-19.36.21:524][ 34]Candidate modules for hot reload:
[2020.06.24-19.36.21:524][ 34]  ArchitectureExplorer
[2020.06.24-19.36.21:524][ 34]Launching UnrealBuildTool... [C:/Program Files/Epic Games/UE_4.25/Engine/Binaries/DotNET/UnrealBuildTool.exe  -ModuleWithSuffix=ArchitectureExplorer,3960 ArchitectureExplorerEditor Win64 Development -Project="D:/UnrealCourses/GameDev/VR/ArchitectureExplorer/ArchitectureExplorer.uproject" "D:/UnrealCourses/GameDev/VR/ArchitectureExplorer/ArchitectureExplorer.uproject"  -IgnoreJunk]
[2020.06.24-19.36.21:531][ 34]Warning: Starting HotReload took  0.0s.
[2020.06.24-19.36.23:835][158]CompilerResultsLog: New page: Compilation - Jun 24, 2020, 3:36:23 AM
[2020.06.24-19.36.23:835][158]CompilerResultsLog: Using 'git status' to determine working set for adaptive non-unity build (D:\UnrealCourses\GameDev\VR).
[2020.06.24-19.36.23:835][158]CompilerResultsLog: Building ArchitectureExplorerEditor...
[2020.06.24-19.36.23:835][158]CompilerResultsLog: Using Visual Studio 2019 14.26.28806 toolchain (C:\Program Files (x86)\Microsoft Visual Studio\2019\Community\VC\Tools\MSVC\14.26.28801) and Windows 10.0.18362.0 SDK (C:\Program Files (x86)\Windows Kits\10).
[2020.06.24-19.36.23:835][158]CompilerResultsLog: Building 4 actions with 12 processes...
[2020.06.24-19.36.23:835][158]CompilerResultsLog:   [1/4] VRCharacter.cpp
[2020.06.24-19.36.23:835][158]CompilerResultsLog:   [2/4] UE4Editor-ArchitectureExplorer-3960.lib
[2020.06.24-19.36.23:835][158]CompilerResultsLog:      Creating library D:\UnrealCourses\GameDev\VR\ArchitectureExplorer\Intermediate\Build\Win64\UE4Editor\Development\ArchitectureExplorer\UE4Editor-ArchitectureExplorer-3960.lib and object D:\UnrealCourses\GameDev\VR\ArchitectureExplorer\Intermediate\Build\Win64\UE4Editor\Development\ArchitectureExplorer\UE4Editor-ArchitectureExplorer-3960.exp
[2020.06.24-19.36.23:835][158]CompilerResultsLog:   [3/4] UE4Editor-ArchitectureExplorer-3960.dll
[2020.06.24-19.36.23:835][158]CompilerResultsLog:      Creating library D:\UnrealCourses\GameDev\VR\ArchitectureExplorer\Intermediate\Build\Win64\UE4Editor\Development\ArchitectureExplorer\UE4Editor-ArchitectureExplorer-3960.suppressed.lib and object D:\UnrealCourses\GameDev\VR\ArchitectureExplorer\Intermediate\Build\Win64\UE4Editor\Development\ArchitectureExplorer\UE4Editor-ArchitectureExplorer-3960.suppressed.exp
[2020.06.24-19.36.23:835][158]CompilerResultsLog:   [4/4] ArchitectureExplorerEditor.target
[2020.06.24-19.36.23:835][158]CompilerResultsLog: Total time in Parallel executor: 1.56 seconds
[2020.06.24-19.36.23:835][158]CompilerResultsLog: Total execution time: 2.22 seconds
[2020.06.24-19.36.23:835][158]LogMainFrame: MainFrame: Module compiling took 2.315 seconds
[2020.06.24-19.36.24:103][158]LogContentBrowser: Native class hierarchy updated for 'ArchitectureExplorer' in 0.0004 seconds. Added 2 classes and 2 folders.
[2020.06.24-19.36.24:106][158]Display: HotReload successful (0 functions remapped  0 scriptstructs remapped)
[2020.06.24-19.36.24:181][158]LogContentBrowser: Native class hierarchy populated in 0.0089 seconds. Added 3429 classes and 823 folders.
[2020.06.24-19.36.24:181][158]Display: HotReload took  2.7s.
[2020.06.24-19.36.25:404][214]Candidate modules for hot reload:
[2020.06.24-19.36.25:404][214]  ArchitectureExplorer
[2020.06.24-19.36.25:404][214]Launching UnrealBuildTool... [C:/Program Files/Epic Games/UE_4.25/Engine/Binaries/DotNET/UnrealBuildTool.exe  -ModuleWithSuffix=ArchitectureExplorer,9038 ArchitectureExplorerEditor Win64 Development -Project="D:/UnrealCourses/GameDev/VR/ArchitectureExplorer/ArchitectureExplorer.uproject" "D:/UnrealCourses/GameDev/VR/ArchitectureExplorer/ArchitectureExplorer.uproject"  -IgnoreJunk]
[2020.06.24-19.36.25:410][214]Warning: Starting HotReload took  0.0s.
[2020.06.24-19.36.26:816][282]CompilerResultsLog: New page: Compilation - Jun 24, 2020, 3:36:26 AM
[2020.06.24-19.36.26:816][282]CompilerResultsLog: Using 'git status' to determine working set for adaptive non-unity build (D:\UnrealCourses\GameDev\VR).
[2020.06.24-19.36.26:816][282]CompilerResultsLog: Building ArchitectureExplorerEditor...
[2020.06.24-19.36.26:816][282]CompilerResultsLog: Using Visual Studio 2019 14.26.28806 toolchain (C:\Program Files (x86)\Microsoft Visual Studio\2019\Community\VC\Tools\MSVC\14.26.28801) and Windows 10.0.18362.0 SDK (C:\Program Files (x86)\Windows Kits\10).
[2020.06.24-19.36.26:816][282]CompilerResultsLog: Building 3 actions with 12 processes...
[2020.06.24-19.36.26:816][282]CompilerResultsLog:   [1/3] UE4Editor-ArchitectureExplorer-9038.lib
[2020.06.24-19.36.26:816][282]CompilerResultsLog:      Creating library D:\UnrealCourses\GameDev\VR\ArchitectureExplorer\Intermediate\Build\Win64\UE4Editor\Development\ArchitectureExplorer\UE4Editor-ArchitectureExplorer-9038.lib and object D:\UnrealCourses\GameDev\VR\ArchitectureExplorer\Intermediate\Build\Win64\UE4Editor\Development\ArchitectureExplorer\UE4Editor-ArchitectureExplorer-9038.exp
[2020.06.24-19.36.26:816][282]CompilerResultsLog:   [2/3] UE4Editor-ArchitectureExplorer-9038.dll
[2020.06.24-19.36.26:816][282]CompilerResultsLog:      Creating library D:\UnrealCourses\GameDev\VR\ArchitectureExplorer\Intermediate\Build\Win64\UE4Editor\Development\ArchitectureExplorer\UE4Editor-ArchitectureExplorer-9038.suppressed.lib and object D:\UnrealCourses\GameDev\VR\ArchitectureExplorer\Intermediate\Build\Win64\UE4Editor\Development\ArchitectureExplorer\UE4Editor-ArchitectureExplorer-9038.suppressed.exp
[2020.06.24-19.36.26:816][282]CompilerResultsLog:   [3/3] ArchitectureExplorerEditor.target
[2020.06.24-19.36.26:816][282]CompilerResultsLog: Total time in Parallel executor: 0.70 seconds
[2020.06.24-19.36.26:816][282]CompilerResultsLog: Total execution time: 1.32 seconds
[2020.06.24-19.36.26:816][282]LogMainFrame: MainFrame: Module compiling took 1.416 seconds
[2020.06.24-19.36.27:084][282]LogContentBrowser: Native class hierarchy updated for 'ArchitectureExplorer' in 0.0003 seconds. Added 2 classes and 2 folders.
[2020.06.24-19.36.27:088][282]Display: HotReload successful (0 functions remapped  0 scriptstructs remapped)
[2020.06.24-19.36.27:171][282]LogContentBrowser: Native class hierarchy populated in 0.0078 seconds. Added 3429 classes and 823 folders.
[2020.06.24-19.36.27:171][282]Display: HotReload took  1.8s.
[2020.06.24-19.36.29:682][414]LogTemp: Repeating last play command: VR Preview
[2020.06.24-19.36.29:700][414]LogPlayLevel: PlayLevel: No blueprints needed recompiling
[2020.06.24-19.36.29:700][414]LogHMD: Initializing OVRPlugin session
[2020.06.24-19.36.29:849][414]LogHMD: Allocating Oculus 2688 x 1600 rendertarget swapchain
[2020.06.24-19.36.29:850][414]PIE: New page: PIE session: 06_ArchVizPostProcess_01 (Jun 24, 2020, 3:36:29 AM)
[2020.06.24-19.36.29:852][414]LogOnline: OSS: Creating online subsystem instance for: NULL
[2020.06.24-19.36.29:853][414]LogOnline: OSS: TryLoadSubsystemAndSetDefault: Loaded subsystem for module [NULL]
[2020.06.24-19.36.29:853][414]LogPlayLevel: Creating play world package: /Game/Maps/UEDPIE_0_06_ArchVizPostProcess_01
[2020.06.24-19.36.29:876][414]LogPlayLevel: PIE: StaticDuplicateObject took: (0.023124s)
[2020.06.24-19.36.29:878][414]LogAIModule: Creating AISystem for world 06_ArchVizPostProcess_01
[2020.06.24-19.36.29:878][414]LogAISub: UAISubsystem::UAISubsystem EnvQueryManager (0000027E33EB4800), frame # 16414
[2020.06.24-19.36.29:878][414]LogAISub: UAISubsystem::UAISubsystem AIPerceptionSystem (0000027E33E7BD80), frame # 16414
[2020.06.24-19.36.29:878][414]LogPlayLevel: PIE: World Init took: (0.001297s)
[2020.06.24-19.36.29:878][414]LogPlayLevel: PIE: Created PIE world by copying editor world from /Game/Maps/06_ArchVizPostProcess_01.06_ArchVizPostProcess_01 to /Game/Maps/UEDPIE_0_06_ArchVizPostProcess_01.06_ArchVizPostProcess_01 (0.024894s)
[2020.06.24-19.36.30:040][414]LogUObjectHash: Compacting FUObjectHashTables data took   5.78ms
[2020.06.24-19.36.30:042][414]LogAudioMixer: Display: Audio Mixer Platform Settings:
[2020.06.24-19.36.30:043][414]LogAudioMixer: Display: 	Sample Rate:						  48000
[2020.06.24-19.36.30:043][414]LogAudioMixer: Display: 	Callback Buffer Frame Size Requested: 1024
[2020.06.24-19.36.30:043][414]LogAudioMixer: Display: 	Callback Buffer Frame Size To Use:	  1024
[2020.06.24-19.36.30:043][414]LogAudioMixer: Display: 	Number of buffers to queue:			  2
[2020.06.24-19.36.30:043][414]LogAudioMixer: Display: 	Max Channels (voices):				  32
[2020.06.24-19.36.30:043][414]LogAudioMixer: Display: 	Number of Async Source Workers:		  0
[2020.06.24-19.36.30:043][414]LogAudio: Display: AudioDevice MaxSources: 32
[2020.06.24-19.36.30:043][414]LogAudio: Display: Using built-in audio occlusion.
[2020.06.24-19.36.30:043][414]LogAudioMixer: Display: Initializing audio mixer.
[2020.06.24-19.36.30:050][414]LogAudioMixer: Display: 0: FrontLeft
[2020.06.24-19.36.30:050][414]LogAudioMixer: Display: 1: FrontRight
[2020.06.24-19.36.30:052][414]LogAudioMixer: Display: 0: FrontLeft
[2020.06.24-19.36.30:052][414]LogAudioMixer: Display: 1: FrontRight
[2020.06.24-19.36.30:054][414]LogAudioMixer: Display: 0: FrontLeft
[2020.06.24-19.36.30:054][414]LogAudioMixer: Display: 1: FrontRight
[2020.06.24-19.36.30:058][414]LogAudioMixer: Display: 0: FrontLeft
[2020.06.24-19.36.30:058][414]LogAudioMixer: Display: 1: FrontRight
[2020.06.24-19.36.30:075][414]LogAudioMixer: Display: Using Audio Device Headphones (Rift Audio)
[2020.06.24-19.36.30:075][414]LogAudioMixer: Display: Initializing Sound Submixes...
[2020.06.24-19.36.30:075][414]LogAudioMixer: Display: Creating Master Submix 'MasterSubmixDefault'
[2020.06.24-19.36.30:075][414]LogAudioMixer: Display: Creating Master Submix 'MasterReverbSubmixDefault'
[2020.06.24-19.36.30:076][414]LogAudioMixer: Display: Creating Master Submix 'MasterEQSubmixDefault'
[2020.06.24-19.36.30:088][414]LogInit: FAudioDevice initialized.
[2020.06.24-19.36.30:099][414]LogSlate: Updating window title bar state: overlay mode, drag disabled, window buttons hidden, title bar hidden
[2020.06.24-19.36.30:172][414]LogLoad: Game class is 'BP_VRGameMode_C'
[2020.06.24-19.36.30:174][414]LogWorld: Bringing World /Game/Maps/UEDPIE_0_06_ArchVizPostProcess_01.06_ArchVizPostProcess_01 up for play (max tick rate 0) at 2020.06.24-11.36.30
[2020.06.24-19.36.30:175][414]LogWorld: Bringing up level for play took: 0.001689
[2020.06.24-19.36.30:175][414]LogOnline: OSS: Creating online subsystem instance for: :Context_8
[2020.06.24-19.36.30:205][414]LogContentBrowser: Native class hierarchy updated for 'MovieSceneCapture' in 0.0004 seconds. Added 20 classes and 0 folders.
[2020.06.24-19.36.30:209][414]PIE: Server logged in
[2020.06.24-19.36.30:210][414]PIE: Play in editor total start time 0.516 seconds.
[2020.06.24-19.36.30:211][414]LogEngine: Changing dynamic resolution state.
[2020.06.24-19.36.30:239][414]LogRenderer: Warning: Resizing VR buffer to 2688 by 1600
[2020.06.24-19.36.30:239][414]LogRenderer: Reallocating scene render targets to support 2688x1600 Format 10 NumSamples 1 (Frame:1).
[2020.06.24-19.36.30:239][414]LogHMD: Allocating Oculus 2688 x 1600 depth rendertarget swapchain
[2020.06.24-19.36.32:783][415]LogWindows: Error: === Critical error: ===
[2020.06.24-19.36.32:783][415]LogWindows: Error: 
[2020.06.24-19.36.32:783][415]LogWindows: Error: Fatal error!
[2020.06.24-19.36.32:783][415]LogWindows: Error: 
[2020.06.24-19.36.32:783][415]LogWindows: Error: Unhandled Exception: EXCEPTION_ACCESS_VIOLATION reading address 0x00000018
[2020.06.24-19.36.32:783][415]LogWindows: Error: 
[2020.06.24-19.36.32:783][415]LogWindows: Error: [Callstack] 0x00007ff878423789 UE4Editor-ArchitectureExplorer-9038.dll!AVRCharacter::Tick() [D:\UnrealCourses\GameDev\VR\ArchitectureExplorer\Source\ArchitectureExplorer\VRCharacter.cpp:51]
[2020.06.24-19.36.32:783][415]LogWindows: Error: [Callstack] 0x00007ff80f282f8a UE4Editor-Engine.dll!UnknownFunction []
[2020.06.24-19.36.32:783][415]LogWindows: Error: [Callstack] 0x00007ff80f2494c4 UE4Editor-Engine.dll!UnknownFunction []
[2020.06.24-19.36.32:783][415]LogWindows: Error: [Callstack] 0x00007ff81030616f UE4Editor-Engine.dll!UnknownFunction []
[2020.06.24-19.36.32:783][415]LogWindows: Error: [Callstack] 0x00007ff81030b1c7 UE4Editor-Engine.dll!UnknownFunction []
[2020.06.24-19.36.32:783][415]LogWindows: Error: [Callstack] 0x00007ff8161487d8 UE4Editor-Core.dll!UnknownFunction []
[2020.06.24-19.36.32:783][415]LogWindows: Error: [Callstack] 0x00007ff816148aa3 UE4Editor-Core.dll!UnknownFunction []
[2020.06.24-19.36.32:783][415]LogWindows: Error: [Callstack] 0x00007ff81615f027 UE4Editor-Core.dll!UnknownFunction []
[2020.06.24-19.36.32:783][415]LogWindows: Error: [Callstack] 0x00007ff8103271b2 UE4Editor-Engine.dll!UnknownFunction []
[2020.06.24-19.36.32:783][415]LogWindows: Error: [Callstack] 0x00007ff81032c47a UE4Editor-Engine.dll!UnknownFunction []
[2020.06.24-19.36.32:783][415]LogWindows: Error: [Callstack] 0x00007ff80faec43f UE4Editor-Engine.dll!UnknownFunction []
[2020.06.24-19.36.32:783][415]LogWindows: Error: [Callstack] 0x00007ff80faf6cd7 UE4Editor-Engine.dll!UnknownFunction []
[2020.06.24-19.36.32:783][415]LogWindows: Error: [Callstack] 0x00007ff814e1a737 UE4Editor-UnrealEd.dll!UnknownFunction []
[2020.06.24-19.36.32:783][415]LogWindows: Error: [Callstack] 0x00007ff8156f00d6 UE4Editor-UnrealEd.dll!UnknownFunction []
[2020.06.24-19.36.32:783][415]LogWindows: Error: [Callstack] 0x00007ff66bd77800 UE4Editor.exe!UnknownFunction []
[2020.06.24-19.36.32:783][415]LogWindows: Error: [Callstack] 0x00007ff66bd8ba7c UE4Editor.exe!UnknownFunction []
[2020.06.24-19.36.32:783][415]LogWindows: Error: [Callstack] 0x00007ff66bd8bb5a UE4Editor.exe!UnknownFunction []
[2020.06.24-19.36.32:783][415]LogWindows: Error: [Callstack] 0x00007ff66bd9e31d UE4Editor.exe!UnknownFunction []
[2020.06.24-19.36.32:783][415]LogWindows: Error: [Callstack] 0x00007ff66bda145a UE4Editor.exe!UnknownFunction []
[2020.06.24-19.36.32:783][415]LogWindows: Error: [Callstack] 0x00007ff8aca27bd4 KERNEL32.DLL!UnknownFunction []
[2020.06.24-19.36.32:783][415]LogWindows: Error: [Callstack] 0x00007ff8ae9cce51 ntdll.dll!UnknownFunction []
[2020.06.24-19.36.32:783][415]LogWindows: Error: 
[2020.06.24-19.36.32:850][415]LogExit: Executing StaticShutdownAfterError
[2020.06.24-19.36.32:854][415]LogWindows: FPlatformMisc::RequestExit(1)
[2020.06.24-19.36.32:854][415]LogCore: Engine exit requested (reason: Win RequestExit)
[2020.06.24-19.36.32:885][415]Log file closed, 06/24/20 11:36:32
