Log file open, 06/24/20 11:36:44
LogInit: Display: Running engine for game: ArchitectureExplorer
LogPlatformFile: Not using cached read wrapper
LogTaskGraph: Started task graph with 5 named threads and 35 total threads with 3 sets of task threads.
LogStats: Stats thread started at 1.912547
LogD3D11RHI: Loaded GFSDK_Aftermath_Lib.x64.dll
LogICUInternationalization: ICU TimeZone Detection - Raw Offset: -9:00, Platform Override: ''
LogPluginManager: Mounting plugin Paper2D
LogPluginManager: Mounting plugin AISupport
LogPluginManager: Mounting plugin LightPropagationVolume
LogPluginManager: Mounting plugin CameraShakePreviewer
LogPluginManager: Mounting plugin ActorLayerUtilities
LogPluginManager: Mounting plugin AnimationSharing
LogPluginManager: Mounting plugin CLionSourceCodeAccess
LogPluginManager: Mounting plugin CodeLiteSourceCodeAccess
LogPluginManager: Mounting plugin GitSourceControl
LogPluginManager: Mounting plugin KDevelopSourceCodeAccess
LogPluginManager: Mounting plugin NullSourceCodeAccess
LogPluginManager: Mounting plugin PerforceSourceControl
LogPluginManager: Mounting plugin PlasticSourceControl
LogPluginManager: Mounting plugin RiderSourceCodeAccess
LogPluginManager: Mounting plugin SubversionSourceControl
LogPluginManager: Mounting plugin UObjectPlugin
LogPluginManager: Mounting plugin VisualStudioCodeSourceCodeAccess
LogPluginManager: Mounting plugin VisualStudioSourceCodeAccess
LogPluginManager: Mounting plugin XCodeSourceCodeAccess
LogPluginManager: Mounting plugin AssetManagerEditor
LogPluginManager: Mounting plugin CryptoKeys
LogPluginManager: Mounting plugin CurveEditorTools
LogPluginManager: Mounting plugin DataValidation
LogPluginManager: Mounting plugin EditorScriptingUtilities
LogPluginManager: Mounting plugin FacialAnimation
LogPluginManager: Mounting plugin GameplayTagsEditor
LogPluginManager: Mounting plugin GeometryMode
LogPluginManager: Mounting plugin MacGraphicsSwitching
LogPluginManager: Mounting plugin MaterialAnalyzer
LogPluginManager: Mounting plugin MobileLauncherProfileWizard
LogPluginManager: Mounting plugin PluginBrowser
LogPluginManager: Mounting plugin SpeedTreeImporter
LogPluginManager: Mounting plugin DatasmithContent
LogPluginManager: Mounting plugin VariantManagerContent
LogPluginManager: Mounting plugin AlembicImporter
LogPluginManager: Mounting plugin AutomationUtils
LogPluginManager: Mounting plugin BackChannel
LogPluginManager: Mounting plugin ChaosCloth
LogPluginManager: Mounting plugin ChaosClothEditor
LogPluginManager: Mounting plugin ChaosEditor
LogPluginManager: Mounting plugin ChaosNiagara
LogPluginManager: Mounting plugin ChaosSolverPlugin
LogPluginManager: Mounting plugin CharacterAI
LogPluginManager: Mounting plugin GeometryCache
LogPluginManager: Mounting plugin GeometryCollectionPlugin
LogPluginManager: Mounting plugin GeometryProcessing
LogPluginManager: Mounting plugin PlanarCut
LogPluginManager: Mounting plugin PlatformCrypto
LogPluginManager: Mounting plugin ProxyLODPlugin
LogPluginManager: Mounting plugin SkeletalReduction
LogPluginManager: Mounting plugin Niagara
LogPluginManager: Mounting plugin MagicLeap
LogPluginManager: Mounting plugin MagicLeapLightEstimation
LogPluginManager: Mounting plugin MagicLeapMedia
LogPluginManager: Mounting plugin MagicLeapPassableWorld
LogPluginManager: Mounting plugin MLSDK
LogPluginManager: Mounting plugin AndroidMedia
LogPluginManager: Mounting plugin AvfMedia
LogPluginManager: Mounting plugin ImgMedia
LogPluginManager: Mounting plugin MediaCompositing
LogPluginManager: Mounting plugin MediaPlayerEditor
LogPluginManager: Mounting plugin WebMMedia
LogPluginManager: Mounting plugin WmfMedia
LogPluginManager: Mounting plugin MeshPainting
LogPluginManager: Mounting plugin TcpMessaging
LogPluginManager: Mounting plugin UdpMessaging
LogPluginManager: Mounting plugin ActorSequence
LogPluginManager: Mounting plugin LevelSequenceEditor
LogPluginManager: Mounting plugin MatineeToLevelSequence
LogPluginManager: Mounting plugin MovieRenderPipeline
LogPluginManager: Mounting plugin TemplateSequence
LogPluginManager: Mounting plugin NetcodeUnitTest
LogPluginManager: Mounting plugin NUTUnrealEngine4
LogPluginManager: Mounting plugin OnlineSubsystemGooglePlay
LogPluginManager: Mounting plugin OnlineSubsystemIOS
LogPluginManager: Mounting plugin OnlineSubsystem
LogPluginManager: Mounting plugin OnlineSubsystemNull
LogPluginManager: Mounting plugin OnlineSubsystemUtils
LogPluginManager: Mounting plugin LauncherChunkInstaller
LogPluginManager: Mounting plugin AndroidDeviceProfileSelector
LogPluginManager: Mounting plugin AndroidMoviePlayer
LogPluginManager: Mounting plugin AndroidPermission
LogPluginManager: Mounting plugin AppleImageUtils
LogPluginManager: Mounting plugin AppleMoviePlayer
LogPluginManager: Mounting plugin ArchVisCharacter
LogPluginManager: Mounting plugin AssetTags
LogPluginManager: Mounting plugin AudioCapture
LogPluginManager: Mounting plugin CableComponent
LogPluginManager: Mounting plugin CustomMeshComponent
LogPluginManager: Mounting plugin EditableMesh
LogPluginManager: Mounting plugin ExampleDeviceProfileSelector
LogPluginManager: Mounting plugin GoogleCloudMessaging
LogPluginManager: Mounting plugin GooglePAD
LogPluginManager: Mounting plugin IOSDeviceProfileSelector
LogPluginManager: Mounting plugin LinuxDeviceProfileSelector
LogPluginManager: Mounting plugin LocationServicesBPLibrary
LogPluginManager: Mounting plugin MobilePatchingUtils
LogPluginManager: Mounting plugin OculusVR
LogPluginManager: Mounting plugin PhysXVehicles
LogPluginManager: Mounting plugin PostSplashScreen
LogPluginManager: Mounting plugin ProceduralMeshComponent
LogPluginManager: Mounting plugin RuntimePhysXCooking
LogPluginManager: Mounting plugin SignificanceManager
LogPluginManager: Mounting plugin SoundFields
LogPluginManager: Mounting plugin SteamVR
LogPluginManager: Mounting plugin Synthesis
LogPluginManager: Mounting plugin WebMMoviePlayer
LogPluginManager: Mounting plugin WindowsMoviePlayer
LogPluginManager: Mounting plugin ScreenshotTools
LogInit: Using libcurl 7.55.1-DEV
LogInit:  - built for x86_64-pc-win32
LogInit:  - supports SSL with OpenSSL/1.1.1
LogInit:  - supports HTTP deflate (compression) using libz 1.2.8
LogInit:  - other features:
LogInit:      CURL_VERSION_SSL
LogInit:      CURL_VERSION_LIBZ
LogInit:      CURL_VERSION_IPV6
LogInit:      CURL_VERSION_ASYNCHDNS
LogInit:      CURL_VERSION_LARGEFILE
LogInit:      CURL_VERSION_IDN
LogInit:  CurlRequestOptions (configurable via config and command line):
LogInit:  - bVerifyPeer = true  - Libcurl will verify peer certificate
LogInit:  - bUseHttpProxy = false  - Libcurl will NOT use HTTP proxy
LogInit:  - bDontReuseConnections = false  - Libcurl will reuse connections
LogInit:  - MaxHostConnections = 16  - Libcurl will limit the number of connections to a host
LogInit:  - LocalHostAddr = Default
LogInit:  - BufferSize = 65536
LogOnline: OSS: Creating online subsystem instance for: NULL
LogInit: WinSock: version 1.1 (2.2), MaxSocks=32767, MaxUdp=65467
LogOnline: OSS: TryLoadSubsystemAndSetDefault: Loaded subsystem for module [NULL]
LogOculusPluginWrapper: OculusPlugin initialized successfully
LogInit: Build: ++UE4+Release-4.25-CL-13594126
LogInit: Engine Version: 4.25.1-13594126+++UE4+Release-4.25
LogInit: Compatible Engine Version: 4.25.0-13144385+++UE4+Release-4.25
LogInit: Net CL: 13144385
LogInit: OS: Windows 10 (Release 1903) (), CPU: Intel(R) Core(TM) i9-8950HK CPU @ 2.90GHz, GPU: NVIDIA GeForce GTX 1080
LogInit: Compiled (64-bit): Jun  2 2020 02:10:36
LogInit: Compiled with Visual C++: 19.24.28315.00
LogInit: Build Configuration: Development
LogInit: Branch Name: ++UE4+Release-4.25
LogInit: Command Line: 
LogInit: Base Directory: C:/Program Files/Epic Games/UE_4.25/Engine/Binaries/Win64/
LogInit: Allocator: TBB
LogInit: Installed Engine Build: 1
LogDevObjectVersion: Number of dev versions registered: 26
LogDevObjectVersion:   Dev-Blueprints (B0D832E4-1F89-4F0D-ACCF-7EB736FD4AA2): 10
LogDevObjectVersion:   Dev-Build (E1C64328-A22C-4D53-A36C-8E866417BD8C): 0
LogDevObjectVersion:   Dev-Core (375EC13C-06E4-48FB-B500-84F0262A717E): 4
LogDevObjectVersion:   Dev-Editor (E4B068ED-F494-42E9-A231-DA0B2E46BB41): 38
LogDevObjectVersion:   Dev-Framework (CFFC743F-43B0-4480-9391-14DF171D2073): 37
LogDevObjectVersion:   Dev-Mobile (B02B49B5-BB20-44E9-A304-32B752E40360): 2
LogDevObjectVersion:   Dev-Networking (A4E4105C-59A1-49B5-A7C5-40C4547EDFEE): 0
LogDevObjectVersion:   Dev-Online (39C831C9-5AE6-47DC-9A44-9C173E1C8E7C): 0
LogDevObjectVersion:   Dev-Physics (78F01B33-EBEA-4F98-B9B4-84EACCB95AA2): 4
LogDevObjectVersion:   Dev-Platform (6631380F-2D4D-43E0-8009-CF276956A95A): 0
LogDevObjectVersion:   Dev-Rendering (12F88B9F-8875-4AFC-A67C-D90C383ABD29): 43
LogDevObjectVersion:   Dev-Sequencer (7B5AE74C-D270-4C10-A958-57980B212A5A): 12
LogDevObjectVersion:   Dev-VR (D7296918-1DD6-4BDD-9DE2-64A83CC13884): 3
LogDevObjectVersion:   Dev-LoadTimes (C2A15278-BFE7-4AFE-6C17-90FF531DF755): 1
LogDevObjectVersion:   Private-Geometry (6EACA3D4-40EC-4CC1-B786-8BED09428FC5): 3
LogDevObjectVersion:   Dev-AnimPhys (29E575DD-E0A3-4627-9D10-D276232CDCEA): 17
LogDevObjectVersion:   Dev-Anim (AF43A65D-7FD3-4947-9873-3E8ED9C1BB05): 7
LogDevObjectVersion:   Dev-ReflectionCapture (6B266CEC-1EC7-4B8F-A30B-E4D90942FC07): 1
LogDevObjectVersion:   Dev-Automation (0DF73D61-A23F-47EA-B727-89E90C41499A): 1
LogDevObjectVersion:   FortniteMain (601D1886-AC64-4F84-AA16-D3DE0DEAC7D6): 31
LogDevObjectVersion:   Dev-Enterprise (9DFFBCD6-494F-0158-E221-12823C92A888): 10
LogDevObjectVersion:   Dev-Niagara (F2AED0AC-9AFE-416F-8664-AA7FFA26D6FC): 1
LogDevObjectVersion:   Dev-Destruction (174F1F0B-B4C6-45A5-B13F-2EE8D0FB917D): 10
LogDevObjectVersion:   Dev-Physics-Ext (35F94A83-E258-406C-A318-09F59610247C): 37
LogDevObjectVersion:   Dev-PhysicsMaterial-Chaos (B68FC16E-8B1B-42E2-B453-215C058844FE): 1
LogDevObjectVersion:   Dev-CineCamera (B2E18506-4273-CFC2-A54E-F4BB758BBA07): 1
LogInit: Presizing for max 25165824 objects, including 0 objects not considered by GC, pre-allocating 0 bytes for permanent pool.
LogConfig: Applying CVar settings from Section [/Script/Engine.StreamingSettings] File [D:/UnrealCourses/GameDev/VR/ArchitectureExplorer/Saved/Config/Windows/Engine.ini]
LogConfig: Setting CVar [[s.MinBulkDataSizeForAsyncLoading:131072]]
LogConfig: Setting CVar [[s.AsyncLoadingThreadEnabled:0]]
LogConfig: Setting CVar [[s.EventDrivenLoaderEnabled:1]]
LogConfig: Setting CVar [[s.WarnIfTimeLimitExceeded:0]]
LogConfig: Setting CVar [[s.TimeLimitExceededMultiplier:1.5]]
LogConfig: Setting CVar [[s.TimeLimitExceededMinTime:0.005]]
LogConfig: Setting CVar [[s.UseBackgroundLevelStreaming:1]]
LogConfig: Setting CVar [[s.PriorityAsyncLoadingExtraTime:15.0]]
LogConfig: Setting CVar [[s.LevelStreamingActorsUpdateTimeLimit:5.0]]
LogConfig: Setting CVar [[s.PriorityLevelStreamingActorsUpdateExtraTime:5.0]]
LogConfig: Setting CVar [[s.LevelStreamingComponentsRegistrationGranularity:10]]
LogConfig: Setting CVar [[s.UnregisterComponentsTimeLimit:1.0]]
LogConfig: Setting CVar [[s.LevelStreamingComponentsUnregistrationGranularity:5]]
LogConfig: Setting CVar [[s.FlushStreamingOnExit:1]]
LogInit: Object subsystem initialized
LogConfig: Setting CVar [[con.DebugEarlyDefault:1]]
LogConfig: Setting CVar [[r.setres:1280x720]]
[2020.06.24-19.36.44:512][  0]LogConfig: Setting CVar [[r.VSync:0]]
[2020.06.24-19.36.44:512][  0]LogConfig: Setting CVar [[r.RHICmdBypass:0]]
[2020.06.24-19.36.44:512][  0]LogConfig: Applying CVar settings from Section [/Script/Engine.RendererSettings] File [D:/UnrealCourses/GameDev/VR/ArchitectureExplorer/Saved/Config/Windows/Engine.ini]
[2020.06.24-19.36.44:512][  0]LogConfig: Setting CVar [[r.GPUCrashDebugging:0]]
[2020.06.24-19.36.44:512][  0]LogConfig: Applying CVar settings from Section [/Script/Engine.RendererOverrideSettings] File [D:/UnrealCourses/GameDev/VR/ArchitectureExplorer/Saved/Config/Windows/Engine.ini]
[2020.06.24-19.36.44:512][  0]LogConfig: Applying CVar settings from Section [/Script/Engine.StreamingSettings] File [D:/UnrealCourses/GameDev/VR/ArchitectureExplorer/Saved/Config/Windows/Engine.ini]
[2020.06.24-19.36.44:512][  0]LogConfig: Setting CVar [[s.MinBulkDataSizeForAsyncLoading:131072]]
[2020.06.24-19.36.44:512][  0]LogConfig: Setting CVar [[s.AsyncLoadingThreadEnabled:0]]
[2020.06.24-19.36.44:512][  0]LogConfig: Setting CVar [[s.EventDrivenLoaderEnabled:1]]
[2020.06.24-19.36.44:512][  0]LogConfig: Setting CVar [[s.WarnIfTimeLimitExceeded:0]]
[2020.06.24-19.36.44:512][  0]LogConfig: Setting CVar [[s.TimeLimitExceededMultiplier:1.5]]
[2020.06.24-19.36.44:512][  0]LogConfig: Setting CVar [[s.TimeLimitExceededMinTime:0.005]]
[2020.06.24-19.36.44:512][  0]LogConfig: Setting CVar [[s.UseBackgroundLevelStreaming:1]]
[2020.06.24-19.36.44:512][  0]LogConfig: Setting CVar [[s.PriorityAsyncLoadingExtraTime:15.0]]
[2020.06.24-19.36.44:512][  0]LogConfig: Setting CVar [[s.LevelStreamingActorsUpdateTimeLimit:5.0]]
[2020.06.24-19.36.44:512][  0]LogConfig: Setting CVar [[s.PriorityLevelStreamingActorsUpdateExtraTime:5.0]]
[2020.06.24-19.36.44:512][  0]LogConfig: Setting CVar [[s.LevelStreamingComponentsRegistrationGranularity:10]]
[2020.06.24-19.36.44:512][  0]LogConfig: Setting CVar [[s.UnregisterComponentsTimeLimit:1.0]]
[2020.06.24-19.36.44:512][  0]LogConfig: Setting CVar [[s.LevelStreamingComponentsUnregistrationGranularity:5]]
[2020.06.24-19.36.44:512][  0]LogConfig: Setting CVar [[s.FlushStreamingOnExit:1]]
[2020.06.24-19.36.44:512][  0]LogConfig: Applying CVar settings from Section [/Script/Engine.GarbageCollectionSettings] File [D:/UnrealCourses/GameDev/VR/ArchitectureExplorer/Saved/Config/Windows/Engine.ini]
[2020.06.24-19.36.44:513][  0]LogConfig: Setting CVar [[gc.MaxObjectsNotConsideredByGC:1]]
[2020.06.24-19.36.44:513][  0]LogConfig: Setting CVar [[gc.SizeOfPermanentObjectPool:0]]
[2020.06.24-19.36.44:513][  0]LogConfig: Setting CVar [[gc.FlushStreamingOnGC:0]]
[2020.06.24-19.36.44:513][  0]LogConfig: Setting CVar [[gc.NumRetriesBeforeForcingGC:10]]
[2020.06.24-19.36.44:513][  0]LogConfig: Setting CVar [[gc.AllowParallelGC:1]]
[2020.06.24-19.36.44:513][  0]LogConfig: Setting CVar [[gc.TimeBetweenPurgingPendingKillObjects:61.1]]
[2020.06.24-19.36.44:513][  0]LogConfig: Setting CVar [[gc.MaxObjectsInEditor:25165824]]
[2020.06.24-19.36.44:513][  0]LogConfig: Setting CVar [[gc.IncrementalBeginDestroyEnabled:1]]
[2020.06.24-19.36.44:513][  0]LogConfig: Setting CVar [[gc.CreateGCClusters:1]]
[2020.06.24-19.36.44:513][  0]LogConfig: Setting CVar [[gc.MinGCClusterSize:5]]
[2020.06.24-19.36.44:513][  0]LogConfig: Setting CVar [[gc.ActorClusteringEnabled:0]]
[2020.06.24-19.36.44:513][  0]LogConfig: Setting CVar [[gc.BlueprintClusteringEnabled:0]]
[2020.06.24-19.36.44:513][  0]LogConfig: Setting CVar [[gc.UseDisregardForGCOnDedicatedServers:0]]
[2020.06.24-19.36.44:513][  0]LogConfig: Applying CVar settings from Section [/Script/Engine.NetworkSettings] File [D:/UnrealCourses/GameDev/VR/ArchitectureExplorer/Saved/Config/Windows/Engine.ini]
[2020.06.24-19.36.44:513][  0]LogConfig: Applying CVar settings from Section [/Script/UnrealEd.CookerSettings] File [D:/UnrealCourses/GameDev/VR/ArchitectureExplorer/Saved/Config/Windows/Engine.ini]
[2020.06.24-19.36.44:514][  0]LogConfig: Applying CVar settings from Section [ViewDistanceQuality@3] File [D:/UnrealCourses/GameDev/VR/ArchitectureExplorer/Saved/Config/Windows/Scalability.ini]
[2020.06.24-19.36.44:514][  0]LogConfig: Setting CVar [[r.SkeletalMeshLODBias:0]]
[2020.06.24-19.36.44:514][  0]LogConfig: Setting CVar [[r.ViewDistanceScale:1.0]]
[2020.06.24-19.36.44:514][  0]LogConfig: Applying CVar settings from Section [AntiAliasingQuality@3] File [D:/UnrealCourses/GameDev/VR/ArchitectureExplorer/Saved/Config/Windows/Scalability.ini]
[2020.06.24-19.36.44:514][  0]LogConfig: Setting CVar [[r.PostProcessAAQuality:4]]
[2020.06.24-19.36.44:514][  0]LogConfig: Applying CVar settings from Section [ShadowQuality@3] File [D:/UnrealCourses/GameDev/VR/ArchitectureExplorer/Saved/Config/Windows/Scalability.ini]
[2020.06.24-19.36.44:514][  0]LogConfig: Setting CVar [[r.LightFunctionQuality:1]]
[2020.06.24-19.36.44:514][  0]LogConfig: Setting CVar [[r.ShadowQuality:5]]
[2020.06.24-19.36.44:514][  0]LogConfig: Setting CVar [[r.Shadow.CSM.MaxCascades:10]]
[2020.06.24-19.36.44:514][  0]LogConfig: Setting CVar [[r.Shadow.MaxResolution:2048]]
[2020.06.24-19.36.44:514][  0]LogConfig: Setting CVar [[r.Shadow.MaxCSMResolution:2048]]
[2020.06.24-19.36.44:514][  0]LogConfig: Setting CVar [[r.Shadow.RadiusThreshold:0.01]]
[2020.06.24-19.36.44:514][  0]LogConfig: Setting CVar [[r.Shadow.DistanceScale:1.0]]
[2020.06.24-19.36.44:515][  0]LogConfig: Setting CVar [[r.Shadow.CSM.TransitionScale:1.0]]
[2020.06.24-19.36.44:515][  0]LogConfig: Setting CVar [[r.Shadow.PreShadowResolutionFactor:1.0]]
[2020.06.24-19.36.44:515][  0]LogConfig: Setting CVar [[r.DistanceFieldShadowing:1]]
[2020.06.24-19.36.44:515][  0]LogConfig: Setting CVar [[r.DistanceFieldAO:1]]
[2020.06.24-19.36.44:515][  0]LogConfig: Setting CVar [[r.AOQuality:2]]
[2020.06.24-19.36.44:515][  0]LogConfig: Setting CVar [[r.VolumetricFog:1]]
[2020.06.24-19.36.44:515][  0]LogConfig: Setting CVar [[r.VolumetricFog.GridPixelSize:8]]
[2020.06.24-19.36.44:515][  0]LogConfig: Setting CVar [[r.VolumetricFog.GridSizeZ:128]]
[2020.06.24-19.36.44:515][  0]LogConfig: Setting CVar [[r.VolumetricFog.HistoryMissSupersampleCount:4]]
[2020.06.24-19.36.44:515][  0]LogConfig: Setting CVar [[r.LightMaxDrawDistanceScale:1]]
[2020.06.24-19.36.44:515][  0]LogConfig: Setting CVar [[r.CapsuleShadows:1]]
[2020.06.24-19.36.44:515][  0]LogConfig: Applying CVar settings from Section [PostProcessQuality@3] File [D:/UnrealCourses/GameDev/VR/ArchitectureExplorer/Saved/Config/Windows/Scalability.ini]
[2020.06.24-19.36.44:515][  0]LogConfig: Setting CVar [[r.MotionBlurQuality:4]]
[2020.06.24-19.36.44:515][  0]LogConfig: Setting CVar [[r.AmbientOcclusionMipLevelFactor:0.4]]
[2020.06.24-19.36.44:515][  0]LogConfig: Setting CVar [[r.AmbientOcclusionMaxQuality:100]]
[2020.06.24-19.36.44:515][  0]LogConfig: Setting CVar [[r.AmbientOcclusionLevels:-1]]
[2020.06.24-19.36.44:515][  0]LogConfig: Setting CVar [[r.AmbientOcclusionRadiusScale:1.0]]
[2020.06.24-19.36.44:515][  0]LogConfig: Setting CVar [[r.DepthOfFieldQuality:2]]
[2020.06.24-19.36.44:515][  0]LogConfig: Setting CVar [[r.RenderTargetPoolMin:400]]
[2020.06.24-19.36.44:515][  0]LogConfig: Setting CVar [[r.LensFlareQuality:2]]
[2020.06.24-19.36.44:515][  0]LogConfig: Setting CVar [[r.SceneColorFringeQuality:1]]
[2020.06.24-19.36.44:515][  0]LogConfig: Setting CVar [[r.EyeAdaptationQuality:2]]
[2020.06.24-19.36.44:515][  0]LogConfig: Setting CVar [[r.BloomQuality:5]]
[2020.06.24-19.36.44:515][  0]LogConfig: Setting CVar [[r.FastBlurThreshold:100]]
[2020.06.24-19.36.44:515][  0]LogConfig: Setting CVar [[r.Upscale.Quality:3]]
[2020.06.24-19.36.44:515][  0]LogConfig: Setting CVar [[r.Tonemapper.GrainQuantization:1]]
[2020.06.24-19.36.44:515][  0]LogConfig: Setting CVar [[r.LightShaftQuality:1]]
[2020.06.24-19.36.44:515][  0]LogConfig: Setting CVar [[r.Filter.SizeScale:1]]
[2020.06.24-19.36.44:515][  0]LogConfig: Setting CVar [[r.Tonemapper.Quality:5]]
[2020.06.24-19.36.44:515][  0]LogConfig: Setting CVar [[r.DOF.Gather.AccumulatorQuality:1        ; higher gathering accumulator quality]]
[2020.06.24-19.36.44:515][  0]LogConfig: Setting CVar [[r.DOF.Gather.PostfilterMethod:1          ; Median3x3 postfilering method]]
[2020.06.24-19.36.44:515][  0]LogConfig: Setting CVar [[r.DOF.Gather.EnableBokehSettings:0       ; no bokeh simulation when gathering]]
[2020.06.24-19.36.44:515][  0]LogConfig: Setting CVar [[r.DOF.Gather.RingCount:4                 ; medium number of samples when gathering]]
[2020.06.24-19.36.44:515][  0]LogConfig: Setting CVar [[r.DOF.Scatter.ForegroundCompositing:1    ; additive foreground scattering]]
[2020.06.24-19.36.44:515][  0]LogConfig: Setting CVar [[r.DOF.Scatter.BackgroundCompositing:2    ; additive background scattering]]
[2020.06.24-19.36.44:515][  0]LogConfig: Setting CVar [[r.DOF.Scatter.EnableBokehSettings:1      ; bokeh simulation when scattering]]
[2020.06.24-19.36.44:515][  0]LogConfig: Setting CVar [[r.DOF.Scatter.MaxSpriteRatio:0.1         ; only a maximum of 10% of scattered bokeh]]
[2020.06.24-19.36.44:515][  0]LogConfig: Setting CVar [[r.DOF.Recombine.Quality:1                ; cheap slight out of focus]]
[2020.06.24-19.36.44:515][  0]LogConfig: Setting CVar [[r.DOF.Recombine.EnableBokehSettings:0    ; no bokeh simulation on slight out of focus]]
[2020.06.24-19.36.44:515][  0]LogConfig: Setting CVar [[r.DOF.TemporalAAQuality:1                ; more stable temporal accumulation]]
[2020.06.24-19.36.44:515][  0]LogConfig: Setting CVar [[r.DOF.Kernel.MaxForegroundRadius:0.025]]
[2020.06.24-19.36.44:515][  0]LogConfig: Setting CVar [[r.DOF.Kernel.MaxBackgroundRadius:0.025]]
[2020.06.24-19.36.44:515][  0]LogConfig: Applying CVar settings from Section [TextureQuality@3] File [D:/UnrealCourses/GameDev/VR/ArchitectureExplorer/Saved/Config/Windows/Scalability.ini]
[2020.06.24-19.36.44:515][  0]LogConfig: Setting CVar [[r.Streaming.MipBias:0]]
[2020.06.24-19.36.44:515][  0]LogConfig: Setting CVar [[r.Streaming.AmortizeCPUToGPUCopy:0]]
[2020.06.24-19.36.44:515][  0]LogConfig: Setting CVar [[r.Streaming.MaxNumTexturesToStreamPerFrame:0]]
[2020.06.24-19.36.44:515][  0]LogConfig: Setting CVar [[r.Streaming.Boost:1]]
[2020.06.24-19.36.44:515][  0]LogConfig: Setting CVar [[r.MaxAnisotropy:8]]
[2020.06.24-19.36.44:515][  0]LogConfig: Setting CVar [[r.VT.MaxAnisotropy:8]]
[2020.06.24-19.36.44:515][  0]LogConfig: Setting CVar [[r.Streaming.LimitPoolSizeToVRAM:0]]
[2020.06.24-19.36.44:515][  0]LogConfig: Setting CVar [[r.Streaming.PoolSize:1000]]
[2020.06.24-19.36.44:515][  0]LogConfig: Setting CVar [[r.Streaming.MaxEffectiveScreenSize:0]]
[2020.06.24-19.36.44:515][  0]LogConfig: Applying CVar settings from Section [EffectsQuality@3] File [D:/UnrealCourses/GameDev/VR/ArchitectureExplorer/Saved/Config/Windows/Scalability.ini]
[2020.06.24-19.36.44:515][  0]LogConfig: Setting CVar [[r.TranslucencyLightingVolumeDim:64]]
[2020.06.24-19.36.44:515][  0]LogConfig: Setting CVar [[r.RefractionQuality:2]]
[2020.06.24-19.36.44:515][  0]LogConfig: Setting CVar [[r.SSR.Quality:3]]
[2020.06.24-19.36.44:515][  0]LogConfig: Setting CVar [[r.SSR.HalfResSceneColor:0]]
[2020.06.24-19.36.44:515][  0]LogConfig: Setting CVar [[r.SceneColorFormat:4]]
[2020.06.24-19.36.44:515][  0]LogConfig: Setting CVar [[r.DetailMode:2]]
[2020.06.24-19.36.44:515][  0]LogConfig: Setting CVar [[r.TranslucencyVolumeBlur:1]]
[2020.06.24-19.36.44:515][  0]LogConfig: Setting CVar [[r.MaterialQualityLevel:1 ; High quality]]
[2020.06.24-19.36.44:515][  0]LogConfig: Setting CVar [[r.SSS.Scale:1]]
[2020.06.24-19.36.44:515][  0]LogConfig: Setting CVar [[r.SSS.SampleSet:2]]
[2020.06.24-19.36.44:515][  0]LogConfig: Setting CVar [[r.SSS.Quality:1]]
[2020.06.24-19.36.44:515][  0]LogConfig: Setting CVar [[r.SSS.HalfRes:0]]
[2020.06.24-19.36.44:515][  0]LogConfig: Setting CVar [[r.SSGI.Quality:3]]
[2020.06.24-19.36.44:515][  0]LogConfig: Setting CVar [[r.EmitterSpawnRateScale:1.0]]
[2020.06.24-19.36.44:515][  0]LogConfig: Setting CVar [[r.ParticleLightQuality:2]]
[2020.06.24-19.36.44:515][  0]LogConfig: Setting CVar [[r.SkyAtmosphere.AerialPerspectiveLUT.FastApplyOnOpaque:1 ; Always have FastSkyLUT 1 in this case to avoid wrong sky]]
[2020.06.24-19.36.44:515][  0]LogConfig: Setting CVar [[r.SkyAtmosphere.AerialPerspectiveLUT.SampleCountPerSlice:1]]
[2020.06.24-19.36.44:515][  0]LogConfig: Setting CVar [[r.SkyAtmosphere.AerialPerspectiveLUT.DepthResolution:16.0]]
[2020.06.24-19.36.44:515][  0]LogConfig: Setting CVar [[r.SkyAtmosphere.FastSkyLUT:1]]
[2020.06.24-19.36.44:515][  0]LogConfig: Setting CVar [[r.SkyAtmosphere.FastSkyLUT.SampleCountMin:4.0]]
[2020.06.24-19.36.44:515][  0]LogConfig: Setting CVar [[r.SkyAtmosphere.FastSkyLUT.SampleCountMax:32.0]]
[2020.06.24-19.36.44:515][  0]LogConfig: Setting CVar [[r.SkyAtmosphere.SampleCountMin:4.0]]
[2020.06.24-19.36.44:515][  0]LogConfig: Setting CVar [[r.SkyAtmosphere.SampleCountMax:32.0]]
[2020.06.24-19.36.44:515][  0]LogConfig: Setting CVar [[r.SkyAtmosphere.TransmittanceLUT.UseSmallFormat:0]]
[2020.06.24-19.36.44:515][  0]LogConfig: Setting CVar [[r.SkyAtmosphere.TransmittanceLUT.SampleCount:10.0]]
[2020.06.24-19.36.44:515][  0]LogConfig: Setting CVar [[r.SkyAtmosphere.MultiScatteringLUT.SampleCount:15.0]]
[2020.06.24-19.36.44:515][  0]LogConfig: Applying CVar settings from Section [FoliageQuality@3] File [D:/UnrealCourses/GameDev/VR/ArchitectureExplorer/Saved/Config/Windows/Scalability.ini]
[2020.06.24-19.36.44:515][  0]LogConfig: Setting CVar [[foliage.DensityScale:1.0]]
[2020.06.24-19.36.44:515][  0]LogConfig: Setting CVar [[grass.DensityScale:1.0]]
[2020.06.24-19.36.44:515][  0]LogConfig: Applying CVar settings from Section [ShadingQuality@3] File [D:/UnrealCourses/GameDev/VR/ArchitectureExplorer/Saved/Config/Windows/Scalability.ini]
[2020.06.24-19.36.44:515][  0]LogConfig: Setting CVar [[r.HairStrands.SkyLighting.SampleCount:16]]
[2020.06.24-19.36.44:515][  0]LogConfig: Setting CVar [[r.HairStrands.SkyLighting.JitterIntegration:0]]
[2020.06.24-19.36.44:516][  0]LogConfig: Setting CVar [[r.HairStrands.SkyAO.SampleCount:16]]
[2020.06.24-19.36.44:516][  0]LogConfig: Setting CVar [[r.HairStrands.DeepShadow.SuperSampling:0]]
[2020.06.24-19.36.44:516][  0]LogConfig: Setting CVar [[r.HairStrands.VisibilityPPLL:0]]
[2020.06.24-19.36.44:516][  0]LogConfig: Setting CVar [[r.HairStrands.RasterizationScale:0.5]]
[2020.06.24-19.36.44:516][  0]LogConfig: Setting CVar [[r.HairStrands.VelocityRasterizationScale:1]]
[2020.06.24-19.36.44:516][  0]LogInit: Selected Device Profile: [Windows]
[2020.06.24-19.36.44:516][  0]LogInit: Applying CVar settings loaded from the selected device profile: [Windows]
[2020.06.24-19.36.44:516][  0]LogHAL: Display: Platform has ~ 32 GB [34271526912 / 34359738368 / 32], which maps to Largest [LargestMinGB=32, LargerMinGB=12, DefaultMinGB=8, SmallerMinGB=6, SmallestMinGB=0)
[2020.06.24-19.36.44:516][  0]LogInit: Going up to parent DeviceProfile []
[2020.06.24-19.36.44:516][  0]LogConfig: Applying CVar settings from Section [ViewDistanceQuality@3] File [D:/UnrealCourses/GameDev/VR/ArchitectureExplorer/Saved/Config/Windows/Scalability.ini]
[2020.06.24-19.36.44:516][  0]LogConfig: Setting CVar [[r.SkeletalMeshLODBias:0]]
[2020.06.24-19.36.44:516][  0]LogConfig: Setting CVar [[r.ViewDistanceScale:1.0]]
[2020.06.24-19.36.44:516][  0]LogConfig: Applying CVar settings from Section [AntiAliasingQuality@3] File [D:/UnrealCourses/GameDev/VR/ArchitectureExplorer/Saved/Config/Windows/Scalability.ini]
[2020.06.24-19.36.44:516][  0]LogConfig: Setting CVar [[r.PostProcessAAQuality:4]]
[2020.06.24-19.36.44:516][  0]LogConfig: Applying CVar settings from Section [ShadowQuality@3] File [D:/UnrealCourses/GameDev/VR/ArchitectureExplorer/Saved/Config/Windows/Scalability.ini]
[2020.06.24-19.36.44:516][  0]LogConfig: Setting CVar [[r.LightFunctionQuality:1]]
[2020.06.24-19.36.44:516][  0]LogConfig: Setting CVar [[r.ShadowQuality:5]]
[2020.06.24-19.36.44:516][  0]LogConfig: Setting CVar [[r.Shadow.CSM.MaxCascades:10]]
[2020.06.24-19.36.44:516][  0]LogConfig: Setting CVar [[r.Shadow.MaxResolution:2048]]
[2020.06.24-19.36.44:516][  0]LogConfig: Setting CVar [[r.Shadow.MaxCSMResolution:2048]]
[2020.06.24-19.36.44:516][  0]LogConfig: Setting CVar [[r.Shadow.RadiusThreshold:0.01]]
[2020.06.24-19.36.44:516][  0]LogConfig: Setting CVar [[r.Shadow.DistanceScale:1.0]]
[2020.06.24-19.36.44:516][  0]LogConfig: Setting CVar [[r.Shadow.CSM.TransitionScale:1.0]]
[2020.06.24-19.36.44:516][  0]LogConfig: Setting CVar [[r.Shadow.PreShadowResolutionFactor:1.0]]
[2020.06.24-19.36.44:516][  0]LogConfig: Setting CVar [[r.DistanceFieldShadowing:1]]
[2020.06.24-19.36.44:516][  0]LogConfig: Setting CVar [[r.DistanceFieldAO:1]]
[2020.06.24-19.36.44:516][  0]LogConfig: Setting CVar [[r.AOQuality:2]]
[2020.06.24-19.36.44:516][  0]LogConfig: Setting CVar [[r.VolumetricFog:1]]
[2020.06.24-19.36.44:516][  0]LogConfig: Setting CVar [[r.VolumetricFog.GridPixelSize:8]]
[2020.06.24-19.36.44:516][  0]LogConfig: Setting CVar [[r.VolumetricFog.GridSizeZ:128]]
[2020.06.24-19.36.44:516][  0]LogConfig: Setting CVar [[r.VolumetricFog.HistoryMissSupersampleCount:4]]
[2020.06.24-19.36.44:516][  0]LogConfig: Setting CVar [[r.LightMaxDrawDistanceScale:1]]
[2020.06.24-19.36.44:516][  0]LogConfig: Setting CVar [[r.CapsuleShadows:1]]
[2020.06.24-19.36.44:516][  0]LogConfig: Applying CVar settings from Section [PostProcessQuality@3] File [D:/UnrealCourses/GameDev/VR/ArchitectureExplorer/Saved/Config/Windows/Scalability.ini]
[2020.06.24-19.36.44:516][  0]LogConfig: Setting CVar [[r.MotionBlurQuality:4]]
[2020.06.24-19.36.44:516][  0]LogConfig: Setting CVar [[r.AmbientOcclusionMipLevelFactor:0.4]]
[2020.06.24-19.36.44:516][  0]LogConfig: Setting CVar [[r.AmbientOcclusionMaxQuality:100]]
[2020.06.24-19.36.44:516][  0]LogConfig: Setting CVar [[r.AmbientOcclusionLevels:-1]]
[2020.06.24-19.36.44:516][  0]LogConfig: Setting CVar [[r.AmbientOcclusionRadiusScale:1.0]]
[2020.06.24-19.36.44:516][  0]LogConfig: Setting CVar [[r.DepthOfFieldQuality:2]]
[2020.06.24-19.36.44:516][  0]LogConfig: Setting CVar [[r.RenderTargetPoolMin:400]]
[2020.06.24-19.36.44:516][  0]LogConfig: Setting CVar [[r.LensFlareQuality:2]]
[2020.06.24-19.36.44:516][  0]LogConfig: Setting CVar [[r.SceneColorFringeQuality:1]]
[2020.06.24-19.36.44:516][  0]LogConfig: Setting CVar [[r.EyeAdaptationQuality:2]]
[2020.06.24-19.36.44:516][  0]LogConfig: Setting CVar [[r.BloomQuality:5]]
[2020.06.24-19.36.44:516][  0]LogConfig: Setting CVar [[r.FastBlurThreshold:100]]
[2020.06.24-19.36.44:516][  0]LogConfig: Setting CVar [[r.Upscale.Quality:3]]
[2020.06.24-19.36.44:516][  0]LogConfig: Setting CVar [[r.Tonemapper.GrainQuantization:1]]
[2020.06.24-19.36.44:516][  0]LogConfig: Setting CVar [[r.LightShaftQuality:1]]
[2020.06.24-19.36.44:516][  0]LogConfig: Setting CVar [[r.Filter.SizeScale:1]]
[2020.06.24-19.36.44:516][  0]LogConfig: Setting CVar [[r.Tonemapper.Quality:5]]
[2020.06.24-19.36.44:516][  0]LogConfig: Setting CVar [[r.DOF.Gather.AccumulatorQuality:1        ; higher gathering accumulator quality]]
[2020.06.24-19.36.44:516][  0]LogConfig: Setting CVar [[r.DOF.Gather.PostfilterMethod:1          ; Median3x3 postfilering method]]
[2020.06.24-19.36.44:516][  0]LogConfig: Setting CVar [[r.DOF.Gather.EnableBokehSettings:0       ; no bokeh simulation when gathering]]
[2020.06.24-19.36.44:516][  0]LogConfig: Setting CVar [[r.DOF.Gather.RingCount:4                 ; medium number of samples when gathering]]
[2020.06.24-19.36.44:516][  0]LogConfig: Setting CVar [[r.DOF.Scatter.ForegroundCompositing:1    ; additive foreground scattering]]
[2020.06.24-19.36.44:516][  0]LogConfig: Setting CVar [[r.DOF.Scatter.BackgroundCompositing:2    ; additive background scattering]]
[2020.06.24-19.36.44:516][  0]LogConfig: Setting CVar [[r.DOF.Scatter.EnableBokehSettings:1      ; bokeh simulation when scattering]]
[2020.06.24-19.36.44:516][  0]LogConfig: Setting CVar [[r.DOF.Scatter.MaxSpriteRatio:0.1         ; only a maximum of 10% of scattered bokeh]]
[2020.06.24-19.36.44:516][  0]LogConfig: Setting CVar [[r.DOF.Recombine.Quality:1                ; cheap slight out of focus]]
[2020.06.24-19.36.44:516][  0]LogConfig: Setting CVar [[r.DOF.Recombine.EnableBokehSettings:0    ; no bokeh simulation on slight out of focus]]
[2020.06.24-19.36.44:516][  0]LogConfig: Setting CVar [[r.DOF.TemporalAAQuality:1                ; more stable temporal accumulation]]
[2020.06.24-19.36.44:516][  0]LogConfig: Setting CVar [[r.DOF.Kernel.MaxForegroundRadius:0.025]]
[2020.06.24-19.36.44:516][  0]LogConfig: Setting CVar [[r.DOF.Kernel.MaxBackgroundRadius:0.025]]
[2020.06.24-19.36.44:516][  0]LogConfig: Applying CVar settings from Section [TextureQuality@3] File [D:/UnrealCourses/GameDev/VR/ArchitectureExplorer/Saved/Config/Windows/Scalability.ini]
[2020.06.24-19.36.44:516][  0]LogConfig: Setting CVar [[r.Streaming.MipBias:0]]
[2020.06.24-19.36.44:516][  0]LogConfig: Setting CVar [[r.Streaming.AmortizeCPUToGPUCopy:0]]
[2020.06.24-19.36.44:516][  0]LogConfig: Setting CVar [[r.Streaming.MaxNumTexturesToStreamPerFrame:0]]
[2020.06.24-19.36.44:516][  0]LogConfig: Setting CVar [[r.Streaming.Boost:1]]
[2020.06.24-19.36.44:516][  0]LogConfig: Setting CVar [[r.MaxAnisotropy:8]]
[2020.06.24-19.36.44:516][  0]LogConfig: Setting CVar [[r.VT.MaxAnisotropy:8]]
[2020.06.24-19.36.44:516][  0]LogConfig: Setting CVar [[r.Streaming.LimitPoolSizeToVRAM:0]]
[2020.06.24-19.36.44:516][  0]LogConfig: Setting CVar [[r.Streaming.PoolSize:1000]]
[2020.06.24-19.36.44:516][  0]LogConfig: Setting CVar [[r.Streaming.MaxEffectiveScreenSize:0]]
[2020.06.24-19.36.44:516][  0]LogConfig: Applying CVar settings from Section [EffectsQuality@3] File [D:/UnrealCourses/GameDev/VR/ArchitectureExplorer/Saved/Config/Windows/Scalability.ini]
[2020.06.24-19.36.44:516][  0]LogConfig: Setting CVar [[r.TranslucencyLightingVolumeDim:64]]
[2020.06.24-19.36.44:516][  0]LogConfig: Setting CVar [[r.RefractionQuality:2]]
[2020.06.24-19.36.44:517][  0]LogConfig: Setting CVar [[r.SSR.Quality:3]]
[2020.06.24-19.36.44:517][  0]LogConfig: Setting CVar [[r.SSR.HalfResSceneColor:0]]
[2020.06.24-19.36.44:517][  0]LogConfig: Setting CVar [[r.SceneColorFormat:4]]
[2020.06.24-19.36.44:517][  0]LogConfig: Setting CVar [[r.DetailMode:2]]
[2020.06.24-19.36.44:517][  0]LogConfig: Setting CVar [[r.TranslucencyVolumeBlur:1]]
[2020.06.24-19.36.44:517][  0]LogConfig: Setting CVar [[r.MaterialQualityLevel:1 ; High quality]]
[2020.06.24-19.36.44:517][  0]LogConfig: Setting CVar [[r.SSS.Scale:1]]
[2020.06.24-19.36.44:517][  0]LogConfig: Setting CVar [[r.SSS.SampleSet:2]]
[2020.06.24-19.36.44:517][  0]LogConfig: Setting CVar [[r.SSS.Quality:1]]
[2020.06.24-19.36.44:517][  0]LogConfig: Setting CVar [[r.SSS.HalfRes:0]]
[2020.06.24-19.36.44:517][  0]LogConfig: Setting CVar [[r.SSGI.Quality:3]]
[2020.06.24-19.36.44:517][  0]LogConfig: Setting CVar [[r.EmitterSpawnRateScale:1.0]]
[2020.06.24-19.36.44:517][  0]LogConfig: Setting CVar [[r.ParticleLightQuality:2]]
[2020.06.24-19.36.44:517][  0]LogConfig: Setting CVar [[r.SkyAtmosphere.AerialPerspectiveLUT.FastApplyOnOpaque:1 ; Always have FastSkyLUT 1 in this case to avoid wrong sky]]
[2020.06.24-19.36.44:517][  0]LogConfig: Setting CVar [[r.SkyAtmosphere.AerialPerspectiveLUT.SampleCountPerSlice:1]]
[2020.06.24-19.36.44:517][  0]LogConfig: Setting CVar [[r.SkyAtmosphere.AerialPerspectiveLUT.DepthResolution:16.0]]
[2020.06.24-19.36.44:517][  0]LogConfig: Setting CVar [[r.SkyAtmosphere.FastSkyLUT:1]]
[2020.06.24-19.36.44:517][  0]LogConfig: Setting CVar [[r.SkyAtmosphere.FastSkyLUT.SampleCountMin:4.0]]
[2020.06.24-19.36.44:517][  0]LogConfig: Setting CVar [[r.SkyAtmosphere.FastSkyLUT.SampleCountMax:32.0]]
[2020.06.24-19.36.44:517][  0]LogConfig: Setting CVar [[r.SkyAtmosphere.SampleCountMin:4.0]]
[2020.06.24-19.36.44:517][  0]LogConfig: Setting CVar [[r.SkyAtmosphere.SampleCountMax:32.0]]
[2020.06.24-19.36.44:517][  0]LogConfig: Setting CVar [[r.SkyAtmosphere.TransmittanceLUT.UseSmallFormat:0]]
[2020.06.24-19.36.44:517][  0]LogConfig: Setting CVar [[r.SkyAtmosphere.TransmittanceLUT.SampleCount:10.0]]
[2020.06.24-19.36.44:517][  0]LogConfig: Setting CVar [[r.SkyAtmosphere.MultiScatteringLUT.SampleCount:15.0]]
[2020.06.24-19.36.44:517][  0]LogConfig: Applying CVar settings from Section [FoliageQuality@3] File [D:/UnrealCourses/GameDev/VR/ArchitectureExplorer/Saved/Config/Windows/Scalability.ini]
[2020.06.24-19.36.44:517][  0]LogConfig: Setting CVar [[foliage.DensityScale:1.0]]
[2020.06.24-19.36.44:517][  0]LogConfig: Setting CVar [[grass.DensityScale:1.0]]
[2020.06.24-19.36.44:517][  0]LogConfig: Applying CVar settings from Section [ShadingQuality@3] File [D:/UnrealCourses/GameDev/VR/ArchitectureExplorer/Saved/Config/Windows/Scalability.ini]
[2020.06.24-19.36.44:517][  0]LogConfig: Setting CVar [[r.HairStrands.SkyLighting.SampleCount:16]]
[2020.06.24-19.36.44:517][  0]LogConfig: Setting CVar [[r.HairStrands.SkyLighting.JitterIntegration:0]]
[2020.06.24-19.36.44:517][  0]LogConfig: Setting CVar [[r.HairStrands.SkyAO.SampleCount:16]]
[2020.06.24-19.36.44:517][  0]LogConfig: Setting CVar [[r.HairStrands.DeepShadow.SuperSampling:0]]
[2020.06.24-19.36.44:517][  0]LogConfig: Setting CVar [[r.HairStrands.VisibilityPPLL:0]]
[2020.06.24-19.36.44:517][  0]LogConfig: Setting CVar [[r.HairStrands.RasterizationScale:0.5]]
[2020.06.24-19.36.44:517][  0]LogConfig: Setting CVar [[r.HairStrands.VelocityRasterizationScale:1]]
[2020.06.24-19.36.44:517][  0]LogConfig: Applying CVar settings from Section [Startup] File [../../../Engine/Config/ConsoleVariables.ini]
[2020.06.24-19.36.44:519][  0]LogConfig: Setting CVar [[net.UseAdaptiveNetUpdateFrequency:0]]
[2020.06.24-19.36.44:519][  0]LogConfig: Setting CVar [[p.chaos.AllowCreatePhysxBodies:1]]
[2020.06.24-19.36.44:519][  0]LogConfig: Setting CVar [[fx.SkipVectorVMBackendOptimizations:1]]
[2020.06.24-19.36.44:519][  0]LogConfig: Applying CVar settings from Section [ConsoleVariables] File [D:/UnrealCourses/GameDev/VR/ArchitectureExplorer/Saved/Config/Windows/Engine.ini]
[2020.06.24-19.36.44:519][  0]LogInit: Computer: MSI
[2020.06.24-19.36.44:519][  0]LogInit: User: kpras
[2020.06.24-19.36.44:519][  0]LogInit: CPU Page size=4096, Cores=6
[2020.06.24-19.36.44:519][  0]LogInit: High frequency timer resolution =10.000000 MHz
[2020.06.24-19.36.44:519][  0]LogMemory: Memory total: Physical=31.9GB (32GB approx)
[2020.06.24-19.36.44:519][  0]LogMemory: Platform Memory Stats for Windows
[2020.06.24-19.36.44:519][  0]LogMemory: Process Physical Memory: 121.26 MB used, 121.27 MB peak
[2020.06.24-19.36.44:519][  0]LogMemory: Process Virtual Memory: 105.59 MB used, 105.59 MB peak
[2020.06.24-19.36.44:519][  0]LogMemory: Physical Memory: 11768.07 MB used,  20915.80 MB free, 32683.88 MB total
[2020.06.24-19.36.44:519][  0]LogMemory: Virtual Memory: 5214.68 MB used,  134212512.00 MB free, 134217728.00 MB total
[2020.06.24-19.36.44:526][  0]LogWindows: WindowsPlatformFeatures enabled
[2020.06.24-19.36.44:614][  0]LogInit: Physics initialised using underlying interface: PhysX
[2020.06.24-19.36.44:615][  0]LogInit: Using OS detected language (en-US).
[2020.06.24-19.36.44:615][  0]LogInit: Using OS detected locale (en-US).
[2020.06.24-19.36.44:622][  0]LogTextLocalizationManager: No specific localization for 'en-US' exists, so the 'en' localization will be used.
[2020.06.24-19.36.44:777][  0]LogInit: Setting process to per monitor DPI aware
[2020.06.24-19.36.44:804][  0]LogSlate: New Slate User Created.  User Index 0, Is Virtual User: 0
[2020.06.24-19.36.44:804][  0]LogSlate: Slate User Registered.  User Index 0, Is Virtual User: 0
[2020.06.24-19.36.44:954][  0]LogD3D11RHI: D3D11 min allowed feature level: 11_0
[2020.06.24-19.36.44:954][  0]LogD3D11RHI: D3D11 max allowed feature level: 11_0
[2020.06.24-19.36.44:954][  0]LogD3D11RHI: D3D11 adapters:
[2020.06.24-19.36.45:000][  0]LogD3D11RHI:    0. 'NVIDIA GeForce GTX 1080' (Feature Level 11_0)
[2020.06.24-19.36.45:000][  0]LogD3D11RHI:       8079/0/16341 MB DedicatedVideo/DedicatedSystem/SharedSystem, Outputs:1, VendorId:0x10de
[2020.06.24-19.36.45:002][  0]LogD3D11RHI:    1. 'Microsoft Basic Render Driver' (Feature Level 11_0)
[2020.06.24-19.36.45:002][  0]LogD3D11RHI:       0/0/16341 MB DedicatedVideo/DedicatedSystem/SharedSystem, Outputs:0, VendorId:0x1414
[2020.06.24-19.36.45:002][  0]LogD3D11RHI: Chosen D3D11 Adapter: 0
[2020.06.24-19.36.45:010][  0]LogD3D11RHI: Creating new Direct3DDevice
[2020.06.24-19.36.45:011][  0]LogD3D11RHI:     GPU DeviceId: 0x1be0 (for the marketing name, search the web for "GPU Device Id")
[2020.06.24-19.36.45:011][  0]LogWindows: EnumDisplayDevices:
[2020.06.24-19.36.45:011][  0]LogWindows:    0. 'NVIDIA GeForce GTX 1080' (P:1 D:1)
[2020.06.24-19.36.45:011][  0]LogWindows:    1. 'NVIDIA GeForce GTX 1080' (P:0 D:0)
[2020.06.24-19.36.45:011][  0]LogWindows:    2. 'NVIDIA GeForce GTX 1080' (P:0 D:0)
[2020.06.24-19.36.45:011][  0]LogWindows:    3. 'NVIDIA GeForce GTX 1080' (P:0 D:0)
[2020.06.24-19.36.45:011][  0]LogWindows: DebugString: FoundDriverCount:4 
[2020.06.24-19.36.45:012][  0]LogD3D11RHI:     Adapter Name: NVIDIA GeForce GTX 1080
[2020.06.24-19.36.45:012][  0]LogD3D11RHI:   Driver Version: 445.75 (internal:26.21.14.4575, unified:445.75)
[2020.06.24-19.36.45:012][  0]LogD3D11RHI:      Driver Date: 3-17-2020
[2020.06.24-19.36.45:012][  0]LogRHI: Texture pool is 5655 MB (70% of 8079 MB)
[2020.06.24-19.36.45:050][  0]LogD3D11RHI: RHI has support for 64 bit atomics
[2020.06.24-19.36.45:053][  0]LogD3D11RHI: [Aftermath] Enabled and primed
[2020.06.24-19.36.45:053][  0]LogD3D11RHI: Async texture creation enabled
[2020.06.24-19.36.45:053][  0]LogD3D11RHI: Array index from any shader is supported
[2020.06.24-19.36.45:078][  0]LogD3D11RHI: GPU Timing Frequency: 1000.000000 (Debug: 2 1)
[2020.06.24-19.36.45:355][  0]LogTargetPlatformManager: Display: Loaded TargetPlatform 'AllDesktop'
[2020.06.24-19.36.45:378][  0]LogTargetPlatformManager: Display: Loaded TargetPlatform 'Android'
[2020.06.24-19.36.45:378][  0]LogTargetPlatformManager: Display: Loaded TargetPlatform 'Android_ASTC'
[2020.06.24-19.36.45:378][  0]LogTargetPlatformManager: Display: Loaded TargetPlatform 'Android_DXT'
[2020.06.24-19.36.45:378][  0]LogTargetPlatformManager: Display: Loaded TargetPlatform 'Android_ETC2'
[2020.06.24-19.36.45:378][  0]LogTargetPlatformManager: Display: Loaded TargetPlatform 'AndroidClient'
[2020.06.24-19.36.45:378][  0]LogTargetPlatformManager: Display: Loaded TargetPlatform 'Android_ASTCClient'
[2020.06.24-19.36.45:378][  0]LogTargetPlatformManager: Display: Loaded TargetPlatform 'Android_DXTClient'
[2020.06.24-19.36.45:378][  0]LogTargetPlatformManager: Display: Loaded TargetPlatform 'Android_ETC2Client'
[2020.06.24-19.36.45:378][  0]LogTargetPlatformManager: Display: Loaded TargetPlatform 'Android_Multi'
[2020.06.24-19.36.45:378][  0]LogTargetPlatformManager: Display: Loaded TargetPlatform 'Android_MultiClient'
[2020.06.24-19.36.45:402][  0]LogTargetPlatformManager: Display: Loaded TargetPlatform 'IOSClient'
[2020.06.24-19.36.45:402][  0]LogTargetPlatformManager: Display: Loaded TargetPlatform 'IOS'
[2020.06.24-19.36.45:416][  0]LogTargetPlatformManager: Display: Loaded TargetPlatform 'Linux'
[2020.06.24-19.36.45:425][  0]LogTargetPlatformManager: Display: Loaded TargetPlatform 'LinuxNoEditor'
[2020.06.24-19.36.45:435][  0]LogTargetPlatformManager: Display: Loaded TargetPlatform 'LinuxClient'
[2020.06.24-19.36.45:444][  0]LogTargetPlatformManager: Display: Loaded TargetPlatform 'LinuxServer'
[2020.06.24-19.36.45:456][  0]LogTargetPlatformManager: Display: Loaded TargetPlatform 'LinuxAArch64NoEditor'
[2020.06.24-19.36.45:468][  0]LogTargetPlatformManager: Display: Loaded TargetPlatform 'LinuxAArch64Client'
[2020.06.24-19.36.45:477][  0]LogTargetPlatformManager: Display: Loaded TargetPlatform 'LinuxAArch64Server'
[2020.06.24-19.36.45:504][  0]LogTargetPlatformManager: Display: Loaded TargetPlatform 'Lumin'
[2020.06.24-19.36.45:504][  0]LogTargetPlatformManager: Display: Loaded TargetPlatform 'LuminClient'
[2020.06.24-19.36.45:522][  0]LogTargetPlatformManager: Display: Loaded TargetPlatform 'TVOSClient'
[2020.06.24-19.36.45:522][  0]LogTargetPlatformManager: Display: Loaded TargetPlatform 'TVOS'
[2020.06.24-19.36.45:531][  0]LogTargetPlatformManager: Display: Loaded TargetPlatform 'WindowsNoEditor'
[2020.06.24-19.36.45:543][  0]LogTargetPlatformManager: Display: Loaded TargetPlatform 'Windows'
[2020.06.24-19.36.45:552][  0]LogTargetPlatformManager: Display: Loaded TargetPlatform 'WindowsClient'
[2020.06.24-19.36.45:561][  0]LogTargetPlatformManager: Display: Loaded TargetPlatform 'WindowsServer'
[2020.06.24-19.36.45:561][  0]LogTargetPlatformManager: Display: Building Assets For Windows
[2020.06.24-19.36.45:574][  0]LogAudioDebug: Display: Lib vorbis DLL was dynamically loaded.
[2020.06.24-19.36.45:671][  0]LogShaderCompilers: Guid format shader working directory is -3 characters bigger than the processId version (D:/UnrealCourses/GameDev/VR/ArchitectureExplorer/Intermediate/Shaders/WorkingDirectory/10688/).
[2020.06.24-19.36.45:671][  0]LogShaderCompilers: Cleaned the shader compiler working directory 'C:/Users/kpras/AppData/Local/Temp/UnrealShaderWorkingDir/9B0A45154B412BAC3888CE8EA7D2E3F3/'.
[2020.06.24-19.36.45:671][  0]LogXGEController: Cleaning working directory: C:/Users/kpras/AppData/Local/Temp/UnrealXGEWorkingDir/
[2020.06.24-19.36.45:671][  0]LogXGEController: Cannot use XGE Controller as Incredibuild is not installed on this machine.
[2020.06.24-19.36.45:671][  0]LogShaderCompilers: Cannot use XGE Shader Compiler as Incredibuild is not installed on this machine.
[2020.06.24-19.36.45:671][  0]LogShaderCompilers: Display: Using Local Shader Compiler.
[2020.06.24-19.36.46:345][  0]LogDerivedDataCache: Display: Max Cache Size: 512 MB
[2020.06.24-19.36.46:387][  0]LogDerivedDataCache: Loaded boot cache 0.04s 79MB C:/Users/kpras/AppData/Local/UnrealEngine/4.25/DerivedDataCache/Boot.ddc.
[2020.06.24-19.36.46:387][  0]LogDerivedDataCache: Display: Loaded Boot cache: C:/Users/kpras/AppData/Local/UnrealEngine/4.25/DerivedDataCache/Boot.ddc
[2020.06.24-19.36.46:387][  0]LogDerivedDataCache: FDerivedDataBackendGraph:  Pak pak cache file D:/UnrealCourses/GameDev/VR/ArchitectureExplorer/DerivedDataCache/DDC.ddp not found, will not use a pak cache.
[2020.06.24-19.36.46:387][  0]LogDerivedDataCache: Unable to find inner node Pak for hierarchical cache Hierarchy.
[2020.06.24-19.36.46:387][  0]LogDerivedDataCache: FDerivedDataBackendGraph:  CompressedPak pak cache file D:/UnrealCourses/GameDev/VR/ArchitectureExplorer/DerivedDataCache/Compressed.ddp not found, will not use a pak cache.
[2020.06.24-19.36.46:387][  0]LogDerivedDataCache: Unable to find inner node CompressedPak for hierarchical cache Hierarchy.
[2020.06.24-19.36.46:397][  0]LogDerivedDataCache: Display: Pak cache opened for reading ../../../Engine/DerivedDataCache/Compressed.ddp.
[2020.06.24-19.36.46:397][  0]LogDerivedDataCache: FDerivedDataBackendGraph:  EnterprisePak pak cache file ../../../Enterprise/DerivedDataCache/Compressed.ddp not found, will not use a pak cache.
[2020.06.24-19.36.46:397][  0]LogDerivedDataCache: Unable to find inner node EnterprisePak for hierarchical cache Hierarchy.
[2020.06.24-19.36.46:398][  0]LogDerivedDataCache: Using Local data cache path C:/Users/kpras/AppData/Local/UnrealEngine/Common/DerivedDataCache: Writable
[2020.06.24-19.36.46:398][  0]LogDerivedDataCache: Shared data cache path not found in *engine.ini, will not use an Shared cache.
[2020.06.24-19.36.46:398][  0]LogDerivedDataCache: Unable to find inner node Shared for hierarchical cache Hierarchy.
[2020.06.24-19.36.46:442][  0]LogSlate: Using FreeType 2.10.0
[2020.06.24-19.36.46:442][  0]LogSlate: SlateFontServices - WITH_FREETYPE: 1, WITH_HARFBUZZ: 1
[2020.06.24-19.36.46:466][  0]LogAssetRegistry: FAssetRegistry took 0.0022 seconds to start up
[2020.06.24-19.36.46:657][  0]LogInit: Selected Device Profile: [Windows]
[2020.06.24-19.36.46:786][  0]LogMeshReduction: Using QuadricMeshReduction for automatic static mesh reduction
[2020.06.24-19.36.46:786][  0]LogMeshReduction: Using SimplygonMeshReduction for automatic skeletal mesh reduction
[2020.06.24-19.36.46:786][  0]LogMeshReduction: Using ProxyLODMeshReduction for automatic mesh merging
[2020.06.24-19.36.46:786][  0]LogMeshReduction: No distributed automatic mesh merging module available
[2020.06.24-19.36.46:786][  0]LogMeshMerging: No distributed automatic mesh merging module available
[2020.06.24-19.36.46:798][  0]LogNetVersion: ArchitectureExplorer 1.0.0, NetCL: 13144385, EngineNetVer: 14, GameNetVer: 0 (Checksum: 2498555225)
[2020.06.24-19.36.47:168][  0]LogAISub: UAISubsystem::UAISubsystem AISubsystem (000001F5CF824280), frame # 0
[2020.06.24-19.36.47:168][  0]LogAISub: UAISubsystem::UAISubsystem AIPerceptionSystem (000001F5CF772AC0), frame # 0
[2020.06.24-19.36.47:169][  0]LogAISub: UAISubsystem::UAISubsystem EnvQueryManager (000001F5CF77B200), frame # 0
[2020.06.24-19.36.47:211][  0]LogPackageLocalizationCache: Processed 19 localized package path(s) for 1 prioritized culture(s) in 0.037197 seconds
[2020.06.24-19.36.47:216][  0]LogUObjectArray: 15917 objects as part of root set at end of initial load.
[2020.06.24-19.36.47:216][  0]LogUObjectAllocator: 3965568 out of 0 bytes used by permanent object pool.
[2020.06.24-19.36.47:216][  0]LogUObjectArray: CloseDisregardForGC: 0/0 objects in disregard for GC pool
[2020.06.24-19.36.47:649][  0]LogTcpMessaging: Initializing TcpMessaging bridge
[2020.06.24-19.36.47:654][  0]LogUdpMessaging: Initializing bridge on interface 0.0.0.0:0 to multicast group 230.0.0.1:6666.
[2020.06.24-19.36.47:787][  0]SourceControl: Source control is disabled
[2020.06.24-19.36.48:720][  0]LogAndroidPermission: UAndroidPermissionCallbackProxy::GetInstance
[2020.06.24-19.36.48:744][  0]LogAudioCaptureCore: Display: No Audio Capture implementations found. Audio input will be silent.
[2020.06.24-19.36.48:744][  0]LogAudioCaptureCore: Display: No Audio Capture implementations found. Audio input will be silent.
[2020.06.24-19.36.48:816][  0]LogOcInput: OculusInput pre-init called
[2020.06.24-19.36.49:065][  0]LogEngine: Initializing Engine...
[2020.06.24-19.36.49:066][  0]LogHMD: Oculus plugin initialized. Version: 4.25.1-13594126+++UE4+Release-4.25, OVRPlugin: 1.44.0
[2020.06.24-19.36.49:067][  0]LogStats: UGameplayTagsManager::InitializeManager -  0.000 s
[2020.06.24-19.36.49:164][  0]LogInit: Initializing FReadOnlyCVARCache
[2020.06.24-19.36.49:176][  0]LogAIModule: Creating AISystem for world Untitled
[2020.06.24-19.36.49:176][  0]LogAISub: UAISubsystem::UAISubsystem EnvQueryManager (000001F5DA157C00), frame # 0
[2020.06.24-19.36.49:176][  0]LogAISub: UAISubsystem::UAISubsystem AIPerceptionSystem (000001F5DA19A200), frame # 0
[2020.06.24-19.36.49:188][  0]LogAudioMixer: Display: Audio Mixer Platform Settings:
[2020.06.24-19.36.49:188][  0]LogAudioMixer: Display: 	Sample Rate:						  48000
[2020.06.24-19.36.49:188][  0]LogAudioMixer: Display: 	Callback Buffer Frame Size Requested: 1024
[2020.06.24-19.36.49:188][  0]LogAudioMixer: Display: 	Callback Buffer Frame Size To Use:	  1024
[2020.06.24-19.36.49:188][  0]LogAudioMixer: Display: 	Number of buffers to queue:			  2
[2020.06.24-19.36.49:188][  0]LogAudioMixer: Display: 	Max Channels (voices):				  32
[2020.06.24-19.36.49:188][  0]LogAudioMixer: Display: 	Number of Async Source Workers:		  0
[2020.06.24-19.36.49:188][  0]LogAudio: Display: AudioDevice MaxSources: 32
[2020.06.24-19.36.49:189][  0]LogAudio: Display: Using built-in audio occlusion.
[2020.06.24-19.36.49:189][  0]LogAudioMixer: Display: Initializing audio mixer.
[2020.06.24-19.36.49:210][  0]LogAudioMixer: Display: 0: FrontLeft
[2020.06.24-19.36.49:210][  0]LogAudioMixer: Display: 1: FrontRight
[2020.06.24-19.36.49:268][  0]LogAudioMixer: Display: Using Audio Device Speakers (Realtek(R) Audio)
[2020.06.24-19.36.49:270][  0]LogAudioMixer: Display: Initializing Sound Submixes...
[2020.06.24-19.36.49:272][  0]LogAudioMixer: Display: Creating Master Submix 'MasterSubmixDefault'
[2020.06.24-19.36.49:272][  0]LogAudioMixer: Display: Creating Master Submix 'MasterReverbSubmixDefault'
[2020.06.24-19.36.49:272][  0]LogAudioMixer: Display: Creating Master Submix 'MasterEQSubmixDefault'
[2020.06.24-19.36.49:273][  0]LogInit: FAudioDevice initialized.
[2020.06.24-19.36.49:273][  0]LogNetVersion: Set ProjectVersion to 1.0.0.0. Version Checksum will be recalculated on next use.
[2020.06.24-19.36.49:321][  0]LogDerivedDataCache: Saved boot cache 0.05s 79MB C:/Users/kpras/AppData/Local/UnrealEngine/4.25/DerivedDataCache/Boot.ddc.
[2020.06.24-19.36.49:322][  0]LogInit: Texture streaming: Enabled
[2020.06.24-19.36.49:350][  0]LogEngineSessionManager: EngineSessionManager initialized
[2020.06.24-19.36.49:350][  0]LogEngineSessionManager: EngineSessionManager sent abnormal shutdown report. Type=Crashed, SessionId={8780846A-40B8-F1F3-D028-7998AEB4C3FD}
[2020.06.24-19.36.49:350][  0]LogEditorSessionSummary: Verbose: Initializing EditorSessionSummaryWriter for editor session tracking
[2020.06.24-19.36.49:355][  0]LogEditorSessionSummary: EditorSessionSummaryWriter initialized
[2020.06.24-19.36.49:411][  0]LogInit: Transaction tracking system initialized
[2020.06.24-19.36.49:443][  0]BlueprintLog: New page: Editor Load
[2020.06.24-19.36.49:548][  0]LocalizationService: Localization service is disabled
[2020.06.24-19.36.49:775][  0]LogCook: Display: Max memory allowance for cook 16384mb min free memory 0mb
[2020.06.24-19.36.49:775][  0]LogCook: Display: Mobile HDR setting 1
[2020.06.24-19.36.50:027][  0]LogFileCache: Scanning file cache for directory 'D:/UnrealCourses/GameDev/VR/ArchitectureExplorer/Content/' took 0.00s
[2020.06.24-19.36.50:242][  0]LogUnrealEdMisc: Loading editor; pre map load, took 9.257
[2020.06.24-19.36.50:242][  0]Cmd: MAP LOAD FILE="D:/UnrealCourses/GameDev/VR/ArchitectureExplorer/Content/Maps/06_ArchVizPostProcess_01.umap" TEMPLATE=0 SHOWPROGRESS=1 FEATURELEVEL=3
[2020.06.24-19.36.50:243][  0]LightingResults: New page: Lighting Build
[2020.06.24-19.36.50:243][  0]LogWorld: UWorld::CleanupWorld for Untitled, bSessionEnded=true, bCleanupResources=true
[2020.06.24-19.36.50:243][  0]LogSlate: InvalidateAllWidgets triggered.  All widgets were invalidated
[2020.06.24-19.36.50:243][  0]MapCheck: New page: Map Check
[2020.06.24-19.36.50:243][  0]LightingResults: New page: Lighting Build
[2020.06.24-19.36.50:253][  0]LogAISub: UAISubsystem::~UAISubsystem EnvQueryManager (000001F5DA157C00), frame # 0
[2020.06.24-19.36.50:253][  0]LogAISub: UAISubsystem::~UAISubsystem AIPerceptionSystem (000001F5DA19A200), frame # 0
[2020.06.24-19.36.50:254][  0]LogUObjectHash: Compacting FUObjectHashTables data took   0.54ms
[2020.06.24-19.36.50:396][  0]LogAIModule: Creating AISystem for world 06_ArchVizPostProcess_01
[2020.06.24-19.36.50:396][  0]LogAISub: UAISubsystem::UAISubsystem EnvQueryManager (000001F5DA5BFE00), frame # 0
[2020.06.24-19.36.50:396][  0]LogAISub: UAISubsystem::UAISubsystem AIPerceptionSystem (000001F5DA5FB9C0), frame # 0
[2020.06.24-19.36.50:400][  0]LogEditorServer: Finished looking for orphan Actors (0.000 secs)
[2020.06.24-19.36.50:410][  0]LogUObjectHash: Compacting FUObjectHashTables data took   0.50ms
[2020.06.24-19.36.50:411][  0]Cmd: MAP CHECKDEP NOCLEARLOG
[2020.06.24-19.36.50:411][  0]MapCheck: Map check complete: 0 Error(s), 0 Warning(s), took 0.078ms to complete.
[2020.06.24-19.36.50:411][  0]LogFileHelpers: Loading map '06_ArchVizPostProcess_01' took 0.169
[2020.06.24-19.36.50:412][  0]LogUnrealEdMisc: Total Editor Startup Time, took 9.428
[2020.06.24-19.36.50:546][  0]LogSlate: Updating window title bar state: overlay mode, drag disabled, window buttons hidden, title bar hidden
[2020.06.24-19.36.50:552][  0]LogSlate: Updating window title bar state: overlay mode, drag disabled, window buttons hidden, title bar hidden
[2020.06.24-19.36.50:559][  0]LogSlate: Updating window title bar state: overlay mode, drag disabled, window buttons hidden, title bar hidden
[2020.06.24-19.36.50:565][  0]LogSlate: Updating window title bar state: overlay mode, drag disabled, window buttons hidden, title bar hidden
[2020.06.24-19.36.50:577][  0]LogCollectionManager: Loaded 0 collections in 0.001620 seconds
[2020.06.24-19.36.50:588][  0]LogFileCache: Scanning file cache for directory 'D:/UnrealCourses/GameDev/VR/ArchitectureExplorer/Saved/Collections/' took 0.00s
[2020.06.24-19.36.50:588][  0]LogFileCache: Scanning file cache for directory 'D:/UnrealCourses/GameDev/VR/ArchitectureExplorer/Content/Developers/kpras/Collections/' took 0.00s
[2020.06.24-19.36.50:588][  0]LogFileCache: Scanning file cache for directory 'D:/UnrealCourses/GameDev/VR/ArchitectureExplorer/Content/Collections/' took 0.00s
[2020.06.24-19.36.50:588][  0]LogContentBrowser: Native class hierarchy populated in 0.0081 seconds. Added 3429 classes and 823 folders.
[2020.06.24-19.36.50:592][  0]LogContentBrowser: Native class hierarchy updated for 'WidgetCarousel' in 0.0003 seconds. Added 0 classes and 0 folders.
[2020.06.24-19.36.50:654][  0]LogContentBrowser: Native class hierarchy updated for 'AddContentDialog' in 0.0003 seconds. Added 0 classes and 0 folders.
[2020.06.24-19.36.50:658][  0]LogContentBrowser: Native class hierarchy updated for 'SceneOutliner' in 0.0005 seconds. Added 2 classes and 0 folders.
[2020.06.24-19.36.50:696][  0]LogSlate: Took 0.000212 seconds to synchronously load lazily loaded font '../../../Engine/Content/Slate/Fonts/Roboto-Regular.ttf' (155K)
[2020.06.24-19.36.50:699][  0]LogSlate: Took 0.000213 seconds to synchronously load lazily loaded font '../../../Engine/Content/Slate/Fonts/Roboto-Bold.ttf' (160K)
[2020.06.24-19.36.50:703][  0]LogSlate: Took 0.000150 seconds to synchronously load lazily loaded font '../../../Engine/Content/Editor/Slate/Fonts/FontAwesome.ttf' (139K)
[2020.06.24-19.36.50:769][  0]LogRenderer: Reallocating scene render targets to support 948x472 Format 10 NumSamples 1 (Frame:1).
[2020.06.24-19.36.50:863][  0]LogContentBrowser: Native class hierarchy updated for 'HierarchicalLODOutliner' in 0.0003 seconds. Added 0 classes and 0 folders.
[2020.06.24-19.36.50:863][  0]LogLoad: (Engine Initialization) Total time: 9.88 seconds
[2020.06.24-19.36.50:863][  0]LogLoad: (Engine Initialization) Total Blueprint compile time: 0.00 seconds
[2020.06.24-19.36.50:887][  0]LogOcInput: OculusInput is initialized
[2020.06.24-19.36.50:906][  0]LogAssetRegistry: Asset discovery search completed in 4.4414 seconds
[2020.06.24-19.36.50:909][  0]LogCollectionManager: Fixed up redirectors for 0 collections in 0.000003 seconds (updated 0 objects)
[2020.06.24-19.36.50:910][  0]LogContentStreaming: Texture pool size now 1000 MB
[2020.06.24-19.36.52:235][  4]LogSlate: Took 0.002204 seconds to synchronously load lazily loaded font '../../../Engine/Content/Slate/Fonts/Roboto-Light.ttf' (167K)
[2020.06.24-19.37.12:595][152]LogAssetEditorSubsystem: Opening Asset editor for Blueprint /Game/BP_VRGameMode.BP_VRGameMode
[2020.06.24-19.37.12:816][152]LogContentBrowser: Native class hierarchy updated for 'BlueprintGraph' in 0.0006 seconds. Added 125 classes and 0 folders.
[2020.06.24-19.37.13:557][152]LogAssetEditorSubsystem: Opening Asset editor for Blueprint /Game/BP_VRCharacter.BP_VRCharacter
[2020.06.24-19.37.16:978][321]LogSlate: Window 'BP_VRGameMode' being destroyed
[2020.06.24-19.37.20:840][550]LogSlate: Window 'BP_VRCharacter' being destroyed
[2020.06.24-19.37.20:846][550]LogWorld: UWorld::CleanupWorld for World_1, bSessionEnded=true, bCleanupResources=true
[2020.06.24-19.37.20:846][550]LogSlate: InvalidateAllWidgets triggered.  All widgets were invalidated
[2020.06.24-19.37.20:906][550]LogAssetEditorSubsystem: Opening Asset editor for Blueprint /Game/BP_VRCharacter.BP_VRCharacter
[2020.06.24-19.37.21:219][550]LogSlate: Took 0.002306 seconds to synchronously load lazily loaded font '../../../Engine/Content/Slate/Fonts/Roboto-BoldCondensed.ttf' (158K)
[2020.06.24-19.37.23:657][691]LogWorld: UWorld::CleanupWorld for World_0, bSessionEnded=true, bCleanupResources=true
[2020.06.24-19.37.23:657][691]LogSlate: InvalidateAllWidgets triggered.  All widgets were invalidated
[2020.06.24-19.37.23:705][691]LogAssetEditorSubsystem: Opening Asset editor for Blueprint /Game/BP_VRGameMode.BP_VRGameMode
[2020.06.24-19.48.19:458][830]Candidate modules for hot reload:
[2020.06.24-19.48.19:458][830]  ArchitectureExplorer
[2020.06.24-19.48.19:458][830]Launching UnrealBuildTool... [C:/Program Files/Epic Games/UE_4.25/Engine/Binaries/DotNET/UnrealBuildTool.exe  -ModuleWithSuffix=ArchitectureExplorer,763 ArchitectureExplorerEditor Win64 Development -Project="D:/UnrealCourses/GameDev/VR/ArchitectureExplorer/ArchitectureExplorer.uproject" "D:/UnrealCourses/GameDev/VR/ArchitectureExplorer/ArchitectureExplorer.uproject"  -IgnoreJunk]
[2020.06.24-19.48.19:465][830]Warning: Starting HotReload took  0.0s.
[2020.06.24-19.48.38:921][155]CompilerResultsLog: New page: Compilation - Jun 24, 2020, 3:48:38 AM
[2020.06.24-19.48.38:921][155]CompilerResultsLog: Using 'git status' to determine working set for adaptive non-unity build (D:\UnrealCourses\GameDev\VR).
[2020.06.24-19.48.38:921][155]CompilerResultsLog: Parsing headers for ArchitectureExplorerEditor
[2020.06.24-19.48.38:921][155]CompilerResultsLog:   Running UnrealHeaderTool "D:\UnrealCourses\GameDev\VR\ArchitectureExplorer\ArchitectureExplorer.uproject" "D:\UnrealCourses\GameDev\VR\ArchitectureExplorer\Intermediate\Build\Win64\ArchitectureExplorerEditor\Development\ArchitectureExplorerEditor.uhtmanifest" -LogCmds="loginit warning, logexit warning, logdatabase error" -Unattended -WarningsAsErrors -abslog="C:\Users\kpras\AppData\Local\UnrealBuildTool\Log_UHT.txt" -installed
[2020.06.24-19.48.38:921][155]CompilerResultsLog: Reflection code generated for ArchitectureExplorerEditor in 6.4133245 seconds
[2020.06.24-19.48.38:921][155]CompilerResultsLog: Building ArchitectureExplorerEditor...
[2020.06.24-19.48.38:921][155]CompilerResultsLog: Using Visual Studio 2019 14.26.28806 toolchain (C:\Program Files (x86)\Microsoft Visual Studio\2019\Community\VC\Tools\MSVC\14.26.28801) and Windows 10.0.18362.0 SDK (C:\Program Files (x86)\Windows Kits\10).
[2020.06.24-19.48.38:921][155]CompilerResultsLog: Building 6 actions with 12 processes...
[2020.06.24-19.48.38:921][155]CompilerResultsLog:   [1/6] VRCharacter.cpp
[2020.06.24-19.48.38:921][155]CompilerResultsLog:   [2/6] ArchitectureExplorer.init.gen.cpp
[2020.06.24-19.48.38:922][155]CompilerResultsLog:   [3/6] VRCharacter.gen.cpp
[2020.06.24-19.48.38:922][155]CompilerResultsLog:   [4/6] UE4Editor-ArchitectureExplorer-0763.lib
[2020.06.24-19.48.38:922][155]CompilerResultsLog:      Creating library D:\UnrealCourses\GameDev\VR\ArchitectureExplorer\Intermediate\Build\Win64\UE4Editor\Development\ArchitectureExplorer\UE4Editor-ArchitectureExplorer-0763.lib and object D:\UnrealCourses\GameDev\VR\ArchitectureExplorer\Intermediate\Build\Win64\UE4Editor\Development\ArchitectureExplorer\UE4Editor-ArchitectureExplorer-0763.exp
[2020.06.24-19.48.38:922][155]CompilerResultsLog:   [5/6] UE4Editor-ArchitectureExplorer-0763.dll
[2020.06.24-19.48.38:922][155]CompilerResultsLog:      Creating library D:\UnrealCourses\GameDev\VR\ArchitectureExplorer\Intermediate\Build\Win64\UE4Editor\Development\ArchitectureExplorer\UE4Editor-ArchitectureExplorer-0763.suppressed.lib and object D:\UnrealCourses\GameDev\VR\ArchitectureExplorer\Intermediate\Build\Win64\UE4Editor\Development\ArchitectureExplorer\UE4Editor-ArchitectureExplorer-0763.suppressed.exp
[2020.06.24-19.48.38:922][155]CompilerResultsLog:   [6/6] ArchitectureExplorerEditor.target
[2020.06.24-19.48.38:922][155]CompilerResultsLog: Total time in Parallel executor: 12.09 seconds
[2020.06.24-19.48.38:922][155]CompilerResultsLog: Total execution time: 19.16 seconds
[2020.06.24-19.48.38:922][155]LogMainFrame: MainFrame: Module compiling took 19.468 seconds
[2020.06.24-19.48.38:937][155]LogContentBrowser: Native class hierarchy populated in 0.0081 seconds. Added 3429 classes and 823 folders.
[2020.06.24-19.48.38:937][155]Display: HotReload took 19.5s.
[2020.06.24-19.49.52:472][588]Candidate modules for hot reload:
[2020.06.24-19.49.52:472][588]  ArchitectureExplorer
[2020.06.24-19.49.52:472][588]Launching UnrealBuildTool... [C:/Program Files/Epic Games/UE_4.25/Engine/Binaries/DotNET/UnrealBuildTool.exe  -ModuleWithSuffix=ArchitectureExplorer,4713 ArchitectureExplorerEditor Win64 Development -Project="D:/UnrealCourses/GameDev/VR/ArchitectureExplorer/ArchitectureExplorer.uproject" "D:/UnrealCourses/GameDev/VR/ArchitectureExplorer/ArchitectureExplorer.uproject"  -IgnoreJunk]
[2020.06.24-19.49.52:478][588]Warning: Starting HotReload took  0.0s.
[2020.06.24-19.49.55:237][736]CompilerResultsLog: New page: Compilation - Jun 24, 2020, 3:49:55 AM
[2020.06.24-19.49.55:237][736]CompilerResultsLog: Using 'git status' to determine working set for adaptive non-unity build (D:\UnrealCourses\GameDev\VR).
[2020.06.24-19.49.55:237][736]CompilerResultsLog: Building ArchitectureExplorerEditor...
[2020.06.24-19.49.55:237][736]CompilerResultsLog: Using Visual Studio 2019 14.26.28806 toolchain (C:\Program Files (x86)\Microsoft Visual Studio\2019\Community\VC\Tools\MSVC\14.26.28801) and Windows 10.0.18362.0 SDK (C:\Program Files (x86)\Windows Kits\10).
[2020.06.24-19.49.55:237][736]CompilerResultsLog: Building 4 actions with 12 processes...
[2020.06.24-19.49.55:237][736]CompilerResultsLog:   [1/4] VRCharacter.cpp
[2020.06.24-19.49.55:237][736]CompilerResultsLog:   [2/4] UE4Editor-ArchitectureExplorer-4713.lib
[2020.06.24-19.49.55:237][736]CompilerResultsLog:      Creating library D:\UnrealCourses\GameDev\VR\ArchitectureExplorer\Intermediate\Build\Win64\UE4Editor\Development\ArchitectureExplorer\UE4Editor-ArchitectureExplorer-4713.lib and object D:\UnrealCourses\GameDev\VR\ArchitectureExplorer\Intermediate\Build\Win64\UE4Editor\Development\ArchitectureExplorer\UE4Editor-ArchitectureExplorer-4713.exp
[2020.06.24-19.49.55:237][736]CompilerResultsLog:   [3/4] UE4Editor-ArchitectureExplorer-4713.dll
[2020.06.24-19.49.55:237][736]CompilerResultsLog:      Creating library D:\UnrealCourses\GameDev\VR\ArchitectureExplorer\Intermediate\Build\Win64\UE4Editor\Development\ArchitectureExplorer\UE4Editor-ArchitectureExplorer-4713.suppressed.lib and object D:\UnrealCourses\GameDev\VR\ArchitectureExplorer\Intermediate\Build\Win64\UE4Editor\Development\ArchitectureExplorer\UE4Editor-ArchitectureExplorer-4713.suppressed.exp
[2020.06.24-19.49.55:237][736]CompilerResultsLog:   [4/4] ArchitectureExplorerEditor.target
[2020.06.24-19.49.55:237][736]CompilerResultsLog: Total time in Parallel executor: 2.09 seconds
[2020.06.24-19.49.55:237][736]CompilerResultsLog: Total execution time: 2.68 seconds
[2020.06.24-19.49.55:238][736]LogMainFrame: MainFrame: Module compiling took 2.769 seconds
[2020.06.24-19.49.55:499][736]LogClass: Could not find existing class VRCharacter in package /Script/ArchitectureExplorer for HotReload, assuming new class
[2020.06.24-19.49.55:505][736]LogHotReload: Re-instancing VRCharacter after hot-reload.
[2020.06.24-19.49.55:562][736]LogContentBrowser: Native class hierarchy updated for 'ArchitectureExplorer' in 0.0003 seconds. Added 2 classes and 2 folders.
[2020.06.24-19.49.55:565][736]Display: HotReload successful (0 functions remapped  0 scriptstructs remapped)
[2020.06.24-19.49.55:642][736]LogContentBrowser: Native class hierarchy populated in 0.0080 seconds. Added 3429 classes and 823 folders.
[2020.06.24-19.49.55:642][736]Display: HotReload took  3.2s.
[2020.06.24-19.49.57:138][806]Candidate modules for hot reload:
[2020.06.24-19.49.57:138][806]  ArchitectureExplorer
[2020.06.24-19.49.57:138][806]Launching UnrealBuildTool... [C:/Program Files/Epic Games/UE_4.25/Engine/Binaries/DotNET/UnrealBuildTool.exe  -ModuleWithSuffix=ArchitectureExplorer,2202 ArchitectureExplorerEditor Win64 Development -Project="D:/UnrealCourses/GameDev/VR/ArchitectureExplorer/ArchitectureExplorer.uproject" "D:/UnrealCourses/GameDev/VR/ArchitectureExplorer/ArchitectureExplorer.uproject"  -IgnoreJunk]
[2020.06.24-19.49.57:144][806]Warning: Starting HotReload took  0.0s.
[2020.06.24-19.49.58:532][874]CompilerResultsLog: New page: Compilation - Jun 24, 2020, 3:49:58 AM
[2020.06.24-19.49.58:532][874]CompilerResultsLog: Using 'git status' to determine working set for adaptive non-unity build (D:\UnrealCourses\GameDev\VR).
[2020.06.24-19.49.58:532][874]CompilerResultsLog: Building ArchitectureExplorerEditor...
[2020.06.24-19.49.58:532][874]CompilerResultsLog: Using Visual Studio 2019 14.26.28806 toolchain (C:\Program Files (x86)\Microsoft Visual Studio\2019\Community\VC\Tools\MSVC\14.26.28801) and Windows 10.0.18362.0 SDK (C:\Program Files (x86)\Windows Kits\10).
[2020.06.24-19.49.58:532][874]CompilerResultsLog: Building 3 actions with 12 processes...
[2020.06.24-19.49.58:532][874]CompilerResultsLog:   [1/3] UE4Editor-ArchitectureExplorer-2202.lib
[2020.06.24-19.49.58:532][874]CompilerResultsLog:      Creating library D:\UnrealCourses\GameDev\VR\ArchitectureExplorer\Intermediate\Build\Win64\UE4Editor\Development\ArchitectureExplorer\UE4Editor-ArchitectureExplorer-2202.lib and object D:\UnrealCourses\GameDev\VR\ArchitectureExplorer\Intermediate\Build\Win64\UE4Editor\Development\ArchitectureExplorer\UE4Editor-ArchitectureExplorer-2202.exp
[2020.06.24-19.49.58:532][874]CompilerResultsLog:   [2/3] UE4Editor-ArchitectureExplorer-2202.dll
[2020.06.24-19.49.58:532][874]CompilerResultsLog:      Creating library D:\UnrealCourses\GameDev\VR\ArchitectureExplorer\Intermediate\Build\Win64\UE4Editor\Development\ArchitectureExplorer\UE4Editor-ArchitectureExplorer-2202.suppressed.lib and object D:\UnrealCourses\GameDev\VR\ArchitectureExplorer\Intermediate\Build\Win64\UE4Editor\Development\ArchitectureExplorer\UE4Editor-ArchitectureExplorer-2202.suppressed.exp
[2020.06.24-19.49.58:532][874]CompilerResultsLog:   [3/3] ArchitectureExplorerEditor.target
[2020.06.24-19.49.58:532][874]CompilerResultsLog: Total time in Parallel executor: 0.72 seconds
[2020.06.24-19.49.58:532][874]CompilerResultsLog: Total execution time: 1.31 seconds
[2020.06.24-19.49.58:532][874]LogMainFrame: MainFrame: Module compiling took 1.398 seconds
[2020.06.24-19.49.58:799][874]LogContentBrowser: Native class hierarchy updated for 'ArchitectureExplorer' in 0.0003 seconds. Added 2 classes and 2 folders.
[2020.06.24-19.49.58:803][874]Display: HotReload successful (0 functions remapped  0 scriptstructs remapped)
[2020.06.24-19.49.58:876][874]LogContentBrowser: Native class hierarchy populated in 0.0074 seconds. Added 3429 classes and 823 folders.
[2020.06.24-19.49.58:876][874]Display: HotReload took  1.7s.
[2020.06.24-19.50.00:534][955]LogTemp: Repeating last play command: VR Preview
[2020.06.24-19.50.00:548][955]LogPlayLevel: PlayLevel: No blueprints needed recompiling
[2020.06.24-19.50.00:548][955]LogHMD: Initializing OVRPlugin session
[2020.06.24-19.50.00:670][955]LogHMD: Allocating Oculus 2688 x 1600 rendertarget swapchain
[2020.06.24-19.50.00:671][955]PIE: New page: PIE session: 06_ArchVizPostProcess_01 (Jun 24, 2020, 3:50:00 AM)
[2020.06.24-19.50.00:672][955]LogOnline: OSS: Creating online subsystem instance for: NULL
[2020.06.24-19.50.00:673][955]LogOnline: OSS: TryLoadSubsystemAndSetDefault: Loaded subsystem for module [NULL]
[2020.06.24-19.50.00:673][955]LogPlayLevel: Creating play world package: /Game/Maps/UEDPIE_0_06_ArchVizPostProcess_01
[2020.06.24-19.50.00:684][955]LogPlayLevel: PIE: StaticDuplicateObject took: (0.010226s)
[2020.06.24-19.50.00:684][955]LogAIModule: Creating AISystem for world 06_ArchVizPostProcess_01
[2020.06.24-19.50.00:685][955]LogAISub: UAISubsystem::UAISubsystem EnvQueryManager (000001F62C9F9800), frame # 3955
[2020.06.24-19.50.00:685][955]LogAISub: UAISubsystem::UAISubsystem AIPerceptionSystem (000001F62C9E3D80), frame # 3955
[2020.06.24-19.50.00:685][955]LogPlayLevel: PIE: World Init took: (0.001127s)
[2020.06.24-19.50.00:685][955]LogPlayLevel: PIE: Created PIE world by copying editor world from /Game/Maps/06_ArchVizPostProcess_01.06_ArchVizPostProcess_01 to /Game/Maps/UEDPIE_0_06_ArchVizPostProcess_01.06_ArchVizPostProcess_01 (0.011489s)
[2020.06.24-19.50.00:812][955]LogUObjectHash: Compacting FUObjectHashTables data took   3.97ms
[2020.06.24-19.50.00:814][955]LogAudioMixer: Display: Audio Mixer Platform Settings:
[2020.06.24-19.50.00:814][955]LogAudioMixer: Display: 	Sample Rate:						  48000
[2020.06.24-19.50.00:814][955]LogAudioMixer: Display: 	Callback Buffer Frame Size Requested: 1024
[2020.06.24-19.50.00:814][955]LogAudioMixer: Display: 	Callback Buffer Frame Size To Use:	  1024
[2020.06.24-19.50.00:814][955]LogAudioMixer: Display: 	Number of buffers to queue:			  2
[2020.06.24-19.50.00:814][955]LogAudioMixer: Display: 	Max Channels (voices):				  32
[2020.06.24-19.50.00:814][955]LogAudioMixer: Display: 	Number of Async Source Workers:		  0
[2020.06.24-19.50.00:814][955]LogAudio: Display: AudioDevice MaxSources: 32
[2020.06.24-19.50.00:815][955]LogAudio: Display: Using built-in audio occlusion.
[2020.06.24-19.50.00:815][955]LogAudioMixer: Display: Initializing audio mixer.
[2020.06.24-19.50.00:820][955]LogAudioMixer: Display: 0: FrontLeft
[2020.06.24-19.50.00:820][955]LogAudioMixer: Display: 1: FrontRight
[2020.06.24-19.50.00:822][955]LogAudioMixer: Display: 0: FrontLeft
[2020.06.24-19.50.00:822][955]LogAudioMixer: Display: 1: FrontRight
[2020.06.24-19.50.00:824][955]LogAudioMixer: Display: 0: FrontLeft
[2020.06.24-19.50.00:824][955]LogAudioMixer: Display: 1: FrontRight
[2020.06.24-19.50.00:828][955]LogAudioMixer: Display: 0: FrontLeft
[2020.06.24-19.50.00:828][955]LogAudioMixer: Display: 1: FrontRight
[2020.06.24-19.50.00:844][955]LogAudioMixer: Display: Using Audio Device Headphones (Rift Audio)
[2020.06.24-19.50.00:844][955]LogAudioMixer: Display: Initializing Sound Submixes...
[2020.06.24-19.50.00:844][955]LogAudioMixer: Display: Creating Master Submix 'MasterSubmixDefault'
[2020.06.24-19.50.00:844][955]LogAudioMixer: Display: Creating Master Submix 'MasterReverbSubmixDefault'
[2020.06.24-19.50.00:844][955]LogAudioMixer: Display: Creating Master Submix 'MasterEQSubmixDefault'
[2020.06.24-19.50.00:857][955]LogInit: FAudioDevice initialized.
[2020.06.24-19.50.00:868][955]LogSlate: Updating window title bar state: overlay mode, drag disabled, window buttons hidden, title bar hidden
[2020.06.24-19.50.00:923][955]LogLoad: Game class is 'BP_VRGameMode_C'
[2020.06.24-19.50.00:925][955]LogWorld: Bringing World /Game/Maps/UEDPIE_0_06_ArchVizPostProcess_01.06_ArchVizPostProcess_01 up for play (max tick rate 0) at 2020.06.24-11.50.00
[2020.06.24-19.50.00:925][955]LogWorld: Bringing up level for play took: 0.001123
[2020.06.24-19.50.00:925][955]LogOnline: OSS: Creating online subsystem instance for: :Context_8
[2020.06.24-19.50.00:951][955]LogContentBrowser: Native class hierarchy updated for 'MovieSceneCapture' in 0.0004 seconds. Added 20 classes and 0 folders.
[2020.06.24-19.50.00:954][955]PIE: Server logged in
[2020.06.24-19.50.00:955][955]PIE: Play in editor total start time 0.412 seconds.
[2020.06.24-19.50.00:956][955]LogEngine: Changing dynamic resolution state.
[2020.06.24-19.50.02:954][955]LogWindows: Error: === Critical error: ===
[2020.06.24-19.50.02:954][955]LogWindows: Error: 
[2020.06.24-19.50.02:954][955]LogWindows: Error: Fatal error!
[2020.06.24-19.50.02:954][955]LogWindows: Error: 
[2020.06.24-19.50.02:954][955]LogWindows: Error: Unhandled Exception: EXCEPTION_ACCESS_VIOLATION reading address 0x00000018
[2020.06.24-19.50.02:954][955]LogWindows: Error: 
[2020.06.24-19.50.02:954][955]LogWindows: Error: [Callstack] 0x00007ff8a7de3802 UE4Editor-ArchitectureExplorer-2202.dll!AVRCharacter::UpdateDestinationMarker() [D:\UnrealCourses\GameDev\VR\ArchitectureExplorer\Source\ArchitectureExplorer\VRCharacter.cpp:75]
[2020.06.24-19.50.02:954][955]LogWindows: Error: [Callstack] 0x00007ff844c12f8a UE4Editor-Engine.dll!UnknownFunction []
[2020.06.24-19.50.02:954][955]LogWindows: Error: [Callstack] 0x00007ff844bd94c4 UE4Editor-Engine.dll!UnknownFunction []
[2020.06.24-19.50.02:954][955]LogWindows: Error: [Callstack] 0x00007ff845c9616f UE4Editor-Engine.dll!UnknownFunction []
[2020.06.24-19.50.02:954][955]LogWindows: Error: [Callstack] 0x00007ff845c9b1c7 UE4Editor-Engine.dll!UnknownFunction []
[2020.06.24-19.50.02:954][955]LogWindows: Error: [Callstack] 0x00007ff843aa87d8 UE4Editor-Core.dll!UnknownFunction []
[2020.06.24-19.50.02:954][955]LogWindows: Error: [Callstack] 0x00007ff843aa8aa3 UE4Editor-Core.dll!UnknownFunction []
[2020.06.24-19.50.02:954][955]LogWindows: Error: [Callstack] 0x00007ff843abf027 UE4Editor-Core.dll!UnknownFunction []
[2020.06.24-19.50.02:954][955]LogWindows: Error: [Callstack] 0x00007ff845cb71b2 UE4Editor-Engine.dll!UnknownFunction []
[2020.06.24-19.50.02:954][955]LogWindows: Error: [Callstack] 0x00007ff845cbc47a UE4Editor-Engine.dll!UnknownFunction []
[2020.06.24-19.50.02:954][955]LogWindows: Error: [Callstack] 0x00007ff84547c43f UE4Editor-Engine.dll!UnknownFunction []
[2020.06.24-19.50.02:954][955]LogWindows: Error: [Callstack] 0x00007ff845486cd7 UE4Editor-Engine.dll!UnknownFunction []
[2020.06.24-19.50.02:954][955]LogWindows: Error: [Callstack] 0x00007ff84277a737 UE4Editor-UnrealEd.dll!UnknownFunction []
[2020.06.24-19.50.02:954][955]LogWindows: Error: [Callstack] 0x00007ff8430500d6 UE4Editor-UnrealEd.dll!UnknownFunction []
[2020.06.24-19.50.02:954][955]LogWindows: Error: [Callstack] 0x00007ff66bd77800 UE4Editor.exe!UnknownFunction []
[2020.06.24-19.50.02:954][955]LogWindows: Error: [Callstack] 0x00007ff66bd8ba7c UE4Editor.exe!UnknownFunction []
[2020.06.24-19.50.02:956][955]LogWindows: Error: [Callstack] 0x00007ff66bd8bb5a UE4Editor.exe!UnknownFunction []
[2020.06.24-19.50.02:956][955]LogWindows: Error: [Callstack] 0x00007ff66bd9e31d UE4Editor.exe!UnknownFunction []
[2020.06.24-19.50.02:956][955]LogWindows: Error: [Callstack] 0x00007ff66bda145a UE4Editor.exe!UnknownFunction []
[2020.06.24-19.50.02:956][955]LogWindows: Error: [Callstack] 0x00007ff8aca27bd4 KERNEL32.DLL!UnknownFunction []
[2020.06.24-19.50.02:956][955]LogWindows: Error: [Callstack] 0x00007ff8ae9cce51 ntdll.dll!UnknownFunction []
[2020.06.24-19.50.02:956][955]LogWindows: Error: 
[2020.06.24-19.50.03:024][955]LogExit: Executing StaticShutdownAfterError
[2020.06.24-19.50.03:027][955]LogWindows: FPlatformMisc::RequestExit(1)
[2020.06.24-19.50.03:027][955]LogCore: Engine exit requested (reason: Win RequestExit)
[2020.06.24-19.50.03:056][955]Log file closed, 06/24/20 11:50:03
